06:09:40.442 [main] INFO  resources.base - User Have Successfully Login To The Home Page
06:09:46.883 [main] INFO  resources.base - User Have Successfully reached the favorites Page
06:10:05.396 [main] INFO  resources.base - user is searching printer using the search textbox
06:10:05.417 [main] INFO  resources.base - User Have Successfully reached the printer search listing page
06:10:05.500 [main] INFO  resources.base - Search result data is Appearing on the Search Result Page
06:10:17.343 [main] INFO  resources.base - User Have Successfully reached the PDP Page
06:10:46.483 [main] INFO  resources.base - Recently Viewed Page is Opened
06:10:49.607 [main] INFO  resources.base - User has clicked the Logo from the footer of the page
06:10:49.620 [main] INFO  resources.base - User Have reached the Home Page clicking on the footer Logo
06:10:53.264 [main] INFO  resources.base - User has clicked on the My Profile page from My Account dropdown
06:10:53.280 [main] INFO  resources.base - User has clicked on the My Profile page from My Account dropdown
06:10:56.962 [main] INFO  resources.base - User has clicked on the My Profile page from My Account dropdown
06:10:58.789 [main] INFO  resources.base - User has clicked the Logo from the header of the page
06:10:58.811 [main] INFO  resources.base - User Have reached the Home Page clicking on the Header Logo
06:11:03.415 [main] INFO  resources.base - User has clicked on the Standard Catalog Navigation button from header
06:11:03.426 [main] INFO  resources.base - User Have reached the Standard Catalog Page
06:11:22.201 [main] INFO  resources.base - User has clicked on the 1st Standard Product appearing and reached the PDP Page
06:11:31.151 [main] INFO  resources.base - User has clicked on the All Product Nevigation button from the header
06:11:31.167 [main] INFO  resources.base - User Have reached the All Product Page
06:11:40.175 [main] INFO  resources.base - User has clicked on Audio Cables Category From All Products Page
06:11:40.190 [main] INFO  resources.base - User Have reached the Audio Cables Category Page
06:11:52.700 [main] INFO  resources.base - User has clicked on Resouces link from the header
06:11:52.709 [main] INFO  resources.base - User Have reached the Resources Page
06:12:01.192 [main] INFO  resources.base - User has clicked on Special Offer Link from the header
06:12:01.203 [main] INFO  resources.base - User Have reached the Special Offer Page
06:12:06.443 [main] INFO  resources.base - User has clicked on Cart Icon from the header
06:12:06.466 [main] INFO  resources.base - User Have reached the Shopping Cart Page
06:13:02.608 [main] INFO  resources.base - element not visible
  (Session info: chrome=67.0.3396.99)
  (Driver info: chromedriver=2.36.540470 (e522d04694c7ebea4ba8821272dbef4f9b818c91),platform=Windows NT 10.0.17134 x86_64) (WARNING: The server did not provide any stacktrace information)
Command duration or timeout: 0 milliseconds
Build info: version: '3.8.1', revision: '6e95a6684b', time: '2017-12-01T18:33:54.468Z'
System info: host: 'DESKTOP-B75F35K', ip: '10.0.2.15', os.name: 'Windows 10', os.arch: 'amd64', os.version: '10.0', java.version: '1.8.0_171'
Driver info: org.openqa.selenium.chrome.ChromeDriver
Capabilities {acceptInsecureCerts: false, acceptSslCerts: false, applicationCacheEnabled: false, browserConnectionEnabled: false, browserName: chrome, chrome: {chromedriverVersion: 2.36.540470 (e522d04694c7eb..., userDataDir: C:\Users\bilaw\AppData\Loca...}, cssSelectorsEnabled: true, databaseEnabled: false, handlesAlerts: true, hasTouchScreen: false, javascriptEnabled: true, locationContextEnabled: true, mobileEmulationEnabled: false, nativeEvents: true, networkConnectionEnabled: false, pageLoadStrategy: normal, platform: XP, platformName: XP, rotatable: false, setWindowRect: true, takesHeapSnapshot: true, takesScreenshot: true, unexpectedAlertBehaviour: , unhandledPromptBehavior: , version: 67.0.3396.99, webStorageEnabled: true}
Session ID: c4b2f52bfba53e17a41ae1e859223e00
06:13:07.637 [main] INFO  resources.base - User Have reached the order confirmation page after placing the order
06:13:10.791 [main] INFO  resources.base - User has clicked the Logo from the header of the page
06:13:20.801 [main] INFO  resources.base - User Have reached the Home Page clicking on the Header Logo
06:13:23.236 [main] INFO  resources.base - User has clicked the Logo from the footer of the page
06:13:23.250 [main] INFO  resources.base - User Have reached the Home Page clicking on the footer Logo
06:13:28.341 [main] INFO  resources.base - User has clicked on the Standard Catalog Link from the footer of the page
06:13:38.356 [main] INFO  resources.base - User Have reached the Standard Product page after clicking on the Standard Catalog Link from the footer of the page
06:13:41.652 [main] INFO  resources.base - User has clicked on the All product Link from the footer of the page
06:13:51.660 [main] INFO  resources.base - User Have reached the All Product page after clicking on the Standard Catalog Link from the footer of the page
06:13:57.930 [main] INFO  resources.base - User has clicked on the resources  Link from the footer of the page
06:14:12.938 [main] INFO  resources.base - User Have reached the resources page after clicking on the resources Link from the footer of the page
06:14:21.010 [main] INFO  resources.base - User has clicked on the Special offer Link from the footer of the page
06:14:31.075 [main] INFO  resources.base - User Have reached the Special offer after clicking on the Special offer Link from the footer of the page
06:14:33.693 [main] INFO  resources.base - User has clicked on the Special offer Link from the footer of the page
06:14:43.724 [main] INFO  resources.base - User Have reached the Favorites after clicking on the Favorites Link from the footer of the page
06:14:51.285 [main] INFO  resources.base - User has clicked on the Track button from the header of the page
06:14:51.508 [main] INFO  resources.base - User have reached the Track page after clicking on the Track button from the header of the page
06:14:58.890 [main] INFO  resources.base - User has clicked on the order button from the header of the page
06:15:08.898 [main] INFO  resources.base - User have reached the Order page after clicking on the Order button from the header of the page
06:15:37.469 [main] INFO  resources.base - User has clicked on the Purchase Analysis button from the header of the page
06:15:37.711 [main] INFO  resources.base - User have reached the Purchase Analysis page after clicking on the Purchase Analysis button from the header of the page
06:15:37.942 [main] INFO  resources.base - User have clicked on email icon on purchase analysis Page
06:15:38.179 [main] INFO  resources.base - User have entered the email on email field at purchase analysis Page
06:15:38.448 [main] INFO  resources.base - User have click on Send button at email popup screen at purchase analysis Page
06:15:48.671 [main] INFO  resources.base - User has clicked on the Calendar button from the header of the page
06:15:48.684 [main] INFO  resources.base - User have reached the  Calendar page after clicking on the Calendar button from the header of the page
06:16:23.406 [main] INFO  resources.base - User have reached the expiration report after clicking on the report button from the Calendar page from monthly view tab
06:16:50.196 [main] INFO  resources.base - User have reached the expiration report after clicking on the report button from the Calendar page from Detail view tab
06:16:57.832 [main] INFO  resources.base - User has clicked on the Saved Report icon from the header of the page
06:16:57.858 [main] INFO  resources.base - User have reached the  Saved Report page after clicking on the Saved Report icon from the header of the page
06:17:02.325 [main] INFO  resources.base - user is searching printer using the search textbox
06:17:26.486 [main] INFO  resources.base - User Have Successfully reached the Compare page
06:22:48.280 [main] INFO  resources.base - User Have Successfully Login To The Home Page
06:22:53.152 [main] INFO  resources.base - User Have Successfully reached the favorites Page
06:23:12.742 [main] INFO  resources.base - user is searching printer using the search textbox
06:23:12.754 [main] INFO  resources.base - User Have Successfully reached the printer search listing page
06:23:12.878 [main] INFO  resources.base - Search result data is Appearing on the Search Result Page
06:23:22.562 [main] INFO  resources.base - User Have Successfully reached the PDP Page
06:23:46.678 [main] INFO  resources.base - Recently Viewed Page is Opened
06:23:49.120 [main] INFO  resources.base - User has clicked the Logo from the footer of the page
06:23:49.133 [main] INFO  resources.base - User Have reached the Home Page clicking on the footer Logo
06:23:51.443 [main] INFO  resources.base - User has clicked on the My Profile page from My Account dropdown
06:23:51.458 [main] INFO  resources.base - User has clicked on the My Profile page from My Account dropdown
06:23:53.778 [main] INFO  resources.base - User has clicked on the My Profile page from My Account dropdown
06:23:55.574 [main] INFO  resources.base - User has clicked the Logo from the header of the page
06:23:55.604 [main] INFO  resources.base - User Have reached the Home Page clicking on the Header Logo
06:23:58.424 [main] INFO  resources.base - User has clicked on the Standard Catalog Navigation button from header
06:23:58.438 [main] INFO  resources.base - User Have reached the Standard Catalog Page
06:24:13.038 [main] INFO  resources.base - User has clicked on the 1st Standard Product appearing and reached the PDP Page
06:24:21.590 [main] INFO  resources.base - User has clicked on the All Product Nevigation button from the header
06:24:21.599 [main] INFO  resources.base - User Have reached the All Product Page
06:24:26.691 [main] INFO  resources.base - User has clicked on Audio Cables Category From All Products Page
06:24:26.701 [main] INFO  resources.base - User Have reached the Audio Cables Category Page
06:24:38.948 [main] INFO  resources.base - User has clicked on Resouces link from the header
06:24:38.958 [main] INFO  resources.base - User Have reached the Resources Page
06:24:46.254 [main] INFO  resources.base - User has clicked on Special Offer Link from the header
06:24:46.262 [main] INFO  resources.base - User Have reached the Special Offer Page
06:24:49.007 [main] INFO  resources.base - User has clicked on Cart Icon from the header
06:24:49.038 [main] INFO  resources.base - User Have reached the Shopping Cart Page
06:25:39.804 [main] INFO  resources.base - user has clicked on the Close button on Java Alert Popup Page
06:25:44.814 [main] ERROR resources.base - User have not reached the order confirmation page
06:25:44.814 [main] ERROR resources.base - expected [Order Confirmation - MarkITplace] but found [Checkout - MarkITplace]
06:25:47.516 [main] INFO  resources.base - User has clicked the Logo from the header of the page
06:25:57.595 [main] INFO  resources.base - User Have reached the Home Page clicking on the Header Logo
06:26:00.354 [main] INFO  resources.base - User has clicked the Logo from the footer of the page
06:26:00.362 [main] INFO  resources.base - User Have reached the Home Page clicking on the footer Logo
06:26:02.468 [main] INFO  resources.base - User has clicked on the Standard Catalog Link from the footer of the page
05:57:59.486 [main] INFO  resources.base - User Have reached the Standard Product page after clicking on the Standard Catalog Link from the footer of the page
05:58:01.336 [main] INFO  resources.base - User has clicked on the All product Link from the footer of the page
05:58:11.365 [main] INFO  resources.base - User Have reached the All Product page after clicking on the Standard Catalog Link from the footer of the page
05:58:23.056 [main] INFO  resources.base - User has clicked on the resources  Link from the footer of the page
05:58:38.081 [main] INFO  resources.base - User Have reached the resources page after clicking on the resources Link from the footer of the page
05:58:46.261 [main] INFO  resources.base - User has clicked on the Special offer Link from the footer of the page
05:58:56.351 [main] INFO  resources.base - User Have reached the Special offer after clicking on the Special offer Link from the footer of the page
05:58:58.324 [main] INFO  resources.base - User has clicked on the Special offer Link from the footer of the page
05:59:08.408 [main] INFO  resources.base - User Have reached the Favorites after clicking on the Favorites Link from the footer of the page
05:59:16.347 [main] INFO  resources.base - User has clicked on the Track button from the header of the page
05:59:16.373 [main] INFO  resources.base - User have reached the Track page after clicking on the Track button from the header of the page
05:59:21.789 [main] INFO  resources.base - User has clicked on the order button from the header of the page
05:59:31.863 [main] INFO  resources.base - User have reached the Order page after clicking on the Order button from the header of the page
05:59:47.775 [main] INFO  resources.base - User has clicked on the Purchase Analysis button from the header of the page
05:59:47.823 [main] INFO  resources.base - User have reached the Purchase Analysis page after clicking on the Purchase Analysis button from the header of the page
05:59:48.192 [main] INFO  resources.base - User have clicked on email icon on purchase analysis Page
05:59:48.431 [main] INFO  resources.base - User have entered the email on email field at purchase analysis Page
05:59:48.701 [main] INFO  resources.base - User have click on Send button at email popup screen at purchase analysis Page
05:59:53.405 [main] INFO  resources.base - User has clicked on the Calendar button from the header of the page
05:59:53.414 [main] INFO  resources.base - User have reached the  Calendar page after clicking on the Calendar button from the header of the page
06:00:08.881 [main] INFO  resources.base - User have reached the expiration report after clicking on the report button from the Calendar page from monthly view tab
06:00:22.003 [main] INFO  resources.base - User have reached the expiration report after clicking on the report button from the Calendar page from Detail view tab
06:00:29.566 [main] INFO  resources.base - User has clicked on the Saved Report icon from the header of the page
06:00:29.581 [main] INFO  resources.base - User have reached the  Saved Report page after clicking on the Saved Report icon from the header of the page
06:00:38.013 [main] INFO  resources.base - user is searching printer using the search textbox
06:01:19.556 [main] INFO  resources.base - User Have Successfully reached the Compare page
06:15:07.079 [main] INFO  resources.base - User Have Successfully Login To The Home Page
06:15:14.344 [main] INFO  resources.base - User Have Successfully reached the favorites Page
06:15:36.156 [main] INFO  resources.base - user is searching printer using the search textbox
06:15:36.168 [main] INFO  resources.base - User Have Successfully reached the printer search listing page
06:15:36.254 [main] INFO  resources.base - Search result data is Appearing on the Search Result Page
06:15:51.132 [main] INFO  resources.base - User Have Successfully reached the PDP Page
06:16:16.360 [main] INFO  resources.base - Recently Viewed Page is Opened
06:16:19.963 [main] INFO  resources.base - User has clicked the Logo from the footer of the page
06:16:19.970 [main] INFO  resources.base - User Have reached the Home Page clicking on the footer Logo
06:16:22.518 [main] INFO  resources.base - User has clicked on the My Profile page from My Account dropdown
06:16:22.537 [main] INFO  resources.base - User has clicked on the My Profile page from My Account dropdown
06:16:25.268 [main] INFO  resources.base - User has clicked on the My Profile page from My Account dropdown
06:16:27.459 [main] INFO  resources.base - User has clicked the Logo from the header of the page
06:16:27.483 [main] INFO  resources.base - User Have reached the Home Page clicking on the Header Logo
06:16:30.746 [main] INFO  resources.base - User has clicked on the Standard Catalog Navigation button from header
06:16:30.777 [main] INFO  resources.base - User Have reached the Standard Catalog Page
06:16:47.678 [main] INFO  resources.base - User has clicked on the 1st Standard Product appearing and reached the PDP Page
06:16:56.407 [main] INFO  resources.base - User has clicked on the All Product Nevigation button from the header
06:16:56.417 [main] INFO  resources.base - User Have reached the All Product Page
06:17:00.428 [main] INFO  resources.base - User has clicked on Audio Cables Category From All Products Page
06:17:00.445 [main] INFO  resources.base - User Have reached the Audio Cables Category Page
06:17:17.418 [main] INFO  resources.base - User has clicked on Resouces link from the header
06:17:17.433 [main] INFO  resources.base - User Have reached the Resources Page
06:17:27.760 [main] INFO  resources.base - User has clicked on Special Offer Link from the header
06:17:27.769 [main] INFO  resources.base - User Have reached the Special Offer Page
06:17:31.814 [main] INFO  resources.base - User has clicked on Cart Icon from the header
06:17:31.849 [main] INFO  resources.base - User Have reached the Shopping Cart Page
06:18:05.185 [main] INFO  resources.base - User has clicked the Logo from the header of the page
06:18:15.229 [main] INFO  resources.base - User Have reached the Home Page clicking on the Header Logo
06:18:18.174 [main] INFO  resources.base - User has clicked the Logo from the footer of the page
06:18:18.199 [main] INFO  resources.base - User Have reached the Home Page clicking on the footer Logo
06:18:21.516 [main] INFO  resources.base - User has clicked on the Standard Catalog Link from the footer of the page
06:18:31.568 [main] INFO  resources.base - User Have reached the Standard Product page after clicking on the Standard Catalog Link from the footer of the page
06:18:34.844 [main] INFO  resources.base - User has clicked on the All product Link from the footer of the page
06:18:44.869 [main] INFO  resources.base - User Have reached the All Product page after clicking on the Standard Catalog Link from the footer of the page
06:18:52.520 [main] INFO  resources.base - User has clicked on the resources  Link from the footer of the page
06:19:07.559 [main] INFO  resources.base - User Have reached the resources page after clicking on the resources Link from the footer of the page
06:19:21.441 [main] INFO  resources.base - User has clicked on the Special offer Link from the footer of the page
06:19:31.542 [main] INFO  resources.base - User Have reached the Special offer after clicking on the Special offer Link from the footer of the page
06:19:34.465 [main] INFO  resources.base - User has clicked on the Special offer Link from the footer of the page
06:19:44.521 [main] INFO  resources.base - User Have reached the Favorites after clicking on the Favorites Link from the footer of the page
06:19:53.032 [main] INFO  resources.base - User has clicked on the Track button from the header of the page
06:19:53.092 [main] INFO  resources.base - User have reached the Track page after clicking on the Track button from the header of the page
06:20:11.564 [main] INFO  resources.base - User has clicked on the order button from the header of the page
06:20:21.641 [main] INFO  resources.base - User have reached the Order page after clicking on the Order button from the header of the page
06:20:36.346 [main] INFO  resources.base - User has clicked on the Purchase Analysis button from the header of the page
06:20:36.606 [main] INFO  resources.base - User have reached the Purchase Analysis page after clicking on the Purchase Analysis button from the header of the page
06:20:36.837 [main] INFO  resources.base - User have clicked on email icon on purchase analysis Page
06:20:37.174 [main] INFO  resources.base - User have entered the email on email field at purchase analysis Page
06:20:37.482 [main] INFO  resources.base - User have click on Send button at email popup screen at purchase analysis Page
06:20:44.143 [main] INFO  resources.base - User has clicked on the Calendar button from the header of the page
06:20:44.165 [main] INFO  resources.base - User have reached the  Calendar page after clicking on the Calendar button from the header of the page
06:21:05.766 [main] INFO  resources.base - User have reached the expiration report after clicking on the report button from the Calendar page from monthly view tab
06:21:38.976 [main] INFO  resources.base - User have reached the expiration report after clicking on the report button from the Calendar page from Detail view tab
06:21:52.219 [main] INFO  resources.base - User has clicked on the Saved Report icon from the header of the page
06:21:52.237 [main] INFO  resources.base - User have reached the  Saved Report page after clicking on the Saved Report icon from the header of the page
06:21:58.208 [main] INFO  resources.base - user is searching printer using the search textbox
06:22:20.310 [main] INFO  resources.base - User Have Successfully reached the Compare page
23:17:10.512 [main] INFO  resources.base - User Have Successfully Login To The Home Page
23:17:16.579 [main] INFO  resources.base - User Have Successfully reached the favorites Page
23:17:35.330 [main] INFO  resources.base - user is searching printer using the search textbox
23:17:35.353 [main] INFO  resources.base - User Have Successfully reached the printer search listing page
23:17:35.432 [main] INFO  resources.base - Search result data is Appearing on the Search Result Page
23:17:45.267 [main] INFO  resources.base - User Have Successfully reached the PDP Page
23:18:26.772 [main] INFO  resources.base - Recently Viewed Page is Opened
23:18:30.076 [main] INFO  resources.base - User has clicked the Logo from the footer of the page
23:18:30.086 [main] INFO  resources.base - User Have reached the Home Page clicking on the footer Logo
23:18:32.855 [main] INFO  resources.base - User has clicked on the My Profile page from My Account dropdown
23:18:32.864 [main] INFO  resources.base - User has clicked on the My Profile page from My Account dropdown
23:18:35.658 [main] INFO  resources.base - User has clicked on the My Profile page from My Account dropdown
23:18:38.125 [main] INFO  resources.base - User has clicked the Logo from the header of the page
23:18:38.143 [main] INFO  resources.base - User Have reached the Home Page clicking on the Header Logo
23:18:41.619 [main] INFO  resources.base - User has clicked on the Standard Catalog Navigation button from header
23:18:41.631 [main] INFO  resources.base - User Have reached the Standard Catalog Page
23:18:59.849 [main] ERROR resources.base - No standard Product found to click
23:18:59.849 [main] ERROR resources.base - expected [HP Officejet Pro 8710 All-in-One - Multifunction printer - MarkITplace] but found [HP LaserJet Pro M402dne - Printer - MarkITplace]
23:19:04.964 [main] INFO  resources.base - User has clicked on the All Product Nevigation button from the header
23:19:04.975 [main] INFO  resources.base - User Have reached the All Product Page
23:19:09.092 [main] INFO  resources.base - User has clicked on Audio Cables Category From All Products Page
23:19:09.102 [main] INFO  resources.base - User Have reached the Audio Cables Category Page
23:19:21.399 [main] INFO  resources.base - User has clicked on Resouces link from the header
23:19:21.408 [main] INFO  resources.base - User Have reached the Resources Page
23:19:30.896 [main] INFO  resources.base - User has clicked on Special Offer Link from the header
23:19:30.908 [main] INFO  resources.base - User Have reached the Special Offer Page
23:19:34.424 [main] INFO  resources.base - User has clicked on Cart Icon from the header
23:19:34.458 [main] INFO  resources.base - User Have reached the Shopping Cart Page
23:19:47.897 [main] INFO  resources.base - User has clicked the Logo from the header of the page
23:19:57.966 [main] INFO  resources.base - User Have reached the Home Page clicking on the Header Logo
23:20:00.812 [main] INFO  resources.base - User has clicked the Logo from the footer of the page
23:20:00.875 [main] INFO  resources.base - User Have reached the Home Page clicking on the footer Logo
23:20:04.113 [main] INFO  resources.base - User has clicked on the Standard Catalog Link from the footer of the page
23:20:14.150 [main] INFO  resources.base - User Have reached the Standard Product page after clicking on the Standard Catalog Link from the footer of the page
23:20:17.017 [main] INFO  resources.base - User has clicked on the All product Link from the footer of the page
23:20:27.057 [main] INFO  resources.base - User Have reached the All Product page after clicking on the Standard Catalog Link from the footer of the page
23:20:33.504 [main] INFO  resources.base - User has clicked on the resources  Link from the footer of the page
23:20:48.531 [main] INFO  resources.base - User Have reached the resources page after clicking on the resources Link from the footer of the page
23:20:54.001 [main] INFO  resources.base - User has clicked on the Special offer Link from the footer of the page
23:21:04.068 [main] INFO  resources.base - User Have reached the Special offer after clicking on the Special offer Link from the footer of the page
23:21:07.568 [main] INFO  resources.base - User has clicked on the Special offer Link from the footer of the page
23:21:17.631 [main] INFO  resources.base - User Have reached the Favorites after clicking on the Favorites Link from the footer of the page
23:21:28.920 [main] INFO  resources.base - User has clicked on the Track button from the header of the page
23:21:29.129 [main] INFO  resources.base - User have reached the Track page after clicking on the Track button from the header of the page
23:21:37.418 [main] INFO  resources.base - User has clicked on the order button from the header of the page
23:21:47.427 [main] INFO  resources.base - User have reached the Order page after clicking on the Order button from the header of the page
23:22:16.277 [main] INFO  resources.base - User has clicked on the Purchase Analysis button from the header of the page
23:22:16.582 [main] INFO  resources.base - User have reached the Purchase Analysis page after clicking on the Purchase Analysis button from the header of the page
23:22:16.898 [main] INFO  resources.base - User have clicked on email icon on purchase analysis Page
23:22:17.143 [main] INFO  resources.base - User have entered the email on email field at purchase analysis Page
23:22:17.469 [main] INFO  resources.base - User have click on Send button at email popup screen at purchase analysis Page
23:22:26.026 [main] INFO  resources.base - User has clicked on the Calendar button from the header of the page
23:22:26.033 [main] INFO  resources.base - User have reached the  Calendar page after clicking on the Calendar button from the header of the page
23:22:40.873 [main] INFO  resources.base - User have reached the expiration report after clicking on the report button from the Calendar page from monthly view tab
23:22:58.759 [main] INFO  resources.base - User have reached the expiration report after clicking on the report button from the Calendar page from Detail view tab
23:23:10.015 [main] INFO  resources.base - User has clicked on the Saved Report icon from the header of the page
23:23:10.028 [main] INFO  resources.base - User have reached the  Saved Report page after clicking on the Saved Report icon from the header of the page
23:23:19.504 [main] INFO  resources.base - user is searching printer using the search textbox
23:23:56.025 [main] INFO  resources.base - User Have Successfully reached the Compare page
10:50:38.520 [main] INFO  resources.base - User Have Successfully Login To The Home Page
10:50:43.833 [main] INFO  resources.base - User Have Successfully reached the favorites Page
10:51:00.317 [main] INFO  resources.base - user is searching printer using the search textbox
10:51:00.326 [main] INFO  resources.base - User Have Successfully reached the printer search listing page
10:51:00.389 [main] INFO  resources.base - Search result data is Appearing on the Search Result Page
10:51:10.973 [main] INFO  resources.base - User Have Successfully reached the PDP Page
10:51:33.648 [main] INFO  resources.base - Recently Viewed Page is Opened
10:51:37.336 [main] INFO  resources.base - User has clicked the Logo from the footer of the page
10:51:37.347 [main] INFO  resources.base - User Have reached the Home Page clicking on the footer Logo
10:51:40.235 [main] INFO  resources.base - User has clicked on the My Profile page from My Account dropdown
10:51:40.249 [main] INFO  resources.base - User has clicked on the My Profile page from My Account dropdown
10:51:42.625 [main] INFO  resources.base - User has clicked on the My Profile page from My Account dropdown
10:51:45.167 [main] INFO  resources.base - User has clicked the Logo from the header of the page
10:51:45.199 [main] INFO  resources.base - User Have reached the Home Page clicking on the Header Logo
10:51:48.130 [main] INFO  resources.base - User has clicked on the Standard Catalog Navigation button from header
10:51:48.159 [main] INFO  resources.base - User Have reached the Standard Catalog Page
10:52:04.026 [main] ERROR resources.base - No standard Product found to click
10:52:04.026 [main] ERROR resources.base - expected [HP Officejet Pro 8710 All-in-One - Multifunction printer - MarkITplace] but found [HP LaserJet Pro M402dne - Printer - MarkITplace]
10:52:12.617 [main] INFO  resources.base - User has clicked on the All Product Nevigation button from the header
10:52:12.628 [main] INFO  resources.base - User Have reached the All Product Page
10:52:25.378 [main] INFO  resources.base - User has clicked on Audio Cables Category From All Products Page
10:52:25.388 [main] INFO  resources.base - User Have reached the Audio Cables Category Page
10:52:40.056 [main] INFO  resources.base - User has clicked on Resouces link from the header
10:52:40.066 [main] INFO  resources.base - User Have reached the Resources Page
10:52:47.829 [main] INFO  resources.base - User has clicked on Special Offer Link from the header
10:52:47.836 [main] INFO  resources.base - User Have reached the Special Offer Page
10:52:51.124 [main] INFO  resources.base - User has clicked on Cart Icon from the header
10:52:51.158 [main] INFO  resources.base - User Have reached the Shopping Cart Page
10:53:04.437 [main] INFO  resources.base - User has clicked the Logo from the header of the page
10:53:14.451 [main] INFO  resources.base - User Have reached the Home Page clicking on the Header Logo
10:53:17.489 [main] INFO  resources.base - User has clicked the Logo from the footer of the page
10:53:17.495 [main] INFO  resources.base - User Have reached the Home Page clicking on the footer Logo
10:53:20.337 [main] INFO  resources.base - User has clicked on the Standard Catalog Link from the footer of the page
10:53:30.353 [main] INFO  resources.base - User Have reached the Standard Product page after clicking on the Standard Catalog Link from the footer of the page
10:53:32.982 [main] INFO  resources.base - User has clicked on the All product Link from the footer of the page
10:53:42.991 [main] INFO  resources.base - User Have reached the All Product page after clicking on the Standard Catalog Link from the footer of the page
10:53:49.670 [main] INFO  resources.base - User has clicked on the resources  Link from the footer of the page
10:54:04.691 [main] INFO  resources.base - User Have reached the resources page after clicking on the resources Link from the footer of the page
10:54:09.974 [main] INFO  resources.base - User has clicked on the Special offer Link from the footer of the page
10:54:19.995 [main] INFO  resources.base - User Have reached the Special offer after clicking on the Special offer Link from the footer of the page
10:54:22.343 [main] INFO  resources.base - User has clicked on the Special offer Link from the footer of the page
10:54:32.363 [main] INFO  resources.base - User Have reached the Favorites after clicking on the Favorites Link from the footer of the page
10:54:40.865 [main] INFO  resources.base - User has clicked on the Track button from the header of the page
10:54:40.905 [main] INFO  resources.base - User have reached the Track page after clicking on the Track button from the header of the page
10:54:47.985 [main] INFO  resources.base - User has clicked on the order button from the header of the page
10:54:58.021 [main] INFO  resources.base - User have reached the Order page after clicking on the Order button from the header of the page
10:55:08.274 [main] INFO  resources.base - User has clicked on the Purchase Analysis button from the header of the page
10:55:08.559 [main] INFO  resources.base - User have reached the Purchase Analysis page after clicking on the Purchase Analysis button from the header of the page
10:55:08.695 [main] INFO  resources.base - User have clicked on email icon on purchase analysis Page
10:55:08.995 [main] INFO  resources.base - User have entered the email on email field at purchase analysis Page
10:55:09.242 [main] INFO  resources.base - User have click on Send button at email popup screen at purchase analysis Page
10:55:14.179 [main] INFO  resources.base - User has clicked on the Calendar button from the header of the page
10:55:14.189 [main] INFO  resources.base - User have reached the  Calendar page after clicking on the Calendar button from the header of the page
10:55:29.107 [main] INFO  resources.base - User have reached the expiration report after clicking on the report button from the Calendar page from monthly view tab
10:55:42.237 [main] INFO  resources.base - User have reached the expiration report after clicking on the report button from the Calendar page from Detail view tab
10:55:46.916 [main] INFO  resources.base - User has clicked on the Saved Report icon from the header of the page
10:55:46.924 [main] INFO  resources.base - User have reached the  Saved Report page after clicking on the Saved Report icon from the header of the page
10:55:50.300 [main] INFO  resources.base - user is searching printer using the search textbox
10:56:11.785 [main] INFO  resources.base - User Have Successfully reached the Compare page
15:29:12.456 [main] INFO  resources.base - User Have Successfully Login To The Home Page
15:29:19.822 [main] INFO  resources.base - User Have Successfully reached the favorites Page
15:29:36.993 [main] INFO  resources.base - user is searching printer using the search textbox
15:29:37.005 [main] INFO  resources.base - User Have Successfully reached the printer search listing page
15:29:37.073 [main] INFO  resources.base - Search result data is Appearing on the Search Result Page
15:29:49.755 [main] INFO  resources.base - User Have Successfully reached the PDP Page
15:30:14.903 [main] INFO  resources.base - Recently Viewed Page is Opened
15:30:20.460 [main] INFO  resources.base - User has clicked the Logo from the footer of the page
15:30:20.504 [main] INFO  resources.base - User Have reached the Home Page clicking on the footer Logo
15:30:23.406 [main] INFO  resources.base - User has clicked on the My Profile page from My Account dropdown
15:30:23.416 [main] INFO  resources.base - User has clicked on the My Profile page from My Account dropdown
15:30:26.091 [main] INFO  resources.base - User has clicked on the My Profile page from My Account dropdown
15:30:28.496 [main] INFO  resources.base - User has clicked the Logo from the header of the page
15:30:28.504 [main] INFO  resources.base - User Have reached the Home Page clicking on the Header Logo
15:30:32.452 [main] INFO  resources.base - User has clicked on the Standard Catalog Navigation button from header
15:30:32.474 [main] INFO  resources.base - User Have reached the Standard Catalog Page
15:30:50.718 [main] ERROR resources.base - No standard Product found to click
15:30:50.718 [main] ERROR resources.base - expected [HP Officejet Pro 8710 All-in-One - Multifunction printer - MarkITplace] but found [HP LaserJet Pro M402dne - Printer - MarkITplace]
15:31:02.540 [main] INFO  resources.base - User has clicked on the All Product Nevigation button from the header
15:31:02.551 [main] INFO  resources.base - User Have reached the All Product Page
15:31:11.874 [main] INFO  resources.base - User has clicked on Audio Cables Category From All Products Page
15:31:11.885 [main] INFO  resources.base - User Have reached the Audio Cables Category Page
15:31:40.281 [main] INFO  resources.base - User has clicked on Resouces link from the header
15:31:40.311 [main] INFO  resources.base - User Have reached the Resources Page
15:31:49.514 [main] INFO  resources.base - User has clicked on Special Offer Link from the header
15:31:49.525 [main] INFO  resources.base - User Have reached the Special Offer Page
15:31:54.127 [main] INFO  resources.base - User has clicked on Cart Icon from the header
15:31:54.138 [main] INFO  resources.base - User Have reached the Shopping Cart Page
15:31:58.118 [main] INFO  resources.base - User has clicked the Logo from the header of the page
15:32:08.140 [main] INFO  resources.base - User Have reached the Home Page clicking on the Header Logo
15:32:11.759 [main] INFO  resources.base - User has clicked the Logo from the footer of the page
15:32:11.785 [main] INFO  resources.base - User Have reached the Home Page clicking on the footer Logo
15:32:15.923 [main] INFO  resources.base - User has clicked on the Standard Catalog Link from the footer of the page
15:32:25.949 [main] INFO  resources.base - User Have reached the Standard Product page after clicking on the Standard Catalog Link from the footer of the page
15:32:32.632 [main] INFO  resources.base - User has clicked on the All product Link from the footer of the page
15:32:42.643 [main] INFO  resources.base - User Have reached the All Product page after clicking on the Standard Catalog Link from the footer of the page
15:32:50.652 [main] INFO  resources.base - User has clicked on the resources  Link from the footer of the page
15:33:05.667 [main] INFO  resources.base - User Have reached the resources page after clicking on the resources Link from the footer of the page
15:33:12.356 [main] INFO  resources.base - User has clicked on the Special offer Link from the footer of the page
15:33:22.372 [main] INFO  resources.base - User Have reached the Special offer after clicking on the Special offer Link from the footer of the page
15:33:25.632 [main] INFO  resources.base - User has clicked on the Special offer Link from the footer of the page
15:33:35.649 [main] INFO  resources.base - User Have reached the Favorites after clicking on the Favorites Link from the footer of the page
15:33:48.196 [main] INFO  resources.base - User has clicked on the Track button from the header of the page
15:33:48.465 [main] INFO  resources.base - User have reached the Track page after clicking on the Track button from the header of the page
15:33:56.016 [main] INFO  resources.base - User has clicked on the order button from the header of the page
15:34:06.034 [main] INFO  resources.base - User have reached the Order page after clicking on the Order button from the header of the page
15:34:25.838 [main] INFO  resources.base - User has clicked on the Purchase Analysis button from the header of the page
15:34:26.067 [main] INFO  resources.base - User have reached the Purchase Analysis page after clicking on the Purchase Analysis button from the header of the page
15:34:26.293 [main] INFO  resources.base - User have clicked on email icon on purchase analysis Page
15:34:26.559 [main] INFO  resources.base - User have entered the email on email field at purchase analysis Page
15:34:26.850 [main] INFO  resources.base - User have click on Send button at email popup screen at purchase analysis Page
15:34:36.159 [main] INFO  resources.base - User has clicked on the Calendar button from the header of the page
15:34:36.175 [main] INFO  resources.base - User have reached the  Calendar page after clicking on the Calendar button from the header of the page
15:35:24.330 [main] INFO  resources.base - User have reached the expiration report after clicking on the report button from the Calendar page from monthly view tab
15:35:46.967 [main] INFO  resources.base - User have reached the expiration report after clicking on the report button from the Calendar page from Detail view tab
15:35:50.828 [main] INFO  resources.base - User has clicked on the Saved Report icon from the header of the page
15:35:50.847 [main] INFO  resources.base - User have reached the  Saved Report page after clicking on the Saved Report icon from the header of the page
15:35:57.339 [main] INFO  resources.base - user is searching printer using the search textbox
15:36:39.105 [main] INFO  resources.base - User Have Successfully reached the Compare page
23:32:15.736 [main] ERROR resources.base - User Is Not Being Able To Login
23:32:15.763 [main] ERROR resources.base - expected [Shop - MarkITplace] but found [Standard Products - MarkITplace]
23:32:22.746 [main] INFO  resources.base - User Have Successfully reached the favorites Page
23:32:42.031 [main] INFO  resources.base - user is searching printer using the search textbox
23:32:42.074 [main] INFO  resources.base - User Have Successfully reached the printer search listing page
23:32:42.197 [main] INFO  resources.base - Search result data is Appearing on the Search Result Page
23:32:54.110 [main] INFO  resources.base - User Have Successfully reached the PDP Page
23:33:21.214 [main] INFO  resources.base - Recently Viewed Page is Opened
23:33:24.391 [main] INFO  resources.base - User has clicked the Logo from the footer of the page
23:33:24.419 [main] ERROR resources.base - User not able to reach home clicking on the footer logo
23:33:24.419 [main] ERROR resources.base - expected [Shop - MarkITplace] but found [Standard Products - MarkITplace]
23:33:27.540 [main] INFO  resources.base - User has clicked on the My Profile page from My Account dropdown
23:33:27.555 [main] INFO  resources.base - User has clicked on the My Profile page from My Account dropdown
23:33:30.736 [main] INFO  resources.base - User has clicked on the My Profile page from My Account dropdown
23:33:33.503 [main] INFO  resources.base - User has clicked the Logo from the header of the page
23:33:33.511 [main] ERROR resources.base - User not able to reach home clicking on the header logo
23:33:33.511 [main] ERROR resources.base - expected [Shop - MarkITplace] but found [Standard Products - MarkITplace]
23:33:36.408 [main] INFO  resources.base - User has clicked on the Standard Catalog Navigation button from header
23:33:36.423 [main] INFO  resources.base - User Have reached the Standard Catalog Page
23:33:51.658 [main] INFO  resources.base - User has clicked on the 1st Standard Product appearing and reached the PDP Page
23:33:59.133 [main] INFO  resources.base - User has clicked on the All Product Nevigation button from the header
23:33:59.144 [main] INFO  resources.base - User Have reached the All Product Page
23:34:04.024 [main] INFO  resources.base - User has clicked on Audio Cables Category From All Products Page
23:34:04.044 [main] INFO  resources.base - User Have reached the Audio Cables Category Page
23:34:31.174 [main] INFO  resources.base - User has clicked on Resouces link from the header
23:34:31.191 [main] INFO  resources.base - User Have reached the Resources Page
23:34:31.356 [main] INFO  resources.base - User has clicked on Special Offer Link from the header
23:34:34.852 [main] INFO  resources.base - User Have reached the Special Offer Page
23:34:38.844 [main] INFO  resources.base - User has clicked on Cart Icon from the header
23:34:38.906 [main] INFO  resources.base - User Have reached the Shopping Cart Page
23:34:42.085 [main] INFO  resources.base - User has clicked the Logo from the header of the page
23:34:52.155 [main] ERROR resources.base - User not able to reach home clicking on the header logo
23:34:52.155 [main] ERROR resources.base - expected [Shop - MarkITplace] but found [Standard Products - MarkITplace]
23:34:55.847 [main] INFO  resources.base - User has clicked the Logo from the footer of the page
23:34:55.871 [main] ERROR resources.base - User not able to reach home clicking on the footer logo
23:34:55.872 [main] ERROR resources.base - expected [Shop - MarkITplace] but found [Standard Products - MarkITplace]
23:34:59.524 [main] INFO  resources.base - User has clicked on the Standard Catalog Link from the footer of the page
23:35:09.540 [main] INFO  resources.base - User Have reached the Standard Product page after clicking on the Standard Catalog Link from the footer of the page
23:35:12.252 [main] INFO  resources.base - User has clicked on the All product Link from the footer of the page
23:35:22.284 [main] INFO  resources.base - User Have reached the All Product page after clicking on the Standard Catalog Link from the footer of the page
23:35:28.966 [main] INFO  resources.base - User has clicked on the resources  Link from the footer of the page
23:35:44.001 [main] INFO  resources.base - User Have reached the resources page after clicking on the resources Link from the footer of the page
23:35:50.057 [main] INFO  resources.base - User has clicked on the Special offer Link from the footer of the page
23:36:00.133 [main] INFO  resources.base - User Have reached the Special offer after clicking on the Special offer Link from the footer of the page
23:36:02.700 [main] INFO  resources.base - User has clicked on the Special offer Link from the footer of the page
23:36:12.786 [main] INFO  resources.base - User Have reached the Favorites after clicking on the Favorites Link from the footer of the page
23:36:23.917 [main] INFO  resources.base - User has clicked on the Track button from the header of the page
23:36:24.084 [main] INFO  resources.base - User have reached the Track page after clicking on the Track button from the header of the page
23:36:30.311 [main] INFO  resources.base - User has clicked on the order button from the header of the page
23:36:40.385 [main] INFO  resources.base - User have reached the Order page after clicking on the Order button from the header of the page
23:37:00.298 [main] INFO  resources.base - User has clicked on the Purchase Analysis button from the header of the page
23:37:00.494 [main] INFO  resources.base - User have reached the Purchase Analysis page after clicking on the Purchase Analysis button from the header of the page
23:37:00.691 [main] INFO  resources.base - User have clicked on email icon on purchase analysis Page
23:37:01.035 [main] INFO  resources.base - User have entered the email on email field at purchase analysis Page
23:37:01.301 [main] INFO  resources.base - User have click on Send button at email popup screen at purchase analysis Page
23:37:07.496 [main] INFO  resources.base - User has clicked on the Calendar button from the header of the page
23:37:07.501 [main] INFO  resources.base - User have reached the  Calendar page after clicking on the Calendar button from the header of the page
23:37:21.716 [main] INFO  resources.base - User have reached the expiration report after clicking on the report button from the Calendar page from monthly view tab
23:37:34.576 [main] INFO  resources.base - User have reached the expiration report after clicking on the report button from the Calendar page from Detail view tab
23:37:41.623 [main] INFO  resources.base - User has clicked on the Saved Report icon from the header of the page
23:37:41.630 [main] INFO  resources.base - User have reached the  Saved Report page after clicking on the Saved Report icon from the header of the page
23:37:45.498 [main] INFO  resources.base - user is searching printer using the search textbox
23:38:26.553 [main] INFO  resources.base - User Have Successfully reached the Compare page
23:41:44.292 [main] INFO  resources.base - User Have Successfully Login To The Home Page
23:41:49.844 [main] INFO  resources.base - User Have Successfully reached the favorites Page
23:42:07.120 [main] INFO  resources.base - user is searching printer using the search textbox
23:42:07.138 [main] INFO  resources.base - User Have Successfully reached the printer search listing page
23:42:07.241 [main] INFO  resources.base - Search result data is Appearing on the Search Result Page
23:42:18.436 [main] INFO  resources.base - User Have Successfully reached the PDP Page
23:42:44.797 [main] INFO  resources.base - Recently Viewed Page is Opened
23:42:47.953 [main] INFO  resources.base - User has clicked the Logo from the footer of the page
23:42:47.975 [main] INFO  resources.base - User Have reached the Home Page clicking on the footer Logo
23:42:50.419 [main] INFO  resources.base - User has clicked on the My Profile page from My Account dropdown
23:42:50.439 [main] INFO  resources.base - User has clicked on the My Profile page from My Account dropdown
23:42:53.042 [main] INFO  resources.base - User has clicked on the My Profile page from My Account dropdown
23:42:55.716 [main] INFO  resources.base - User has clicked the Logo from the header of the page
23:42:55.723 [main] INFO  resources.base - User Have reached the Home Page clicking on the Header Logo
23:42:58.731 [main] INFO  resources.base - User has clicked on the Standard Catalog Navigation button from header
