14:11:26.282 [main] INFO  resources.base - User have reached the Standards report after clicking on Standards link from report tab
14:11:48.974 [main] INFO  resources.base - User has clicked on the Saved Report icon from the header of the page
14:11:48.989 [main] INFO  resources.base - User have reached the  Saved Report page after clicking on the Saved Report icon from the header of the page
14:11:50.280 [main] INFO  resources.base - user is searching printer using the search textbox
14:12:00.326 [main] INFO  resources.base - Compare Page not reached
14:13:14.892 [main] ERROR resources.base - Search Result not displaying
14:13:14.892 [main] ERROR resources.base - expected [Hp Laptop - MarkITplace] but found [HP Laptop - MarkITplace]
14:21:17.954 [main] INFO  resources.base - User Have Successfully Login To The Home Page
14:21:19.295 [main] INFO  resources.base - User Have Successfully reached the favorites Page
14:21:33.841 [main] INFO  resources.base - user is searching printer using the search textbox
14:21:33.874 [main] INFO  resources.base - User Have Successfully reached the printer search listing page
14:21:48.963 [main] INFO  resources.base - Search result data is Appearing on the Search Result Page
14:21:51.986 [main] INFO  resources.base - User has clicked on Add to Cart on Third Searched Product
14:21:55.688 [main] INFO  resources.base - Product 1 is successfully added to Cart
14:21:55.765 [main] INFO  resources.base - User has closed the Add to Cart Modal after adding 1st product to cart
14:34:09.408 [main] INFO  resources.base - User Have Successfully Login To The Home Page
14:34:10.790 [main] INFO  resources.base - User Have Successfully reached the favorites Page
14:34:23.579 [main] INFO  resources.base - user is searching printer using the search textbox
14:34:23.589 [main] INFO  resources.base - User Have Successfully reached the printer search listing page
14:34:38.668 [main] INFO  resources.base - Search result data is Appearing on the Search Result Page
14:34:43.801 [main] INFO  resources.base - User has clicked on Add to Cart on Third Searched Product
14:34:52.553 [main] INFO  resources.base - Product 1 is successfully added to Cart
14:34:52.624 [main] INFO  resources.base - User has closed the Add to Cart Modal after adding 1st product to cart
14:35:07.705 [main] INFO  resources.base - User has clicked on Add to Favorites on First Searched Product
14:35:07.705 [main] INFO  resources.base - Product is successfully added to favorites
14:36:52.118 [main] INFO  resources.base - Recently Viewed Page is Opened
14:36:55.178 [main] INFO  resources.base - User has clicked the Logo from the footer of the page
14:36:55.203 [main] INFO  resources.base - User Have reached the Home Page clicking on the footer Logo
14:37:18.325 [main] INFO  resources.base - User has clicked on the My Profile page from My Account dropdown
14:37:18.334 [main] INFO  resources.base - User has clicked on the My Profile page from My Account dropdown
14:37:32.112 [main] INFO  resources.base - User has clicked on the My Profile page from My Account dropdown
14:37:42.028 [main] INFO  resources.base - User has clicked the Logo from the header of the page
14:37:42.035 [main] INFO  resources.base - User Have reached the Home Page clicking on the Header Logo
14:37:48.993 [main] INFO  resources.base - User has clicked on the Standard Catalog Navigation button from header
14:37:49.002 [main] INFO  resources.base - User Have reached the Standard Catalog Page
14:38:50.947 [main] INFO  resources.base - User has clicked on Resouces link from the header
14:38:50.964 [main] INFO  resources.base - User Have reached the Resources Page
14:39:18.663 [main] INFO  resources.base - User has clicked on Special Offer Link from the header
14:39:18.672 [main] INFO  resources.base - User Have reached the Special Offer Page
14:39:28.166 [main] INFO  resources.base - User has clicked on Cart Icon from the header
14:39:28.173 [main] INFO  resources.base - User Have reached the Shopping Cart Page
14:39:31.247 [main] INFO  resources.base - User has clicked on remove link for the 1st product
14:39:36.274 [main] INFO  resources.base - User Have successfull removed the first product
14:40:55.286 [main] INFO  resources.base - element not interactable
  (Session info: chrome=79.0.3945.130)
Build info: version: '3.141.59', revision: 'e82be7d358', time: '2018-11-14T08:17:03'
System info: host: 'ARP-260', ip: '10.0.75.1', os.name: 'Windows 10', os.arch: 'amd64', os.version: '10.0', java.version: '1.8.0_231'
Driver info: org.openqa.selenium.chrome.ChromeDriver
Capabilities {acceptInsecureCerts: false, browserName: chrome, browserVersion: 79.0.3945.130, chrome: {chromedriverVersion: 78.0.3904.70 (edb9c9f3de024..., userDataDir: C:\Users\SAIMA~1.TAB\AppDat...}, goog:chromeOptions: {debuggerAddress: localhost:61850}, javascriptEnabled: true, networkConnectionEnabled: false, pageLoadStrategy: normal, platform: XP, platformName: XP, proxy: Proxy(), setWindowRect: true, strictFileInteractability: false, timeouts: {implicit: 0, pageLoad: 300000, script: 30000}, unhandledPromptBehavior: dismiss and notify}
Session ID: 75a9ed1049d90e617e46e7d1ddeb94ff
14:41:00.293 [main] INFO  resources.base - User have reached the order confirmation page after placing the order
14:41:02.272 [main] INFO  resources.base - User has clicked the Logo from the header of the page
14:41:12.281 [main] INFO  resources.base - User Have reached the Home Page clicking on the Header Logo
14:41:14.466 [main] INFO  resources.base - User has clicked the Logo from the footer of the page
14:41:14.552 [main] INFO  resources.base - User Have reached the Home Page clicking on the footer Logo
14:41:33.734 [main] INFO  resources.base - User has clicked on the All product Link from the footer of the page
14:42:43.393 [main] INFO  resources.base - User has clicked on the Track button from the header of the page
14:42:43.493 [main] INFO  resources.base - User have reached the Track page after clicking on the Track button from the header of the page
14:42:44.008 [main] INFO  resources.base - User has clicked on the order button from the header of the page
14:42:54.016 [main] INFO  resources.base - User have reached the Order page after clicking on the Order button from the header of the page
14:43:34.066 [main] INFO  resources.base - aaaaae
14:43:53.745 [main] INFO  resources.base - User has clicked on the Calendar button from the header of the page
14:43:53.772 [main] INFO  resources.base - User have reached the  Calendar page after clicking on the Calendar button from the header of the page
14:44:40.137 [main] INFO  resources.base - User have reached the expiration report after clicking on the report button from the Calendar page from monthly view tab
14:45:36.788 [main] INFO  resources.base - User has clicked on the Assets report from Report tab
14:45:46.799 [main] INFO  resources.base - User have reached the assets report after clicking on asset link from report tab
14:46:02.970 [main] INFO  resources.base - User has clicked on the Days To Ship report from Report tab
14:46:02.979 [main] INFO  resources.base - User have reached the Days To Ship report after clicking on Days To Ship link from report tab
14:46:09.667 [main] INFO  resources.base - User has clicked on the Expiration report from Report tab
14:46:14.677 [main] INFO  resources.base - User have reached the Expiration report after clicking on Expiration link from report tab
14:46:36.108 [main] INFO  resources.base - User have reached the Inventory report after clicking on Inventory link from report tab
14:46:58.332 [main] INFO  resources.base - User has clicked on the Invoices report from Report tab
14:46:58.339 [main] INFO  resources.base - User have reached the Invoices report after clicking on Invoices link from report tab
14:47:19.856 [main] INFO  resources.base - User has clicked on the Invoice Line report from Report tab
14:47:19.869 [main] INFO  resources.base - User have reached the Invoice Line report after clicking on Invoice Line link from report tab
14:47:31.637 [main] INFO  resources.base - User has clicked on the Licenses report from Report tab
14:47:41.648 [main] INFO  resources.base - User have reached the Licenses report after clicking on Licenses link from report tab
14:48:02.499 [main] INFO  resources.base - User has clicked on the Orders report from Report tab
14:48:12.506 [main] INFO  resources.base - User have reached the Orders report after clicking on Orders link from report tab
14:48:23.747 [main] INFO  resources.base - User has clicked on the Order Line report from Report tab
14:48:33.755 [main] INFO  resources.base - User have reached the Order Line report after clicking on Order Line link from report tab
14:48:40.915 [main] INFO  resources.base - User has clicked on the PARs report from Report tab
14:49:06.319 [main] INFO  resources.base - User has clicked on the Quotes report from Report tab
14:49:27.916 [main] INFO  resources.base - User has clicked on the Receiving Log report from Report tab
14:49:37.949 [main] INFO  resources.base - User have reached the Receiving Log report after clicking on Receiving Log link from report tab
14:49:59.241 [main] INFO  resources.base - User has clicked on the Shipments report from Report tab
14:49:59.263 [main] INFO  resources.base - User have reached the Shipments report after clicking on Shipments link from report tab
14:50:23.397 [main] INFO  resources.base - User has clicked on the Shipments report from Report tab
14:50:23.410 [main] INFO  resources.base - User have reached the Standards report after clicking on Standards link from report tab
14:50:43.911 [main] INFO  resources.base - User has clicked on the Saved Report icon from the header of the page
14:50:43.952 [main] INFO  resources.base - User have reached the  Saved Report page after clicking on the Saved Report icon from the header of the page
14:50:45.412 [main] INFO  resources.base - user is searching printer using the search textbox
14:50:55.458 [main] INFO  resources.base - Compare Page not reached
14:52:06.746 [main] ERROR resources.base - Search Result not displaying
14:52:06.747 [main] ERROR resources.base - expected [Hp Laptop - MarkITplace] but found [HP Laptop - MarkITplace]
14:53:33.928 [main] INFO  resources.base - User Have Successfully Login To The Home Page
14:53:35.375 [main] INFO  resources.base - User Have Successfully reached the favorites Page
14:53:52.976 [main] INFO  resources.base - user is searching printer using the search textbox
14:53:53.010 [main] INFO  resources.base - User Have Successfully reached the printer search listing page
14:55:14.166 [main] INFO  resources.base - User Have Successfully Login To The Home Page
14:56:02.003 [main] INFO  resources.base - User has clicked on Audio Cables Category From All Products Page
14:56:02.019 [main] INFO  resources.base - User Have reached the Audio Cables Category Page
14:56:05.218 [main] INFO  resources.base - User Have Successfully reached the favorites Page
14:57:01.728 [main] INFO  resources.base - User Have Successfully Login To The Home Page
14:57:48.226 [main] INFO  resources.base - User has clicked on Audio Cables Category From All Products Page
14:57:48.236 [main] INFO  resources.base - User Have reached the Audio Cables Category Page
09:26:02.182 [main] ERROR resources.base - Search Result not displaying
09:26:02.185 [main] ERROR resources.base - expected [Hp Laptop - MarkITplace] but found [Shop - MarkITplace]
09:27:37.480 [main] ERROR resources.base - Search Result not displaying
09:27:37.481 [main] ERROR resources.base - expected [Hp Laptop - MarkITplace] but found [Shop - MarkITplace]
09:29:53.375 [main] ERROR resources.base - Search Result not displaying
09:29:53.377 [main] ERROR resources.base - expected [Hp Laptop - MarkITplace] but found [HP Laptop - MarkITplace]
09:35:47.964 [main] ERROR resources.base - Search Result not displaying
09:35:47.966 [main] ERROR resources.base - expected [Hp Laptop - MarkITplace] but found [HP Laptop - MarkITplace]
09:39:15.391 [main] ERROR resources.base - Search Result not displaying
09:39:15.392 [main] ERROR resources.base - expected [Hp Laptop - MarkITplace] but found [HP Laptop - MarkITplace]
09:54:41.613 [main] ERROR resources.base - Search Result not displaying
09:54:41.615 [main] ERROR resources.base - expected [Hp Laptop - MarkITplace] but found [HP Laptop - MarkITplace]
10:02:27.284 [main] ERROR resources.base - Search Result not displaying
10:02:27.285 [main] ERROR resources.base - expected [Hp Laptop - MarkITplace] but found [HP Laptop - MarkITplace]
10:10:16.722 [main] ERROR resources.base - Search Result not displaying
10:10:16.723 [main] ERROR resources.base - expected [Hp Laptop - MarkITplace] but found [HP Laptop - MarkITplace]
10:12:03.782 [main] ERROR resources.base - Search Result not displaying
10:12:03.783 [main] ERROR resources.base - expected [Hp Laptop - MarkITplace] but found [HP Laptop - MarkITplace]
10:15:01.508 [main] ERROR resources.base - Search Result not displaying
10:15:01.514 [main] ERROR resources.base - expected [Hp Laptop - MarkITplace] but found [HP Laptop - MarkITplace]
10:20:30.065 [main] ERROR resources.base - Search Result not displaying
10:20:30.066 [main] ERROR resources.base - expected [Hp Laptop - MarkITplace] but found [HP Laptop - MarkITplace]
10:26:56.741 [main] ERROR resources.base - Search Result not displaying
10:26:56.742 [main] ERROR resources.base - expected [Hp Laptop - MarkITplace] but found [HP Laptop - MarkITplace]
10:29:07.572 [main] ERROR resources.base - Search Result not displaying
10:29:07.573 [main] ERROR resources.base - expected [Hp Laptop - MarkITplace] but found [HP Laptop - MarkITplace]
10:22:52.752 [main] ERROR resources.base - Search Result not displaying
10:22:52.755 [main] ERROR resources.base - expected [Hp Laptop - MarkITplace] but found [HP Laptop - MarkITplace]
15:14:56.532 [main] INFO  resources.base - User Have Successfully Login To The Home Page
15:15:49.186 [main] INFO  resources.base - User has clicked on Audio Cables Category From All Products Page
15:15:49.193 [main] INFO  resources.base - User Have reached the Audio Cables Category Page
15:15:51.682 [main] INFO  resources.base - User Have Successfully reached the favorites Page
15:16:11.584 [main] INFO  resources.base - user is searching printer using the search textbox
15:16:11.592 [main] INFO  resources.base - User Have Successfully reached the printer search listing page
15:16:26.629 [main] INFO  resources.base - Search result data is Appearing on the Search Result Page
15:16:30.437 [main] INFO  resources.base - User has clicked on Add to Cart on Third Searched Product
15:16:34.655 [main] INFO  resources.base - Product 1 is successfully added to Cart
15:16:34.737 [main] INFO  resources.base - User has closed the Add to Cart Modal after adding 1st product to cart
15:16:49.816 [main] INFO  resources.base - User has clicked on Add to Favorites on First Searched Product
15:16:49.816 [main] INFO  resources.base - Product is successfully added to favorites
15:18:31.949 [main] INFO  resources.base - User has clicked the Logo from the footer of the page
15:18:31.967 [main] INFO  resources.base - User Have reached the Home Page clicking on the footer Logo
15:18:56.839 [main] INFO  resources.base - User has clicked on the My Profile page from My Account dropdown
15:18:56.846 [main] INFO  resources.base - User has clicked on the My Profile page from My Account dropdown
15:19:12.187 [main] INFO  resources.base - User has clicked on the My Profile page from My Account dropdown
15:19:24.198 [main] INFO  resources.base - User has clicked the Logo from the header of the page
15:19:24.203 [main] INFO  resources.base - User Have reached the Home Page clicking on the Header Logo
15:19:37.325 [main] INFO  resources.base - User has clicked on the Standard Catalog Navigation button from header
15:19:37.351 [main] INFO  resources.base - User Have reached the Standard Catalog Page
15:20:30.332 [main] INFO  resources.base - User has clicked on Resouces link from the header
15:20:30.364 [main] INFO  resources.base - User Have reached the Resources Page
15:21:00.138 [main] INFO  resources.base - User has clicked on Special Offer Link from the header
15:21:00.145 [main] INFO  resources.base - User Have reached the Special Offer Page
15:21:12.931 [main] INFO  resources.base - User has clicked on Cart Icon from the header
15:21:12.937 [main] INFO  resources.base - User Have reached the Shopping Cart Page
15:21:16.016 [main] INFO  resources.base - User has clicked on remove link for the 1st product
15:21:21.045 [main] INFO  resources.base - User Have successfull removed the first product
15:21:25.228 [main] INFO  resources.base - User has clicked the Logo from the header of the page
15:21:35.235 [main] INFO  resources.base - User Have reached the Home Page clicking on the Header Logo
15:21:44.506 [main] INFO  resources.base - User has clicked the Logo from the footer of the page
15:21:44.567 [main] INFO  resources.base - User Have reached the Home Page clicking on the footer Logo
15:22:13.541 [main] INFO  resources.base - User has clicked on the All product Link from the footer of the page
15:23:50.415 [main] INFO  resources.base - User has clicked on the Track button from the header of the page
15:23:50.524 [main] INFO  resources.base - User have reached the Track page after clicking on the Track button from the header of the page
15:23:52.537 [main] INFO  resources.base - User has clicked on the order button from the header of the page
15:24:02.545 [main] INFO  resources.base - User have reached the Order page after clicking on the Order button from the header of the page
15:25:07.742 [main] INFO  resources.base - aaaaae
15:25:30.541 [main] INFO  resources.base - User has clicked on the Calendar button from the header of the page
15:25:30.569 [main] INFO  resources.base - User have reached the  Calendar page after clicking on the Calendar button from the header of the page
15:26:27.434 [main] INFO  resources.base - User has clicked on the Assets report from Report tab
15:26:37.439 [main] INFO  resources.base - User have reached the assets report after clicking on asset link from report tab
15:27:06.622 [main] INFO  resources.base - User has clicked on the Days To Ship report from Report tab
15:27:06.630 [main] INFO  resources.base - User have reached the Days To Ship report after clicking on Days To Ship link from report tab
15:27:20.244 [main] INFO  resources.base - User has clicked on the Expiration report from Report tab
15:27:25.251 [main] INFO  resources.base - User have reached the Expiration report after clicking on Expiration link from report tab
15:27:50.994 [main] INFO  resources.base - User have reached the Inventory report after clicking on Inventory link from report tab
15:28:17.643 [main] INFO  resources.base - User has clicked on the Invoices report from Report tab
15:28:17.649 [main] INFO  resources.base - User have reached the Invoices report after clicking on Invoices link from report tab
15:28:49.794 [main] INFO  resources.base - User has clicked on the Invoice Line report from Report tab
15:28:49.800 [main] INFO  resources.base - User have reached the Invoice Line report after clicking on Invoice Line link from report tab
15:29:03.126 [main] INFO  resources.base - User has clicked on the Licenses report from Report tab
15:29:13.133 [main] INFO  resources.base - User have reached the Licenses report after clicking on Licenses link from report tab
15:29:33.279 [main] INFO  resources.base - User has clicked on the Orders report from Report tab
15:29:43.285 [main] INFO  resources.base - User have reached the Orders report after clicking on Orders link from report tab
15:29:58.541 [main] INFO  resources.base - User has clicked on the Order Line report from Report tab
15:30:08.547 [main] INFO  resources.base - User have reached the Order Line report after clicking on Order Line link from report tab
15:30:18.951 [main] INFO  resources.base - User has clicked on the PARs report from Report tab
15:30:45.132 [main] INFO  resources.base - User has clicked on the Quotes report from Report tab
15:31:07.388 [main] INFO  resources.base - User has clicked on the Receiving Log report from Report tab
15:31:17.394 [main] INFO  resources.base - User have reached the Receiving Log report after clicking on Receiving Log link from report tab
15:31:43.998 [main] INFO  resources.base - User has clicked on the Shipments report from Report tab
15:31:44.004 [main] INFO  resources.base - User have reached the Shipments report after clicking on Shipments link from report tab
15:32:10.105 [main] INFO  resources.base - User has clicked on the Shipments report from Report tab
15:32:10.114 [main] INFO  resources.base - User have reached the Standards report after clicking on Standards link from report tab
15:32:33.800 [main] INFO  resources.base - User has clicked on the Saved Report icon from the header of the page
15:32:33.837 [main] INFO  resources.base - User have reached the  Saved Report page after clicking on the Saved Report icon from the header of the page
15:32:37.403 [main] INFO  resources.base - user is searching printer using the search textbox
15:32:47.421 [main] INFO  resources.base - Compare Page not reached
15:34:05.765 [main] ERROR resources.base - Search Result not displaying
15:34:05.765 [main] ERROR resources.base - expected [Hp Laptop - MarkITplace] but found [HP Laptop - MarkITplace]
15:44:37.980 [main] ERROR resources.base - Search Result not displaying
15:44:37.982 [main] ERROR resources.base - expected [Hp Laptop - MarkITplace] but found [HP Laptop - MarkITplace]
15:49:51.058 [main] ERROR resources.base - Search Result not displaying
15:49:51.059 [main] ERROR resources.base - expected [Hp Laptop - MarkITplace] but found [HP Laptop - MarkITplace]
15:55:07.876 [main] ERROR resources.base - Search Result not displaying
15:55:07.878 [main] ERROR resources.base - expected [Hp Laptop - MarkITplace] but found [HP Laptop - MarkITplace]
16:17:32.145 [main] ERROR resources.base - Search Result not displaying
16:17:32.146 [main] ERROR resources.base - expected [Hp Laptop - MarkITplace] but found [HP Laptop - MarkITplace]
16:57:20.956 [main] ERROR resources.base - Search Result not displaying
16:57:20.969 [main] ERROR resources.base - expected [Hp Laptop - MarkITplace] but found [HP Laptop - MarkITplace]
16:57:51.038 [main] ERROR resources.base - Search Result not displaying
16:57:51.038 [main] ERROR resources.base - expected [Hp Laptop - MarkITplace] but found [HP LaptopHP Laptop - MarkITplace]
17:03:16.357 [main] INFO  resources.base - User Have Successfully Login To The Home Page
17:03:25.409 [main] INFO  resources.base - user is searching printer using the search textbox
17:03:25.459 [main] INFO  resources.base - User Have Successfully reached the printer search listing page
17:03:40.529 [main] INFO  resources.base - Search result data is Appearing on the Search Result Page
17:03:43.685 [main] INFO  resources.base - User has clicked on Add to Cart on Third Searched Product
17:03:47.915 [main] INFO  resources.base - Product 1 is successfully added to Cart
17:03:48.003 [main] INFO  resources.base - User has closed the Add to Cart Modal after adding 1st product to cart
17:04:03.103 [main] INFO  resources.base - User has clicked on Add to Favorites on First Searched Product
17:04:03.103 [main] INFO  resources.base - Product is successfully added to favorites
17:06:03.240 [main] INFO  resources.base - Recently Viewed Page is Opened
17:09:33.236 [main] INFO  resources.base - User Have Successfully Login To The Home Page
17:10:07.804 [main] INFO  resources.base - User has clicked on the Calendar button from the header of the page
17:10:07.810 [main] INFO  resources.base - User have reached the  Calendar page after clicking on the Calendar button from the header of the page
17:11:26.679 [main] INFO  resources.base - User Have Successfully Login To The Home Page
17:11:56.267 [main] INFO  resources.base - User has clicked on the Calendar button from the header of the page
17:11:56.277 [main] INFO  resources.base - User have reached the  Calendar page after clicking on the Calendar button from the header of the page
17:12:15.455 [main] INFO  resources.base - User have reached the expiration report after clicking on the report button from the Calendar page from monthly view tab
17:13:31.614 [main] INFO  resources.base - User Have Successfully Login To The Home Page
17:13:54.479 [main] INFO  resources.base - User has clicked on the Calendar button from the header of the page
17:13:54.491 [main] INFO  resources.base - User have reached the  Calendar page after clicking on the Calendar button from the header of the page
17:14:50.154 [main] INFO  resources.base - User have reached the expiration report after clicking on the report button from the Calendar page from monthly view tab
17:15:59.688 [main] INFO  resources.base - User has clicked on the Assets report from Report tab
17:16:09.723 [main] ERROR resources.base - User not able to reach the assets report after clicking on asset link from report tab
17:16:09.723 [main] ERROR resources.base - expected [Assets Report - MarkITplace] but found [markitplace-qa.arpatech.com]
17:16:34.240 [main] INFO  resources.base - User has clicked on the Days To Ship report from Report tab
17:16:34.249 [main] ERROR resources.base - User not able to reach the Days To Ship report after clicking on Days To Ship link from report tab
17:16:34.249 [main] ERROR resources.base - expected [Days To Ship Report - MarkITplace] but found [Track Dashboard - MarkITplace]
17:17:07.317 [main] INFO  resources.base - Compare Page not reached
11:59:58.272 [main] INFO  resources.base - User Have Successfully Login To The Home Page
12:00:48.174 [main] INFO  resources.base - User has clicked on Audio Cables Category From All Products Page
12:00:48.189 [main] INFO  resources.base - User Have reached the Audio Cables Category Page
12:00:56.872 [main] INFO  resources.base - User Have Successfully reached the favorites Page
12:01:06.967 [main] INFO  resources.base - user is searching printer using the search textbox
12:01:06.971 [main] ERROR resources.base - Search Result not displaying
12:01:06.971 [main] ERROR resources.base - expected [Printers - MarkITplace] but found [Favorites - MarkITplace]
12:02:09.411 [main] ERROR resources.base - Recently Viewed page is not getting opened
12:02:09.411 [main] ERROR resources.base - expected [Recently Viewed Products - MarkITplace] but found [Oops! something went wrong. - MarkITplace]
12:02:11.983 [main] INFO  resources.base - User has clicked the Logo from the footer of the page
12:02:12.007 [main] INFO  resources.base - User Have reached the Home Page clicking on the footer Logo
12:02:35.053 [main] INFO  resources.base - User has clicked on the My Profile page from My Account dropdown
12:02:35.076 [main] INFO  resources.base - User has clicked on the My Profile page from My Account dropdown
12:02:50.274 [main] INFO  resources.base - User has clicked on the My Profile page from My Account dropdown
12:03:00.528 [main] INFO  resources.base - User has clicked the Logo from the header of the page
12:03:00.538 [main] INFO  resources.base - User Have reached the Home Page clicking on the Header Logo
12:03:07.371 [main] INFO  resources.base - User has clicked on the Standard Catalog Navigation button from header
12:03:07.393 [main] INFO  resources.base - User Have reached the Standard Catalog Page
12:03:50.454 [main] INFO  resources.base - User has clicked on Resouces link from the header
12:03:50.469 [main] INFO  resources.base - User Have reached the Resources Page
12:04:21.361 [main] INFO  resources.base - User has clicked on Special Offer Link from the header
12:04:21.382 [main] INFO  resources.base - User Have reached the Special Offer Page
12:04:31.460 [main] INFO  resources.base - User has clicked on Cart Icon from the header
12:04:31.475 [main] ERROR resources.base - User have not reached the Shopping Cart Page after clicking Cart Icon from the header
12:04:31.475 [main] ERROR resources.base - expected [Cart - MarkITplace] but found [Special Offers - MarkITplace]
12:05:28.888 [main] INFO  resources.base - User Have Successfully Login To The Home Page
12:06:14.321 [main] INFO  resources.base - User has clicked on Audio Cables Category From All Products Page
12:06:14.343 [main] INFO  resources.base - User Have reached the Audio Cables Category Page
12:06:19.728 [main] INFO  resources.base - User Have Successfully reached the favorites Page
12:06:34.962 [main] INFO  resources.base - user is searching printer using the search textbox
12:06:50.015 [main] INFO  resources.base - Search result data is Appearing on the Search Result Page
12:06:50.131 [main] INFO  resources.base - User has clicked on Add to Cart on Third Searched Product
12:06:57.127 [main] INFO  resources.base - Product 1 is successfully added to Cart
12:06:57.196 [main] INFO  resources.base - User has closed the Add to Cart Modal after adding 1st product to cart
12:07:13.465 [main] INFO  resources.base - User has clicked on Add to Favorites on First Searched Product
12:07:13.465 [main] INFO  resources.base - Product is successfully added to favorites
12:09:14.614 [main] INFO  resources.base - Recently Viewed Page is Opened
12:09:19.677 [main] INFO  resources.base - User has clicked the Logo from the footer of the page
12:09:19.683 [main] ERROR resources.base - User not able to reach home clicking on the footer logo
12:09:19.683 [main] ERROR resources.base - expected [Shop - MarkITplace] but found [Recently Viewed Products - MarkITplace]
12:09:47.915 [main] INFO  resources.base - User has clicked the Logo from the header of the page
12:09:47.934 [main] ERROR resources.base - User not able to reach home clicking on the header logo
12:09:47.934 [main] ERROR resources.base - expected [Shop - MarkITplace] but found [Recently Viewed Products - MarkITplace]
12:09:52.994 [main] INFO  resources.base - User has clicked on the Standard Catalog Navigation button from header
12:09:53.000 [main] ERROR resources.base - User have not reached the Standard Catalog Page after clicking on the Standard Catalog Header button
12:09:53.000 [main] ERROR resources.base - expected [Standard Products - MarkITplace] but found [Recently Viewed Products - MarkITplace]
12:10:25.191 [main] INFO  resources.base - User has clicked on Resouces link from the header
12:10:25.210 [main] INFO  resources.base - User Have reached the Resources Page
12:10:55.815 [main] INFO  resources.base - User has clicked on Special Offer Link from the header
12:10:55.825 [main] INFO  resources.base - User Have reached the Special Offer Page
12:11:02.951 [main] INFO  resources.base - User has clicked the Logo from the header of the page
12:14:04.070 [main] INFO  resources.base - User Have Successfully Login To The Home Page
12:14:48.490 [main] INFO  resources.base - User has clicked on Audio Cables Category From All Products Page
12:14:48.506 [main] INFO  resources.base - User Have reached the Audio Cables Category Page
12:14:50.709 [main] INFO  resources.base - User Have Successfully reached the favorites Page
12:15:03.125 [main] INFO  resources.base - user is searching printer using the search textbox
12:15:18.172 [main] INFO  resources.base - Search result data is Appearing on the Search Result Page
12:15:21.638 [main] INFO  resources.base - User has clicked on Add to Cart on Third Searched Product
12:15:28.441 [main] INFO  resources.base - Product 1 is successfully added to Cart
12:15:28.514 [main] INFO  resources.base - User has closed the Add to Cart Modal after adding 1st product to cart
12:15:43.595 [main] INFO  resources.base - User has clicked on Add to Favorites on First Searched Product
12:15:43.595 [main] INFO  resources.base - Product is successfully added to favorites
12:17:37.519 [main] INFO  resources.base - User has clicked the Logo from the footer of the page
12:17:37.541 [main] INFO  resources.base - User Have reached the Home Page clicking on the footer Logo
12:18:00.561 [main] INFO  resources.base - User has clicked on the My Profile page from My Account dropdown
12:18:35.926 [main] INFO  resources.base - User has clicked the Logo from the header of the page
12:18:36.049 [main] INFO  resources.base - User Have reached the Home Page clicking on the Header Logo
12:18:43.004 [main] INFO  resources.base - User has clicked on the Standard Catalog Navigation button from header
12:18:43.016 [main] INFO  resources.base - User Have reached the Standard Catalog Page
12:19:24.454 [main] INFO  resources.base - User has clicked on Resouces link from the header
12:19:24.474 [main] INFO  resources.base - User Have reached the Resources Page
12:19:48.242 [main] INFO  resources.base - User has clicked on Special Offer Link from the header
12:19:48.250 [main] INFO  resources.base - User Have reached the Special Offer Page
12:19:57.531 [main] INFO  resources.base - User has clicked on Cart Icon from the header
12:19:57.542 [main] INFO  resources.base - User Have reached the Shopping Cart Page
12:20:03.099 [main] INFO  resources.base - User has clicked on remove link for the 1st product
12:20:08.128 [main] INFO  resources.base - User Have successfull removed the first product
12:20:11.542 [main] INFO  resources.base - User has clicked the Logo from the header of the page
12:20:21.553 [main] INFO  resources.base - User Have reached the Home Page clicking on the Header Logo
12:20:23.485 [main] INFO  resources.base - User has clicked the Logo from the footer of the page
12:20:23.526 [main] INFO  resources.base - User Have reached the Home Page clicking on the footer Logo
12:20:43.249 [main] INFO  resources.base - User has clicked on the All product Link from the footer of the page
12:21:59.660 [main] INFO  resources.base - User has clicked on the Track button from the header of the page
12:21:59.762 [main] INFO  resources.base - User have reached the Track page after clicking on the Track button from the header of the page
12:22:00.840 [main] INFO  resources.base - User has clicked on the order button from the header of the page
12:22:10.860 [main] INFO  resources.base - User have reached the Order page after clicking on the Order button from the header of the page
12:23:17.227 [main] INFO  resources.base - aaaaae
12:23:41.737 [main] INFO  resources.base - User has clicked on the Calendar button from the header of the page
12:23:41.761 [main] INFO  resources.base - User have reached the  Calendar page after clicking on the Calendar button from the header of the page
12:23:59.961 [main] INFO  resources.base - User have reached the expiration report after clicking on the report button from the Calendar page from monthly view tab
12:25:01.694 [main] INFO  resources.base - User has clicked on the Assets report from Report tab
12:25:11.721 [main] INFO  resources.base - User have reached the assets report after clicking on asset link from report tab
12:25:50.489 [main] INFO  resources.base - User has clicked on the Saved Report icon from the header of the page
12:25:50.495 [main] INFO  resources.base - User have reached the  Saved Report page after clicking on the Saved Report icon from the header of the page
12:25:50.572 [main] INFO  resources.base - user is searching printer using the search textbox
12:26:00.591 [main] INFO  resources.base - Compare Page not reached
12:48:23.042 [main] INFO  resources.base - User Have Successfully Login To The Home Page
12:48:53.311 [main] ERROR resources.base - Favorite page not Open
12:48:53.311 [main] ERROR resources.base - expected [Favorites - MarkITplace] but found [Shop - MarkITplace]
12:48:53.387 [main] INFO  resources.base - user is searching printer using the search textbox
12:50:01.469 [main] INFO  resources.base - User Have Successfully Login To The Home Page
12:50:45.564 [main] INFO  resources.base - User has clicked on Audio Cables Category From All Products Page
12:50:45.585 [main] INFO  resources.base - User Have reached the Audio Cables Category Page
12:50:48.169 [main] INFO  resources.base - User Have Successfully reached the favorites Page
12:51:01.193 [main] INFO  resources.base - user is searching printer using the search textbox
12:51:16.252 [main] INFO  resources.base - Search result data is Appearing on the Search Result Page
12:51:19.086 [main] INFO  resources.base - User has clicked on Add to Cart on Third Searched Product
12:51:23.301 [main] INFO  resources.base - Product 1 is successfully added to Cart
12:51:23.369 [main] INFO  resources.base - User has closed the Add to Cart Modal after adding 1st product to cart
12:51:38.454 [main] INFO  resources.base - User has clicked on Add to Favorites on First Searched Product
12:51:38.454 [main] INFO  resources.base - Product is successfully added to favorites
12:54:45.933 [main] INFO  resources.base - User has clicked the Logo from the header of the page
12:54:57.732 [main] INFO  resources.base - User has clicked the Logo from the footer of the page
12:55:17.732 [main] INFO  resources.base - User has clicked on the All product Link from the footer of the page
12:56:28.787 [main] INFO  resources.base - User has clicked on the Track button from the header of the page
12:56:30.079 [main] INFO  resources.base - User has clicked on the order button from the header of the page
12:57:20.062 [main] INFO  resources.base - aaaaae
12:57:40.993 [main] INFO  resources.base - User has clicked on the Calendar button from the header of the page
12:58:06.150 [main] INFO  resources.base - User have reached the expiration report after clicking on the report button from the Calendar page from monthly view tab
12:59:02.759 [main] INFO  resources.base - User has clicked on the Assets report from Report tab
12:59:38.888 [main] INFO  resources.base - User has clicked on the Saved Report icon from the header of the page
12:59:38.922 [main] INFO  resources.base - User have reached the  Saved Report page after clicking on the Saved Report icon from the header of the page
12:59:41.198 [main] INFO  resources.base - user is searching printer using the search textbox
12:59:51.222 [main] INFO  resources.base - Compare Page not reached
14:07:44.106 [main] INFO  resources.base - User Have Successfully Login To The Home Page
14:08:33.072 [main] INFO  resources.base - User has clicked on Audio Cables Category From All Products Page
14:08:33.084 [main] INFO  resources.base - User Have reached the Audio Cables Category Page
14:08:36.410 [main] INFO  resources.base - User Have Successfully reached the favorites Page
14:08:52.190 [main] INFO  resources.base - user is searching printer using the search textbox
14:09:07.247 [main] INFO  resources.base - Search result data is Appearing on the Search Result Page
14:09:10.043 [main] INFO  resources.base - User has clicked on Add to Cart on Third Searched Product
14:09:16.324 [main] INFO  resources.base - Product 1 is successfully added to Cart
14:09:16.409 [main] INFO  resources.base - User has closed the Add to Cart Modal after adding 1st product to cart
14:09:31.480 [main] INFO  resources.base - User has clicked on Add to Favorites on First Searched Product
14:09:31.480 [main] INFO  resources.base - Product is successfully added to favorites
14:11:14.523 [main] INFO  resources.base - User has clicked the Logo from the header of the page
14:19:40.979 [main] INFO  resources.base - User Have Successfully Login To The Home Page
14:20:24.738 [main] INFO  resources.base - User has clicked on Audio Cables Category From All Products Page
14:20:24.752 [main] INFO  resources.base - User Have reached the Audio Cables Category Page
14:20:31.912 [main] INFO  resources.base - User Have Successfully reached the favorites Page
14:20:42.003 [main] INFO  resources.base - user is searching printer using the search textbox
14:22:17.506 [main] INFO  resources.base - User Have Successfully Login To The Home Page
14:23:01.297 [main] INFO  resources.base - User has clicked on Audio Cables Category From All Products Page
14:23:01.319 [main] INFO  resources.base - User Have reached the Audio Cables Category Page
14:23:03.437 [main] INFO  resources.base - User Have Successfully reached the favorites Page
14:23:16.034 [main] INFO  resources.base - user is searching printer using the search textbox
14:23:31.080 [main] INFO  resources.base - Search result data is Appearing on the Search Result Page
14:23:31.189 [main] INFO  resources.base - User has clicked on Add to Cart on Third Searched Product
14:23:38.411 [main] INFO  resources.base - Product 1 is successfully added to Cart
14:23:38.486 [main] INFO  resources.base - User has closed the Add to Cart Modal after adding 1st product to cart
14:23:53.569 [main] INFO  resources.base - User has clicked on Add to Favorites on First Searched Product
14:23:53.569 [main] INFO  resources.base - Product is successfully added to favorites
14:25:46.796 [main] INFO  resources.base - User has clicked the Logo from the footer of the page
14:25:46.815 [main] INFO  resources.base - User Have reached the Home Page clicking on the footer Logo
14:26:09.833 [main] INFO  resources.base - User has clicked on the My Profile page from My Account dropdown
14:26:35.289 [main] INFO  resources.base - User has clicked the Logo from the header of the page
14:26:35.301 [main] INFO  resources.base - User Have reached the Home Page clicking on the Header Logo
14:26:41.970 [main] INFO  resources.base - User has clicked on the Standard Catalog Navigation button from header
14:27:23.848 [main] INFO  resources.base - User has clicked on Resouces link from the header
14:27:47.819 [main] INFO  resources.base - User has clicked on Special Offer Link from the header
14:27:57.133 [main] INFO  resources.base - User has clicked on Cart Icon from the header
14:27:59.377 [main] INFO  resources.base - User has clicked the Logo from the header of the page
14:31:43.533 [main] INFO  resources.base - User Have Successfully Login To The Home Page
14:31:45.246 [main] INFO  resources.base - User has clicked the Logo from the header of the page
14:31:57.033 [main] INFO  resources.base - User has clicked the Logo from the footer of the page
14:32:16.369 [main] INFO  resources.base - User has clicked on the All product Link from the footer of the page
14:33:30.138 [main] INFO  resources.base - User Have Successfully Login To The Home Page
14:33:31.733 [main] INFO  resources.base - User has clicked the Logo from the header of the page
14:33:43.599 [main] INFO  resources.base - User has clicked the Logo from the footer of the page
14:34:03.069 [main] INFO  resources.base - User has clicked on the All product Link from the footer of the page
14:35:42.210 [main] INFO  resources.base - User Have Successfully Login To The Home Page
14:35:43.843 [main] INFO  resources.base - User has clicked the Logo from the header of the page
14:35:55.649 [main] INFO  resources.base - User has clicked the Logo from the footer of the page
14:36:15.660 [main] INFO  resources.base - User has clicked on the All product Link from the footer of the page
17:29:38.439 [main] INFO  resources.base - User Have Successfully Login To The Home Page
17:29:40.390 [main] INFO  resources.base - User has clicked the Logo from the header of the page
17:29:52.679 [main] INFO  resources.base - User has clicked the Logo from the footer of the page
17:31:44.121 [main] INFO  resources.base - User Have Successfully Login To The Home Page
17:31:55.039 [main] INFO  resources.base - User has clicked the Logo from the header of the page
17:32:07.901 [main] INFO  resources.base - User has clicked the Logo from the footer of the page
17:32:28.311 [main] INFO  resources.base - User has clicked on the All product Link from the footer of the page
17:33:00.635 [main] INFO  resources.base - User Have Successfully Login To The Home Page
17:35:06.059 [main] INFO  resources.base - User Have Successfully Login To The Home Page
17:37:59.939 [main] INFO  resources.base - User Have Successfully Login To The Home Page
17:43:26.877 [main] INFO  resources.base - User Have Successfully Login To The Home Page
17:43:29.331 [main] INFO  resources.base - User has clicked on the Track button from the header of the page
17:44:00.735 [main] INFO  resources.base - User has clicked on the Assets report from Report tab
17:50:18.030 [main] INFO  resources.base - User Have Successfully Login To The Home Page
17:50:20.323 [main] INFO  resources.base - User has clicked on the Track button from the header of the page
17:50:51.797 [main] INFO  resources.base - User has clicked on the Assets report from Report tab
17:52:13.134 [main] INFO  resources.base - User Have Successfully Login To The Home Page
17:52:15.356 [main] INFO  resources.base - User has clicked on the Track button from the header of the page
17:52:46.869 [main] INFO  resources.base - User has clicked on the Assets report from Report tab
17:55:03.466 [main] INFO  resources.base - User Have Successfully Login To The Home Page
17:55:05.638 [main] INFO  resources.base - User has clicked on the Track button from the header of the page
17:55:36.700 [main] INFO  resources.base - User has clicked on the Assets report from Report tab
17:57:14.067 [main] INFO  resources.base - User Have Successfully Login To The Home Page
17:57:16.187 [main] INFO  resources.base - User has clicked on the Track button from the header of the page
17:57:48.055 [main] INFO  resources.base - User has clicked on the Assets report from Report tab
17:59:25.789 [main] INFO  resources.base - User Have Successfully Login To The Home Page
17:59:28.050 [main] INFO  resources.base - User has clicked on the Track button from the header of the page
17:59:59.257 [main] INFO  resources.base - User has clicked on the Assets report from Report tab
18:00:42.845 [main] INFO  resources.base - User has clicked on the Days To Ship report from Report tab
18:01:12.563 [main] INFO  resources.base - User has clicked on the Expiration report from Report tab
08:51:58.345 [main] INFO  resources.base - User Have Successfully Login To The Home Page
08:52:11.421 [main] INFO  resources.base - User has clicked on the Track button from the header of the page
08:52:46.457 [main] INFO  resources.base - User has clicked on the Assets report from Report tab
08:53:34.843 [main] INFO  resources.base - User has clicked on the Days To Ship report from Report tab
08:53:54.569 [main] INFO  resources.base - User has clicked on the Expiration report from Report tab
08:55:04.084 [main] INFO  resources.base - User has clicked on the Invoices report from Report tab
08:55:42.017 [main] INFO  resources.base - User has clicked on the Invoice Line report from Report tab
08:56:15.829 [main] INFO  resources.base - User has clicked on the Licenses report from Report tab
08:56:45.957 [main] INFO  resources.base - User has clicked on the Orders report from Report tab
09:34:02.954 [main] INFO  resources.base - User Have Successfully Login To The Home Page
09:34:05.578 [main] INFO  resources.base - User has clicked on the Track button from the header of the page
09:34:42.339 [main] INFO  resources.base - User has clicked on the Assets report from Report tab
09:35:21.793 [main] INFO  resources.base - User has clicked on the Days To Ship report from Report tab
09:35:36.319 [main] INFO  resources.base - User has clicked on the Expiration report from Report tab
09:36:42.152 [main] INFO  resources.base - User has clicked on the Invoices report from Report tab
09:37:10.514 [main] INFO  resources.base - User has clicked on the Invoice Line report from Report tab
09:37:33.827 [main] INFO  resources.base - User has clicked on the Licenses report from Report tab
09:37:56.057 [main] INFO  resources.base - User has clicked on the Orders report from Report tab
09:43:44.028 [main] INFO  resources.base - User Have Successfully Login To The Home Page
09:43:49.118 [main] INFO  resources.base - User has clicked on the Track button from the header of the page
09:45:30.764 [main] INFO  resources.base - User Have Successfully Login To The Home Page
09:45:33.098 [main] INFO  resources.base - User has clicked on the Track button from the header of the page
09:46:07.357 [main] INFO  resources.base - User has clicked on the Assets report from Report tab
09:46:48.275 [main] INFO  resources.base - User has clicked on the Days To Ship report from Report tab
09:47:00.964 [main] INFO  resources.base - User has clicked on the Expiration report from Report tab
09:55:09.227 [main] INFO  resources.base - User Have Successfully Login To The Home Page
09:55:14.363 [main] INFO  resources.base - User has clicked on the Track button from the header of the page
09:56:14.560 [main] INFO  resources.base - User Have Successfully Login To The Home Page
09:56:26.072 [main] INFO  resources.base - User has clicked on the Track button from the header of the page
09:57:00.146 [main] INFO  resources.base - User has clicked on the Assets report from Report tab
09:57:46.532 [main] INFO  resources.base - User has clicked on the Days To Ship report from Report tab
09:58:05.841 [main] INFO  resources.base - User has clicked on the Expiration report from Report tab
09:59:15.698 [main] INFO  resources.base - User has clicked on the Invoices report from Report tab
09:59:48.817 [main] INFO  resources.base - User has clicked on the Invoice Line report from Report tab
10:00:09.929 [main] INFO  resources.base - User has clicked on the Licenses report from Report tab
