17:13:04.408 [main] INFO  resources.base - User has clicked on the My Profile page from My Account dropdown
17:13:31.195 [main] INFO  resources.base - User has clicked the Logo from the header of the page
17:13:31.206 [main] INFO  resources.base - User Have reached the Home Page clicking on the Header Logo
17:13:39.685 [main] INFO  resources.base - User has clicked on the Standard Catalog Navigation button from header
17:14:29.238 [main] INFO  resources.base - User has clicked on Resouces link from the header
17:14:58.140 [main] INFO  resources.base - User has clicked on Special Offer Link from the header
17:15:06.566 [main] INFO  resources.base - User has clicked on Cart Icon from the header
17:15:09.680 [main] INFO  resources.base - User has clicked on remove link for the 1st product
17:15:26.028 [main] INFO  resources.base - User has clicked the Logo from the header of the page
17:15:39.470 [main] INFO  resources.base - User has clicked the Logo from the footer of the page
17:16:20.302 [main] INFO  resources.base - User has clicked on the All product Link from the footer of the page
17:17:44.601 [main] INFO  resources.base - User has clicked on the Track button from the header of the page
17:17:58.002 [main] INFO  resources.base - User has clicked on the order button from the header of the page
17:19:02.678 [main] INFO  resources.base - aaaaae
17:19:32.943 [main] INFO  resources.base - User has clicked on the Calendar button from the header of the page
17:20:30.243 [main] INFO  resources.base - User has clicked on the Assets report from Report tab
17:21:12.503 [main] INFO  resources.base - User has clicked on the Days To Ship report from Report tab
17:21:21.620 [main] INFO  resources.base - User has clicked on the Expiration report from Report tab
17:22:13.806 [main] INFO  resources.base - User has clicked on the Invoices report from Report tab
17:22:38.178 [main] INFO  resources.base - User has clicked on the Invoice Line report from Report tab
17:22:53.311 [main] INFO  resources.base - User has clicked on the Licenses report from Report tab
17:23:17.781 [main] INFO  resources.base - User has clicked on the Orders report from Report tab
17:23:41.923 [main] INFO  resources.base - User has clicked on the Order Line report from Report tab
17:24:05.648 [main] INFO  resources.base - User has clicked on the PARs report from Report tab
17:24:24.227 [main] INFO  resources.base - User has clicked on the Quotes report from Report tab
17:24:43.705 [main] INFO  resources.base - User has clicked on the Receiving Log report from Report tab
17:25:16.805 [main] INFO  resources.base - User has clicked on the Shipments report from Report tab
17:25:41.418 [main] INFO  resources.base - User has clicked on the Shipments report from Report tab
17:25:41.437 [main] INFO  resources.base - User have reached the Standards report after clicking on Standards link from report tab
17:25:48.693 [main] INFO  resources.base - User has clicked on the Saved Report icon from the header of the page
17:25:48.705 [main] INFO  resources.base - User have reached the  Saved Report page after clicking on the Saved Report icon from the header of the page
17:25:56.569 [main] INFO  resources.base - user is searching printer using the search textbox
17:26:40.289 [main] INFO  resources.base - User Have Successfully reached the Compare page
17:28:00.491 [main] ERROR resources.base - Search Result not displaying
17:28:00.491 [main] ERROR resources.base - expected [Hp Laptop - MarkITplace] but found [HP Laptop - MarkITplace]
17:37:07.850 [main] ERROR resources.base - Search Result not displaying
17:37:07.850 [main] ERROR resources.base - expected [Hp Laptop - MarkITplace] but found [HP Laptop - MarkITplace]
17:37:35.514 [main] ERROR resources.base - Search Result not displaying
17:37:35.514 [main] ERROR resources.base - expected [Hp Printers - MarkITplace] but found [HP LaptopHP Printers - MarkITplace]
17:57:34.236 [main] INFO  resources.base - User Have Successfully Login To The Home Page
17:57:44.401 [main] INFO  resources.base - user is searching printer using the search textbox
17:57:59.496 [main] INFO  resources.base - Search result data is Appearing on the Search Result Page
17:58:03.105 [main] INFO  resources.base - User has clicked on Add to Cart on Third Searched Product
17:58:04.824 [main] INFO  resources.base - Product 1 is successfully added to Cart
17:58:04.949 [main] INFO  resources.base - User has closed the Add to Cart Modal after adding 1st product to cart
17:58:20.048 [main] INFO  resources.base - User has clicked on Add to Favorites on First Searched Product
17:58:20.048 [main] INFO  resources.base - Product is successfully added to favorites
18:00:22.308 [main] INFO  resources.base - User has clicked the Logo from the footer of the page
18:00:22.362 [main] INFO  resources.base - User Have reached the Home Page clicking on the footer Logo
18:00:57.692 [main] INFO  resources.base - User has clicked on the My Profile page from My Account dropdown
18:02:07.834 [main] INFO  resources.base - User Have Successfully Login To The Home Page
18:02:15.755 [main] INFO  resources.base - user is searching printer using the search textbox
18:02:30.858 [main] INFO  resources.base - Search result data is Appearing on the Search Result Page
18:02:34.503 [main] INFO  resources.base - User has clicked on Add to Cart on Third Searched Product
18:02:37.228 [main] INFO  resources.base - Product 1 is successfully added to Cart
18:02:37.338 [main] INFO  resources.base - User has closed the Add to Cart Modal after adding 1st product to cart
18:02:52.434 [main] INFO  resources.base - User has clicked on Add to Favorites on First Searched Product
18:02:52.434 [main] INFO  resources.base - Product is successfully added to favorites
18:04:50.492 [main] INFO  resources.base - User has clicked the Logo from the footer of the page
18:04:50.543 [main] INFO  resources.base - User Have reached the Home Page clicking on the footer Logo
18:05:13.950 [main] INFO  resources.base - User has clicked on the My Profile page from My Account dropdown
18:05:43.695 [main] INFO  resources.base - User has clicked the Logo from the header of the page
18:05:43.703 [main] INFO  resources.base - User Have reached the Home Page clicking on the Header Logo
18:05:48.365 [main] INFO  resources.base - User has clicked on the Standard Catalog Navigation button from header
18:06:37.202 [main] INFO  resources.base - User has clicked on Resouces link from the header
18:07:07.133 [main] INFO  resources.base - User has clicked on Special Offer Link from the header
18:07:16.995 [main] INFO  resources.base - User has clicked on Cart Icon from the header
18:07:20.119 [main] INFO  resources.base - User has clicked on remove link for the 1st product
18:07:38.126 [main] INFO  resources.base - User has clicked the Logo from the header of the page
18:07:51.312 [main] INFO  resources.base - User has clicked the Logo from the footer of the page
18:08:20.053 [main] INFO  resources.base - User has clicked on the All product Link from the footer of the page
18:09:44.806 [main] INFO  resources.base - User has clicked on the Track button from the header of the page
18:10:19.888 [main] INFO  resources.base - User has clicked on the order button from the header of the page
18:11:21.115 [main] INFO  resources.base - aaaaae
18:14:21.573 [main] INFO  resources.base - User Have Successfully Login To The Home Page
18:14:30.360 [main] INFO  resources.base - user is searching printer using the search textbox
18:14:45.616 [main] INFO  resources.base - Search result data is Appearing on the Search Result Page
18:14:49.743 [main] INFO  resources.base - User has clicked on Add to Cart on Third Searched Product
18:14:51.242 [main] INFO  resources.base - Product 1 is successfully added to Cart
18:14:51.527 [main] INFO  resources.base - User has closed the Add to Cart Modal after adding 1st product to cart
18:15:06.767 [main] INFO  resources.base - User has clicked on Add to Favorites on First Searched Product
18:15:06.768 [main] INFO  resources.base - Product is successfully added to favorites
18:17:10.390 [main] INFO  resources.base - User has clicked the Logo from the footer of the page
18:17:10.504 [main] INFO  resources.base - User Have reached the Home Page clicking on the footer Logo
18:17:35.597 [main] INFO  resources.base - User has clicked on the My Profile page from My Account dropdown
18:18:05.454 [main] INFO  resources.base - User has clicked the Logo from the header of the page
18:18:05.474 [main] INFO  resources.base - User Have reached the Home Page clicking on the Header Logo
18:18:11.846 [main] INFO  resources.base - User has clicked on the Standard Catalog Navigation button from header
18:19:05.569 [main] INFO  resources.base - User has clicked on Resouces link from the header
18:19:36.462 [main] INFO  resources.base - User has clicked on Special Offer Link from the header
18:19:44.940 [main] INFO  resources.base - User has clicked on Cart Icon from the header
18:19:48.224 [main] INFO  resources.base - User has clicked on remove link for the 1st product
18:20:06.425 [main] INFO  resources.base - User has clicked the Logo from the header of the page
18:27:19.068 [main] INFO  resources.base - User Have Successfully Login To The Home Page
18:27:29.353 [main] INFO  resources.base - user is searching printer using the search textbox
18:27:44.590 [main] INFO  resources.base - Search result data is Appearing on the Search Result Page
18:30:56.083 [main] INFO  resources.base - element not interactable
  (Session info: chrome=78.0.3904.70)
Build info: version: '3.141.59', revision: 'e82be7d358', time: '2018-11-14T08:17:03'
System info: host: 'ARP-260', ip: '192.168.9.118', os.name: 'Windows 10', os.arch: 'amd64', os.version: '10.0', java.version: '1.8.0_231'
Driver info: org.openqa.selenium.chrome.ChromeDriver
Capabilities {acceptInsecureCerts: false, browserName: chrome, browserVersion: 78.0.3904.70, chrome: {chromedriverVersion: 78.0.3904.70 (edb9c9f3de024..., userDataDir: C:\Users\SAIMA~1.TAB\AppDat...}, goog:chromeOptions: {debuggerAddress: localhost:64333}, javascriptEnabled: true, networkConnectionEnabled: false, pageLoadStrategy: normal, platform: XP, platformName: XP, proxy: Proxy(), setWindowRect: true, strictFileInteractability: false, timeouts: {implicit: 0, pageLoad: 300000, script: 30000}, unhandledPromptBehavior: dismiss and notify}
Session ID: 821721592c7a07e729e22712e7955461
18:31:01.102 [main] INFO  resources.base - User have reached the order confirmation page after placing the order
18:31:05.458 [main] INFO  resources.base - User has clicked the Logo from the header of the page
18:31:19.928 [main] INFO  resources.base - User has clicked the Logo from the footer of the page
18:31:52.886 [main] INFO  resources.base - User has clicked on the All product Link from the footer of the page
18:33:22.876 [main] INFO  resources.base - User has clicked on the Track button from the header of the page
18:33:36.300 [main] INFO  resources.base - User has clicked on the order button from the header of the page
18:34:35.890 [main] INFO  resources.base - aaaaae
18:35:05.048 [main] INFO  resources.base - User has clicked on the Calendar button from the header of the page
18:36:02.535 [main] INFO  resources.base - User has clicked on the Assets report from Report tab
18:36:38.670 [main] INFO  resources.base - User has clicked on the Days To Ship report from Report tab
18:36:48.676 [main] INFO  resources.base - User has clicked on the Expiration report from Report tab
18:37:42.681 [main] INFO  resources.base - User has clicked on the Invoices report from Report tab
18:38:07.644 [main] INFO  resources.base - User has clicked on the Invoice Line report from Report tab
18:38:22.962 [main] INFO  resources.base - User has clicked on the Licenses report from Report tab
18:38:47.620 [main] INFO  resources.base - User has clicked on the Orders report from Report tab
18:39:13.295 [main] INFO  resources.base - User has clicked on the Order Line report from Report tab
18:39:37.223 [main] INFO  resources.base - User has clicked on the PARs report from Report tab
18:40:01.499 [main] INFO  resources.base - User has clicked on the Quotes report from Report tab
18:40:23.055 [main] INFO  resources.base - User has clicked on the Receiving Log report from Report tab
18:40:58.083 [main] INFO  resources.base - User has clicked on the Shipments report from Report tab
18:41:22.986 [main] INFO  resources.base - User has clicked on the Shipments report from Report tab
18:41:23.010 [main] INFO  resources.base - User have reached the Standards report after clicking on Standards link from report tab
18:41:31.349 [main] INFO  resources.base - User has clicked on the Saved Report icon from the header of the page
18:41:31.423 [main] INFO  resources.base - User have reached the  Saved Report page after clicking on the Saved Report icon from the header of the page
18:41:41.591 [main] INFO  resources.base - user is searching printer using the search textbox
18:42:32.762 [main] INFO  resources.base - User Have Successfully reached the Compare page
18:48:35.146 [main] ERROR resources.base - Search Result not displaying
18:48:35.146 [main] ERROR resources.base - expected [Hp Laptop - MarkITplace] but found [HP Laptop - MarkITplace]
12:39:37.120 [main] INFO  resources.base - User Have Successfully Login To The Home Page
12:40:26.293 [main] INFO  resources.base - User has clicked on Audio Cables Category From All Products Page
12:40:26.310 [main] INFO  resources.base - User Have reached the Audio Cables Category Page
12:40:32.590 [main] INFO  resources.base - User Have Successfully reached the favorites Page
12:40:53.968 [main] INFO  resources.base - user is searching printer using the search textbox
12:41:09.046 [main] INFO  resources.base - Search result data is Appearing on the Search Result Page
12:41:17.083 [main] INFO  resources.base - User has clicked on Add to Cart on Third Searched Product
12:41:19.846 [main] INFO  resources.base - Product 1 is successfully added to Cart
12:41:19.951 [main] INFO  resources.base - User has closed the Add to Cart Modal after adding 1st product to cart
12:41:35.104 [main] INFO  resources.base - User has clicked on Add to Favorites on First Searched Product
12:41:35.104 [main] INFO  resources.base - Product is successfully added to favorites
12:43:21.620 [main] INFO  resources.base - User has clicked the Logo from the footer of the page
12:43:21.803 [main] INFO  resources.base - User Have reached the Home Page clicking on the footer Logo
12:43:43.791 [main] INFO  resources.base - User has clicked the Logo from the header of the page
12:43:43.806 [main] INFO  resources.base - User Have reached the Home Page clicking on the Header Logo
12:44:00.494 [main] INFO  resources.base - User has clicked on the Standard Catalog Navigation button from header
12:44:53.915 [main] INFO  resources.base - User has clicked on Resouces link from the header
12:45:23.076 [main] INFO  resources.base - User has clicked on Special Offer Link from the header
12:45:32.855 [main] INFO  resources.base - User has clicked on Cart Icon from the header
12:45:35.967 [main] INFO  resources.base - User has clicked on remove link for the 1st product
12:47:25.112 [main] INFO  resources.base - element not interactable
  (Session info: chrome=78.0.3904.70)
Build info: version: '3.141.59', revision: 'e82be7d358', time: '2018-11-14T08:17:03'
System info: host: 'ARP-260', ip: '192.168.9.162', os.name: 'Windows 10', os.arch: 'amd64', os.version: '10.0', java.version: '1.8.0_231'
Driver info: org.openqa.selenium.chrome.ChromeDriver
Capabilities {acceptInsecureCerts: false, browserName: chrome, browserVersion: 78.0.3904.70, chrome: {chromedriverVersion: 78.0.3904.70 (edb9c9f3de024..., userDataDir: C:\Users\SAIMA~1.TAB\AppDat...}, goog:chromeOptions: {debuggerAddress: localhost:65323}, javascriptEnabled: true, networkConnectionEnabled: false, pageLoadStrategy: normal, platform: XP, platformName: XP, proxy: Proxy(), setWindowRect: true, strictFileInteractability: false, timeouts: {implicit: 0, pageLoad: 300000, script: 30000}, unhandledPromptBehavior: dismiss and notify}
Session ID: 8f01d78c6d0a283ec53a873ac08122cb
12:47:30.122 [main] INFO  resources.base - User have reached the order confirmation page after placing the order
12:47:33.870 [main] INFO  resources.base - User has clicked the Logo from the header of the page
12:47:47.211 [main] INFO  resources.base - User has clicked the Logo from the footer of the page
12:48:27.389 [main] INFO  resources.base - User has clicked on the All product Link from the footer of the page
12:49:49.460 [main] INFO  resources.base - User has clicked on the Track button from the header of the page
12:50:02.430 [main] INFO  resources.base - User has clicked on the order button from the header of the page
13:06:57.838 [main] ERROR resources.base - Search Result not displaying
13:06:57.841 [main] ERROR resources.base - expected [Hp Laptop - MarkITplace] but found [HP Laptop - MarkITplace]
13:16:16.502 [main] ERROR resources.base - Search Result not displaying
13:16:16.505 [main] ERROR resources.base - expected [Hp Laptop - MarkITplace] but found [HP Laptop - MarkITplace]
13:33:11.517 [main] ERROR resources.base - Search Result not displaying
13:33:11.518 [main] ERROR resources.base - expected [Hp Laptop - MarkITplace] but found [HP Laptop - MarkITplace]
13:35:23.407 [main] ERROR resources.base - Search Result not displaying
13:35:23.407 [main] ERROR resources.base - expected [Hp Laptop - MarkITplace] but found [HP Laptop - MarkITplace]
13:36:04.584 [main] ERROR resources.base - Search Result not displaying
13:36:04.584 [main] ERROR resources.base - expected [Hp Printers - MarkITplace] but found [HP LaptopHP Printers - MarkITplace]
13:38:38.623 [main] ERROR resources.base - Search Result not displaying
13:38:38.624 [main] ERROR resources.base - expected [Hp Laptop - MarkITplace] but found [HP Laptop - MarkITplace]
11:56:32.298 [main] ERROR resources.base - Search Result not displaying
11:56:32.301 [main] ERROR resources.base - expected [Hp Laptop - MarkITplace] but found [HP Laptop - MarkITplace]
12:15:46.390 [main] ERROR resources.base - Search Result not displaying
12:15:46.394 [main] ERROR resources.base - expected [Hp Laptop - MarkITplace] but found [HP Laptop - MarkITplace]
12:16:29.608 [main] ERROR resources.base - Search Result not displaying
12:16:29.608 [main] ERROR resources.base - expected [Hp Laptop - MarkITplace] but found [HP LaptopHP Laptop - MarkITplace]
12:17:14.126 [main] ERROR resources.base - Search Result not displaying
12:17:14.126 [main] ERROR resources.base - expected [Hp Printers - MarkITplace] but found [HP LaptopHP LaptopHP Printers - MarkITplace]
12:52:37.879 [main] ERROR resources.base - Search Result not displaying
12:52:37.881 [main] ERROR resources.base - expected [Hp Laptop - MarkITplace] but found [HP Laptop - MarkITplace]
12:55:02.130 [main] ERROR resources.base - Search Result not displaying
12:55:02.130 [main] ERROR resources.base - expected [Hp Laptop - MarkITplace] but found [HP Laptop - MarkITplace]
12:56:50.138 [main] ERROR resources.base - Search Result not displaying
12:56:50.138 [main] ERROR resources.base - expected [Hp Printers - MarkITplace] but found [HP Printers - MarkITplace]
13:24:04.356 [main] ERROR resources.base - Search Result not displaying
13:24:04.359 [main] ERROR resources.base - expected [Hp Laptop - MarkITplace] but found [HP Laptop - MarkITplace]
13:26:19.018 [main] ERROR resources.base - Search Result not displaying
13:26:19.019 [main] ERROR resources.base - expected [Hp Laptop - MarkITplace] but found [HP Laptop - MarkITplace]
13:28:15.496 [main] ERROR resources.base - Search Result not displaying
13:28:15.496 [main] ERROR resources.base - expected [Hp Printers - MarkITplace] but found [HP Printers - MarkITplace]
19:16:00.262 [main] INFO  resources.base - User Have Successfully Login To The Home Page
19:16:52.646 [main] INFO  resources.base - User has clicked on Audio Cables Category From All Products Page
19:16:52.663 [main] INFO  resources.base - User Have reached the Audio Cables Category Page
19:16:57.116 [main] INFO  resources.base - User Have Successfully reached the favorites Page
19:17:19.812 [main] INFO  resources.base - user is searching printer using the search textbox
19:17:34.907 [main] INFO  resources.base - Search result data is Appearing on the Search Result Page
19:17:40.022 [main] INFO  resources.base - User has clicked on Add to Cart on Third Searched Product
19:17:42.318 [main] INFO  resources.base - Product 1 is successfully added to Cart
19:17:42.435 [main] INFO  resources.base - User has closed the Add to Cart Modal after adding 1st product to cart
19:17:57.561 [main] INFO  resources.base - User has clicked on Add to Favorites on First Searched Product
19:17:57.561 [main] INFO  resources.base - Product is successfully added to favorites
19:26:19.824 [main] INFO  resources.base - user is searching printer using the search textbox
19:27:08.821 [main] INFO  resources.base - User Have Successfully Login To The Home Page
19:27:56.943 [main] INFO  resources.base - User has clicked on Audio Cables Category From All Products Page
19:27:56.959 [main] INFO  resources.base - User Have reached the Audio Cables Category Page
19:28:03.741 [main] INFO  resources.base - User Have Successfully reached the favorites Page
19:28:25.607 [main] INFO  resources.base - user is searching printer using the search textbox
19:28:40.693 [main] INFO  resources.base - Search result data is Appearing on the Search Result Page
19:28:44.402 [main] INFO  resources.base - User has clicked on Add to Cart on Third Searched Product
19:28:46.615 [main] INFO  resources.base - Product 1 is successfully added to Cart
19:28:46.717 [main] INFO  resources.base - User has closed the Add to Cart Modal after adding 1st product to cart
19:29:01.831 [main] INFO  resources.base - User has clicked on Add to Favorites on First Searched Product
19:29:01.832 [main] INFO  resources.base - Product is successfully added to favorites
19:31:05.092 [main] INFO  resources.base - User has clicked the Logo from the footer of the page
19:31:05.098 [main] INFO  resources.base - User Have reached the Home Page clicking on the footer Logo
19:31:27.875 [main] INFO  resources.base - User has clicked on the My Profile page from My Account dropdown
19:31:54.043 [main] INFO  resources.base - User has clicked the Logo from the header of the page
19:31:54.054 [main] INFO  resources.base - User Have reached the Home Page clicking on the Header Logo
19:32:07.492 [main] INFO  resources.base - User has clicked on the Standard Catalog Navigation button from header
19:33:22.458 [main] INFO  resources.base - User has clicked on Resouces link from the header
19:33:53.869 [main] INFO  resources.base - User has clicked on Special Offer Link from the header
19:34:01.951 [main] INFO  resources.base - User has clicked on Cart Icon from the header
19:34:05.085 [main] INFO  resources.base - User has clicked on remove link for the 1st product
19:35:43.542 [main] INFO  resources.base - element not interactable
  (Session info: chrome=78.0.3904.70)
Build info: version: '3.141.59', revision: 'e82be7d358', time: '2018-11-14T08:17:03'
System info: host: 'ARP-260', ip: '192.168.9.162', os.name: 'Windows 10', os.arch: 'amd64', os.version: '10.0', java.version: '1.8.0_231'
Driver info: org.openqa.selenium.chrome.ChromeDriver
Capabilities {acceptInsecureCerts: false, browserName: chrome, browserVersion: 78.0.3904.70, chrome: {chromedriverVersion: 78.0.3904.70 (edb9c9f3de024..., userDataDir: C:\Users\SAIMA~1.TAB\AppDat...}, goog:chromeOptions: {debuggerAddress: localhost:61772}, javascriptEnabled: true, networkConnectionEnabled: false, pageLoadStrategy: normal, platform: XP, platformName: XP, proxy: Proxy(), setWindowRect: true, strictFileInteractability: false, timeouts: {implicit: 0, pageLoad: 300000, script: 30000}, unhandledPromptBehavior: dismiss and notify}
Session ID: 9cb19d122526fb29540d18bbbc284959
19:35:48.550 [main] INFO  resources.base - User have reached the order confirmation page after placing the order
19:35:52.970 [main] INFO  resources.base - User has clicked the Logo from the header of the page
19:36:05.948 [main] INFO  resources.base - User has clicked the Logo from the footer of the page
19:36:43.909 [main] INFO  resources.base - User has clicked on the All product Link from the footer of the page
19:38:09.435 [main] INFO  resources.base - User has clicked on the Track button from the header of the page
19:38:22.230 [main] INFO  resources.base - User has clicked on the order button from the header of the page
19:39:26.729 [main] INFO  resources.base - aaaaae
19:39:54.992 [main] INFO  resources.base - User has clicked on the Calendar button from the header of the page
19:40:58.364 [main] INFO  resources.base - User has clicked on the Assets report from Report tab
19:41:35.541 [main] INFO  resources.base - User has clicked on the Days To Ship report from Report tab
19:41:45.442 [main] INFO  resources.base - User has clicked on the Expiration report from Report tab
19:42:39.724 [main] INFO  resources.base - User has clicked on the Invoices report from Report tab
19:43:04.305 [main] INFO  resources.base - User has clicked on the Invoice Line report from Report tab
19:43:19.436 [main] INFO  resources.base - User has clicked on the Licenses report from Report tab
19:43:44.339 [main] INFO  resources.base - User has clicked on the Orders report from Report tab
19:44:08.521 [main] INFO  resources.base - User has clicked on the Order Line report from Report tab
19:44:33.400 [main] INFO  resources.base - User has clicked on the PARs report from Report tab
19:44:53.406 [main] INFO  resources.base - User has clicked on the Quotes report from Report tab
19:45:13.882 [main] INFO  resources.base - User has clicked on the Receiving Log report from Report tab
19:45:47.914 [main] INFO  resources.base - User has clicked on the Shipments report from Report tab
19:46:12.340 [main] INFO  resources.base - User has clicked on the Shipments report from Report tab
19:46:12.363 [main] INFO  resources.base - User have reached the Standards report after clicking on Standards link from report tab
19:46:19.913 [main] INFO  resources.base - User has clicked on the Saved Report icon from the header of the page
19:46:19.947 [main] INFO  resources.base - User have reached the  Saved Report page after clicking on the Saved Report icon from the header of the page
19:46:21.832 [main] INFO  resources.base - user is searching printer using the search textbox
19:47:09.693 [main] INFO  resources.base - User Have Successfully reached the Compare page
19:48:31.036 [main] ERROR resources.base - Search Result not displaying
19:48:31.036 [main] ERROR resources.base - expected [Hp Laptop - MarkITplace] but found [HP Laptop - MarkITplace]
19:55:35.896 [main] ERROR resources.base - Search Result not displaying
19:55:35.897 [main] ERROR resources.base - expected [Hp Laptop - MarkITplace] but found [HP Laptop - MarkITplace]
19:56:19.932 [main] ERROR resources.base - Search Result not displaying
19:56:19.932 [main] ERROR resources.base - expected [Hp Printers - MarkITplace] but found [HP LaptopHP Printers - MarkITplace]
20:01:25.437 [main] ERROR resources.base - Search Result not displaying
20:01:25.439 [main] ERROR resources.base - expected [Hp Laptop - MarkITplace] but found [HP Laptop - MarkITplace]
20:04:47.455 [main] ERROR resources.base - Search Result not displaying
20:04:47.458 [main] ERROR resources.base - expected [Hp Laptop - MarkITplace] but found [HP Laptop - MarkITplace]
20:18:18.270 [main] ERROR resources.base - Search Result not displaying
20:18:18.271 [main] ERROR resources.base - expected [Hp Laptop - MarkITplace] but found [HP Laptop - MarkITplace]
20:20:06.236 [main] ERROR resources.base - Search Result not displaying
20:20:06.236 [main] ERROR resources.base - expected [Hp Printers - MarkITplace] but found [HP Printers - MarkITplace]
20:28:01.501 [main] ERROR resources.base - Search Result not displaying
20:28:01.503 [main] ERROR resources.base - expected [Hp Laptop - MarkITplace] but found [HP Laptop - MarkITplace]
20:31:52.269 [main] ERROR resources.base - Search Result not displaying
20:31:52.269 [main] ERROR resources.base - expected [Hp Laptop - MarkITplace] but found [HP Laptop - MarkITplace]
20:33:43.834 [main] ERROR resources.base - Search Result not displaying
20:33:43.834 [main] ERROR resources.base - expected [Hp Printers - MarkITplace] but found [HP Printers - MarkITplace]
20:38:27.983 [main] ERROR resources.base - Search Result not displaying
20:38:27.987 [main] ERROR resources.base - expected [Hp Laptop - MarkITplace] but found [HP Laptop - MarkITplace]
20:44:40.355 [main] ERROR resources.base - Search Result not displaying
20:44:40.373 [main] ERROR resources.base - expected [Hp Laptop - MarkITplace] but found [HP Laptop - MarkITplace]
20:46:50.391 [main] ERROR resources.base - Search Result not displaying
20:46:50.392 [main] ERROR resources.base - expected [Hp Laptop - MarkITplace] but found [HP Laptop - MarkITplace]
17:28:54.588 [main] INFO  resources.base - Compare Page not reached
17:54:14.657 [main] INFO  resources.base - Compare Page not reached
14:52:41.451 [main] ERROR resources.base - Search Result not displaying
14:52:41.454 [main] ERROR resources.base - expected [Hp Laptop - MarkITplace] but found [HP Laptop - MarkITplace]
11:19:27.172 [main] INFO  resources.base - User Have Successfully Login To The Home Page
11:20:06.382 [main] INFO  resources.base - User has clicked on Audio Cables Category From All Products Page
11:20:06.397 [main] INFO  resources.base - User Have reached the Audio Cables Category Page
11:20:10.299 [main] INFO  resources.base - User Have Successfully reached the favorites Page
11:20:23.531 [main] INFO  resources.base - user is searching printer using the search textbox
11:20:38.610 [main] ERROR resources.base - Search Result data is not appearing on the page
11:20:38.610 [main] ERROR resources.base - expected [true] but found [false]
11:28:26.021 [main] INFO  resources.base - User Have Successfully Login To The Home Page
11:29:05.073 [main] INFO  resources.base - User has clicked on Audio Cables Category From All Products Page
11:29:05.097 [main] INFO  resources.base - User Have reached the Audio Cables Category Page
11:29:08.676 [main] INFO  resources.base - User Have Successfully reached the favorites Page
11:29:22.767 [main] INFO  resources.base - user is searching printer using the search textbox
11:29:37.818 [main] ERROR resources.base - Search Result data is not appearing on the page
11:29:37.818 [main] ERROR resources.base - expected [true] but found [false]
11:30:39.182 [main] INFO  resources.base - User has clicked the Logo from the footer of the page
11:30:39.221 [main] INFO  resources.base - User Have reached the Home Page clicking on the footer Logo
11:31:20.659 [main] INFO  resources.base - User has clicked on the My Profile page from My Account dropdown
12:57:01.593 [main] INFO  resources.base - User Have Successfully Login To The Home Page
12:57:40.918 [main] INFO  resources.base - User has clicked on Audio Cables Category From All Products Page
12:57:40.926 [main] INFO  resources.base - User Have reached the Audio Cables Category Page
12:57:44.774 [main] INFO  resources.base - User Have Successfully reached the favorites Page
12:57:58.161 [main] INFO  resources.base - user is searching printer using the search textbox
12:58:13.220 [main] ERROR resources.base - Search Result data is not appearing on the page
12:58:13.220 [main] ERROR resources.base - expected [true] but found [false]
12:59:14.898 [main] INFO  resources.base - User has clicked the Logo from the footer of the page
12:59:14.984 [main] INFO  resources.base - User Have reached the Home Page clicking on the footer Logo
12:59:37.705 [main] INFO  resources.base - User has clicked on the My Profile page from My Account dropdown
13:00:07.588 [main] INFO  resources.base - User has clicked the Logo from the header of the page
13:00:07.596 [main] INFO  resources.base - User Have reached the Home Page clicking on the Header Logo
13:00:12.653 [main] INFO  resources.base - User has clicked on the Standard Catalog Navigation button from header
13:00:43.841 [main] INFO  resources.base - User has clicked on Resouces link from the header
13:01:08.903 [main] INFO  resources.base - User has clicked on Special Offer Link from the header
13:01:18.957 [main] INFO  resources.base - User has clicked on Cart Icon from the header
13:01:37.139 [main] INFO  resources.base - User has clicked the Logo from the header of the page
13:01:52.232 [main] INFO  resources.base - User has clicked the Logo from the footer of the page
13:02:22.393 [main] INFO  resources.base - User has clicked on the All product Link from the footer of the page
13:02:47.513 [main] INFO  resources.base - User has clicked on the Track button from the header of the page
13:03:02.572 [main] INFO  resources.base - User has clicked on the order button from the header of the page
13:03:55.237 [main] INFO  resources.base - User has clicked on the Calendar button from the header of the page
13:04:12.793 [main] INFO  resources.base - user is searching printer using the search textbox
13:04:22.811 [main] INFO  resources.base - Compare Page not reached
13:05:31.102 [main] ERROR resources.base - Search Result not displaying
13:05:31.102 [main] ERROR resources.base - expected [Hp Laptop - MarkITplace] but found [HP Laptop - MarkITplace]
13:12:10.377 [main] ERROR resources.base - Search Result not displaying
13:12:10.378 [main] ERROR resources.base - expected [Hp Laptop - MarkITplace] but found [HP Laptop - MarkITplace]
13:12:20.509 [main] ERROR resources.base - Search Result not displaying
13:12:20.509 [main] ERROR resources.base - expected [Hp Printers - MarkITplace] but found [HP Laptop - MarkITplace]
17:00:46.935 [main] ERROR resources.base - User Is Not Being Able To Login
17:00:46.939 [main] ERROR resources.base - expected [Shop - MarkITplace] but found [Login - MarkITplace]
17:08:23.261 [main] ERROR resources.base - User Is Not Being Able To Login
17:08:23.263 [main] ERROR resources.base - expected [Shop - MarkITplace] but found [Login - MarkITplace]
17:08:50.348 [main] ERROR resources.base - Search Result not displaying
17:08:50.367 [main] ERROR resources.base - expected [Hp Laptop - MarkITplace] but found [HP Laptop - MarkITplace]
17:15:05.578 [main] ERROR resources.base - Search Result not displaying
17:15:05.581 [main] ERROR resources.base - expected [Hp Printers - MarkITplace] but found [HP PrintersHP Laptop - MarkITplace]
17:25:22.815 [main] ERROR resources.base - User Is Not Being Able To Login
17:25:22.818 [main] ERROR resources.base - expected [Shop - MarkITplace] but found [Login - MarkITplace]
17:47:53.267 [main] INFO  resources.base - User Have Successfully Login To The Home Page
17:49:03.953 [main] INFO  resources.base - User Have Successfully Login To The Home Page
17:49:49.217 [main] INFO  resources.base - User has clicked on Audio Cables Category From All Products Page
17:49:49.225 [main] INFO  resources.base - User Have reached the Audio Cables Category Page
17:49:53.513 [main] INFO  resources.base - User Have Successfully reached the favorites Page
17:50:14.605 [main] INFO  resources.base - user is searching printer using the search textbox
17:50:29.670 [main] INFO  resources.base - Search result data is Appearing on the Search Result Page
17:50:32.807 [main] INFO  resources.base - User has clicked on Add to Cart on Third Searched Product
17:50:34.449 [main] INFO  resources.base - Product 1 is successfully added to Cart
17:50:34.507 [main] INFO  resources.base - User has closed the Add to Cart Modal after adding 1st product to cart
17:50:49.591 [main] INFO  resources.base - User has clicked on Add to Favorites on First Searched Product
17:50:49.592 [main] INFO  resources.base - Product is successfully added to favorites
17:52:49.408 [main] INFO  resources.base - User has clicked the Logo from the footer of the page
17:52:49.457 [main] INFO  resources.base - User Have reached the Home Page clicking on the footer Logo
17:53:12.028 [main] INFO  resources.base - User has clicked on the My Profile page from My Account dropdown
17:53:35.353 [main] INFO  resources.base - User has clicked the Logo from the header of the page
17:53:35.360 [main] INFO  resources.base - User Have reached the Home Page clicking on the Header Logo
17:53:41.962 [main] INFO  resources.base - User has clicked on the Standard Catalog Navigation button from header
17:54:26.693 [main] INFO  resources.base - User has clicked on Resouces link from the header
17:54:56.309 [main] INFO  resources.base - User has clicked on Special Offer Link from the header
17:55:04.040 [main] INFO  resources.base - User has clicked on Cart Icon from the header
17:55:07.132 [main] INFO  resources.base - User has clicked on remove link for the 1st product
17:56:41.838 [main] INFO  resources.base - element not interactable
  (Session info: MicrosoftEdge=83.0.478.45)
Build info: version: '3.141.59', revision: 'e82be7d358', time: '2018-11-14T08:17:03'
System info: host: 'ARP-260', ip: '192.168.9.162', os.name: 'Windows 10', os.arch: 'amd64', os.version: '10.0', java.version: '1.8.0_231'
Driver info: org.openqa.selenium.edge.EdgeDriver
Capabilities {acceptInsecureCerts: false, browserName: msedge, browserVersion: 83.0.478.45, javascriptEnabled: true, ms:edgeOptions: {debuggerAddress: localhost:52795}, msedge: {msedgedriverVersion: 83.0.478.45 (fa71536bbfc4d8..., userDataDir: C:\Users\SAIMA~1.TAB\AppDat...}, networkConnectionEnabled: false, pageLoadStrategy: normal, platform: WINDOWS, platformName: WINDOWS, proxy: Proxy(), setWindowRect: true, strictFileInteractability: false, timeouts: {implicit: 0, pageLoad: 300000, script: 30000}, unhandledPromptBehavior: dismiss and notify, webauthn:virtualAuthenticators: true}
Session ID: 620d30301ae4c3d542c6ec383479d1fc
17:56:46.844 [main] INFO  resources.base - User have reached the order confirmation page after placing the order
17:56:49.042 [main] INFO  resources.base - User has clicked the Logo from the header of the page
17:57:01.708 [main] INFO  resources.base - User has clicked the Logo from the footer of the page
17:57:33.226 [main] INFO  resources.base - User has clicked on the All product Link from the footer of the page
17:58:51.841 [main] INFO  resources.base - User has clicked on the Track button from the header of the page
17:59:04.558 [main] INFO  resources.base - User has clicked on the order button from the header of the page
18:00:05.184 [main] INFO  resources.base - aaaaae
18:00:34.653 [main] INFO  resources.base - User has clicked on the Calendar button from the header of the page
18:01:28.365 [main] INFO  resources.base - User has clicked on the Assets report from Report tab
18:02:04.400 [main] INFO  resources.base - User has clicked on the Days To Ship report from Report tab
18:02:13.396 [main] INFO  resources.base - User has clicked on the Expiration report from Report tab
18:03:07.487 [main] INFO  resources.base - User has clicked on the Invoices report from Report tab
18:03:30.808 [main] INFO  resources.base - User has clicked on the Invoice Line report from Report tab
18:03:44.691 [main] INFO  resources.base - User has clicked on the Licenses report from Report tab
18:04:08.902 [main] INFO  resources.base - User has clicked on the Orders report from Report tab
18:04:32.498 [main] INFO  resources.base - User has clicked on the Order Line report from Report tab
18:04:55.658 [main] INFO  resources.base - User has clicked on the PARs report from Report tab
18:05:14.836 [main] INFO  resources.base - User has clicked on the Quotes report from Report tab
18:05:34.687 [main] INFO  resources.base - User has clicked on the Receiving Log report from Report tab
18:06:08.835 [main] INFO  resources.base - User has clicked on the Shipments report from Report tab
18:06:25.350 [main] INFO  resources.base - User has clicked on the Saved Report icon from the header of the page
18:06:25.389 [main] INFO  resources.base - User have reached the  Saved Report page after clicking on the Saved Report icon from the header of the page
18:06:27.019 [main] INFO  resources.base - user is searching printer using the search textbox
18:07:11.286 [main] INFO  resources.base - User Have Successfully reached the Compare page
18:10:02.470 [main] ERROR resources.base - Search Result not displaying
18:10:02.472 [main] ERROR resources.base - expected [Hp Laptop - MarkITplace] but found [HP Laptop - MarkITplace]
18:25:57.217 [main] ERROR resources.base - Search Result not displaying
18:25:57.220 [main] ERROR resources.base - expected [Hp Laptop - MarkITplace] but found [HP Laptop - MarkITplace]
18:28:05.447 [main] ERROR resources.base - Search Result not displaying
18:28:05.447 [main] ERROR resources.base - expected [Hp Laptop - MarkITplace] but found [HP Laptop - MarkITplace]
18:29:48.582 [main] ERROR resources.base - Search Result not displaying
18:29:48.582 [main] ERROR resources.base - expected [Hp Printers - MarkITplace] but found [HP Printers - MarkITplace]
11:23:28.114 [main] ERROR resources.base - Search Result not displaying
11:23:28.117 [main] ERROR resources.base - expected [Hp Laptop - MarkITplace] but found [HP Laptop - MarkITplace]
11:40:49.103 [main] ERROR resources.base - Search Result not displaying
11:40:49.104 [main] ERROR resources.base - expected [Hp Laptop - MarkITplace] but found [HP Laptop - MarkITplace]
11:55:14.290 [main] ERROR resources.base - Search Result not displaying
11:55:14.294 [main] ERROR resources.base - expected [Hp Laptop - MarkITplace] but found [HP Laptop - MarkITplace]
12:05:40.528 [main] ERROR resources.base - Search Result not displaying
12:05:40.529 [main] ERROR resources.base - expected [Hp Laptop - MarkITplace] but found [HP Laptop - MarkITplace]
12:18:08.628 [main] ERROR resources.base - Search Result not displaying
12:18:08.628 [main] ERROR resources.base - expected [Hp Laptop - MarkITplace] but found [HP Laptop - MarkITplace]
12:37:09.175 [main] ERROR resources.base - Search Result not displaying
12:37:09.179 [main] ERROR resources.base - expected [Hp Laptop - MarkITplace] but found [HP Laptop - MarkITplace]
12:50:33.050 [main] ERROR resources.base - Search Result not displaying
12:50:33.050 [main] ERROR resources.base - expected [Hp Laptop - MarkITplace] but found [HP Laptop - MarkITplace]
12:51:27.186 [main] ERROR resources.base - Search Result not displaying
12:51:27.186 [main] ERROR resources.base - expected [Hp Laptop - MarkITplace] but found [HP LaptopHP Laptop - MarkITplace]
12:52:02.273 [main] ERROR resources.base - Search Result not displaying
12:52:02.273 [main] ERROR resources.base - expected [Hp Printers - MarkITplace] but found [HP LaptopHP LaptopHP Printers - MarkITplace]
12:58:37.713 [main] ERROR resources.base - Search Result not displaying
12:58:37.715 [main] ERROR resources.base - expected [Hp Laptop - MarkITplace] but found [HP Laptop - MarkITplace]
13:04:09.037 [main] ERROR resources.base - Search Result not displaying
13:04:09.039 [main] ERROR resources.base - expected [Hp Laptop - MarkITplace] but found [HP Laptop - MarkITplace]
13:06:21.067 [main] ERROR resources.base - Search Result not displaying
13:06:21.068 [main] ERROR resources.base - expected [Hp Laptop - MarkITplace] but found [HP Laptop - MarkITplace]
13:07:03.058 [main] ERROR resources.base - Search Result not displaying
13:07:03.059 [main] ERROR resources.base - expected [Hp Printers - MarkITplace] but found [HP LaptopHP Printers - MarkITplace]
13:11:25.861 [main] ERROR resources.base - Search Result not displaying
13:11:25.862 [main] ERROR resources.base - expected [Hp Laptop - MarkITplace] but found [HP Laptop - MarkITplace]
13:13:31.784 [main] ERROR resources.base - Search Result not displaying
13:13:31.784 [main] ERROR resources.base - expected [Hp Laptop - MarkITplace] but found [HP Laptop - MarkITplace]
16:29:40.070 [main] ERROR resources.base - Search Result not displaying
16:29:40.078 [main] ERROR resources.base - expected [Hp Laptop - MarkITplace] but found [HP Laptop - MarkITplace]
16:30:26.298 [main] ERROR resources.base - Search Result not displaying
16:30:26.299 [main] ERROR resources.base - expected [Hp Laptop - MarkITplace] but found [HP LaptopHP Laptop - MarkITplace]
16:32:16.107 [main] ERROR resources.base - Search Result not displaying
16:32:16.107 [main] ERROR resources.base - expected [Hp Printers - MarkITplace] but found [HP Printers - MarkITplace]
16:37:19.106 [main] ERROR resources.base - Search Result not displaying
16:37:19.110 [main] ERROR resources.base - expected [Hp Laptop - MarkITplace] but found [HP Laptop - MarkITplace]
16:39:21.845 [main] ERROR resources.base - Search Result not displaying
16:39:21.845 [main] ERROR resources.base - expected [Hp Laptop - MarkITplace] but found [HP Laptop - MarkITplace]
16:40:56.030 [main] ERROR resources.base - Search Result not displaying
16:40:56.030 [main] ERROR resources.base - expected [Hp Printers - MarkITplace] but found [HP Printers - MarkITplace]
16:45:31.503 [main] ERROR resources.base - Search Result not displaying
16:45:31.504 [main] ERROR resources.base - expected [Hp Printers - MarkITplace] but found [HP Printers - MarkITplace]
17:04:30.697 [main] ERROR resources.base - Search Result not displaying
17:04:30.700 [main] ERROR resources.base - expected [Hp Laptop - MarkITplace] but found [HP Laptop - MarkITplace]
17:18:11.298 [main] ERROR resources.base - Search Result not displaying
17:18:11.298 [main] ERROR resources.base - expected [Hp Laptop - MarkITplace] but found [HP Laptop - MarkITplace]
17:20:21.024 [main] ERROR resources.base - Search Result not displaying
17:20:21.024 [main] ERROR resources.base - expected [Hp Laptop - MarkITplace] but found [HP Laptop - MarkITplace]
17:22:01.094 [main] ERROR resources.base - Search Result not displaying
17:22:01.095 [main] ERROR resources.base - expected [Hp Printers - MarkITplace] but found [HP Printers - MarkITplace]
08:25:01.464 [main] ERROR resources.base - Search Result not displaying
08:25:01.471 [main] ERROR resources.base - expected [Hp Laptop - MarkITplace] but found [HP Laptop - MarkITplace]
08:39:45.750 [main] ERROR resources.base - Search Result not displaying
08:39:45.752 [main] ERROR resources.base - expected [Hp Laptop - MarkITplace] but found [HP Laptop - MarkITplace]
08:41:52.928 [main] ERROR resources.base - Search Result not displaying
08:41:52.929 [main] ERROR resources.base - expected [Hp Laptop - MarkITplace] but found [HP Laptop - MarkITplace]
08:43:36.319 [main] ERROR resources.base - Search Result not displaying
08:43:36.319 [main] ERROR resources.base - expected [Hp Printers - MarkITplace] but found [HP Printers - MarkITplace]
16:25:32.860 [main] ERROR resources.base - Search Result not displaying
16:25:32.862 [main] ERROR resources.base - expected [Hp Laptop - MarkITplace] but found [HP Laptop - MarkITplace]
16:46:22.160 [main] ERROR resources.base - Search Result not displaying
16:46:22.162 [main] ERROR resources.base - expected [Hp Laptop - MarkITplace] but found [HP Laptop - MarkITplace]
16:51:25.481 [main] ERROR resources.base - Search Result not displaying
16:51:25.481 [main] ERROR resources.base - expected [Hp Laptop - MarkITplace] but found [HP Laptop - MarkITplace]
16:59:19.003 [main] ERROR resources.base - Search Result not displaying
16:59:19.004 [main] ERROR resources.base - expected [Hp Laptop - MarkITplace] but found [HP Laptop - MarkITplace]
17:01:15.856 [main] ERROR resources.base - Search Result not displaying
17:01:15.856 [main] ERROR resources.base - expected [Hp Laptop - MarkITplace] but found [HP Laptop - MarkITplace]
17:02:51.483 [main] ERROR resources.base - Search Result not displaying
17:02:51.483 [main] ERROR resources.base - expected [Hp Printers - MarkITplace] but found [HP Printers - MarkITplace]
17:09:35.353 [main] INFO  resources.base - User Have Successfully Login To The Home Page
17:10:20.670 [main] INFO  resources.base - User has clicked on Audio Cables Category From All Products Page
17:10:20.685 [main] INFO  resources.base - User Have reached the Audio Cables Category Page
17:10:24.771 [main] INFO  resources.base - User Have Successfully reached the favorites Page
17:10:45.953 [main] INFO  resources.base - user is searching printer using the search textbox
17:11:01.034 [main] INFO  resources.base - Search result data is Appearing on the Search Result Page
17:11:03.122 [main] INFO  resources.base - User has clicked on Add to Cart on Third Searched Product
17:11:04.764 [main] INFO  resources.base - Product 1 is successfully added to Cart
17:11:04.834 [main] INFO  resources.base - User has closed the Add to Cart Modal after adding 1st product to cart
17:11:19.904 [main] INFO  resources.base - User has clicked on Add to Favorites on First Searched Product
17:11:19.905 [main] INFO  resources.base - Product is successfully added to favorites
17:13:20.088 [main] INFO  resources.base - User has clicked the Logo from the footer of the page
17:13:20.093 [main] INFO  resources.base - User Have reached the Home Page clicking on the footer Logo
17:13:42.839 [main] INFO  resources.base - User has clicked on the My Profile page from My Account dropdown
17:14:07.432 [main] INFO  resources.base - User has clicked the Logo from the header of the page
