17:14:07.450 [main] INFO  resources.base - User Have reached the Home Page clicking on the Header Logo
17:14:16.842 [main] INFO  resources.base - User has clicked on the Standard Catalog Navigation button from header
17:15:05.753 [main] INFO  resources.base - User has clicked on Resouces link from the header
17:15:35.746 [main] INFO  resources.base - User has clicked on Special Offer Link from the header
17:15:43.633 [main] INFO  resources.base - User has clicked on Cart Icon from the header
17:15:46.762 [main] INFO  resources.base - User has clicked on remove link for the 1st product
17:17:23.398 [main] INFO  resources.base - element not interactable
  (Session info: chrome=78.0.3904.70)
Build info: version: '3.141.59', revision: 'e82be7d358', time: '2018-11-14T08:17:03'
System info: host: 'ARP-260', ip: '192.168.9.114', os.name: 'Windows 10', os.arch: 'amd64', os.version: '10.0', java.version: '1.8.0_231'
Driver info: org.openqa.selenium.chrome.ChromeDriver
Capabilities {acceptInsecureCerts: false, browserName: chrome, browserVersion: 78.0.3904.70, chrome: {chromedriverVersion: 78.0.3904.70 (edb9c9f3de024..., userDataDir: C:\Users\SAIMA~1.TAB\AppDat...}, goog:chromeOptions: {debuggerAddress: localhost:54153}, javascriptEnabled: true, networkConnectionEnabled: false, pageLoadStrategy: normal, platform: XP, platformName: XP, proxy: Proxy(), setWindowRect: true, strictFileInteractability: false, timeouts: {implicit: 0, pageLoad: 300000, script: 30000}, unhandledPromptBehavior: dismiss and notify}
Session ID: edf01df46d9e0538cb683fba92a6b8c8
17:17:28.403 [main] INFO  resources.base - User have reached the order confirmation page after placing the order
17:17:31.514 [main] INFO  resources.base - User has clicked the Logo from the header of the page
17:17:43.762 [main] INFO  resources.base - User has clicked the Logo from the footer of the page
17:18:16.255 [main] INFO  resources.base - User has clicked on the All product Link from the footer of the page
17:19:39.356 [main] ERROR resources.base - Search Result not displaying
17:19:39.357 [main] ERROR resources.base - expected [Hp Laptop - MarkITplace] but found [HP Laptop - MarkITplace]
17:22:01.869 [main] ERROR resources.base - Search Result not displaying
17:22:01.871 [main] ERROR resources.base - expected [Hp Laptop - MarkITplace] but found [HP Laptop - MarkITplace]
17:23:52.687 [main] ERROR resources.base - Search Result not displaying
17:23:52.688 [main] ERROR resources.base - expected [Hp Laptop - MarkITplace] but found [HP Laptop - MarkITplace]
17:25:17.983 [main] ERROR resources.base - Search Result not displaying
17:25:17.983 [main] ERROR resources.base - expected [Hp Printers - MarkITplace] but found [HP Printers - MarkITplace]
10:43:01.834 [main] ERROR resources.base - Search Result not displaying
10:43:01.836 [main] ERROR resources.base - expected [Hp Laptop - MarkITplace] but found [HP Laptop - MarkITplace]
11:00:21.503 [main] ERROR resources.base - Search Result not displaying
11:00:21.504 [main] ERROR resources.base - expected [Hp Laptop - MarkITplace] but found [HP Laptop - MarkITplace]
11:20:18.759 [main] ERROR resources.base - Search Result not displaying
11:20:18.762 [main] ERROR resources.base - expected [Hp Laptop - MarkITplace] but found [HP Laptop - MarkITplace]
11:22:20.126 [main] ERROR resources.base - Search Result not displaying
11:22:20.126 [main] ERROR resources.base - expected [Hp Laptop - MarkITplace] but found [HP Laptop - MarkITplace]
11:24:02.650 [main] ERROR resources.base - Search Result not displaying
11:24:02.651 [main] ERROR resources.base - expected [Hp Printers - MarkITplace] but found [HP Printers - MarkITplace]
11:26:59.507 [main] ERROR resources.base - Search Result not displaying
11:26:59.508 [main] ERROR resources.base - expected [Hp Laptop - MarkITplace] but found [HP Laptop - MarkITplace]
11:45:59.055 [main] ERROR resources.base - Search Result not displaying
11:45:59.055 [main] ERROR resources.base - expected [Hp Laptop - MarkITplace] but found [HP Laptop - MarkITplace]
11:47:11.268 [main] ERROR resources.base - Search Result not displaying
11:47:11.270 [main] ERROR resources.base - expected [Hp Laptop - MarkITplace] but found [HP Laptop - MarkITplace]
11:48:00.954 [main] ERROR resources.base - Search Result not displaying
11:48:00.954 [main] ERROR resources.base - expected [Hp Printers - MarkITplace] but found [HP Printers - MarkITplace]
11:56:20.893 [main] ERROR resources.base - Search Result not displaying
11:56:20.894 [main] ERROR resources.base - expected [Hp Laptop - MarkITplace] but found [HP Laptop - MarkITplace]
12:10:42.445 [main] ERROR resources.base - Search Result not displaying
12:10:42.448 [main] ERROR resources.base - expected [Hp Laptop - MarkITplace] but found [HP Laptop - MarkITplace]
12:31:59.407 [main] ERROR resources.base - Search Result not displaying
12:31:59.408 [main] ERROR resources.base - expected [Hp Laptop - MarkITplace] but found [HP Laptop - MarkITplace]
12:32:48.487 [main] ERROR resources.base - Search Result not displaying
12:32:48.487 [main] ERROR resources.base - expected [Hp Laptop - MarkITplace] but found [HP Laptop - MarkITplace]
12:33:52.337 [main] ERROR resources.base - Search Result not displaying
12:33:52.337 [main] ERROR resources.base - expected [Hp Printers - MarkITplace] but found [HP Printers - MarkITplace]
14:31:31.237 [main] ERROR resources.base - Search Result not displaying
14:31:31.240 [main] ERROR resources.base - expected [Hp Laptop - MarkITplace] but found [HP Laptop - MarkITplace]
14:46:17.316 [main] ERROR resources.base - Search Result not displaying
14:46:17.317 [main] ERROR resources.base - expected [Hp Laptop - MarkITplace] but found [HP Laptop - MarkITplace]
14:59:41.387 [main] ERROR resources.base - Search Result not displaying
14:59:41.390 [main] ERROR resources.base - expected [Hp Laptop - MarkITplace] but found [HP Laptop - MarkITplace]
15:52:03.583 [main] ERROR resources.base - Search Result not displaying
15:52:03.597 [main] ERROR resources.base - expected [Hp Laptop - MarkITplace] but found [HP Laptop - MarkITplace]
16:18:40.673 [main] ERROR resources.base - Search Result not displaying
16:18:40.677 [main] ERROR resources.base - expected [Hp Laptop - MarkITplace] but found [HP Laptop - MarkITplace]
16:34:28.142 [main] ERROR resources.base - Search Result not displaying
16:34:28.144 [main] ERROR resources.base - expected [Hp Laptop - MarkITplace] but found [HP Laptop - MarkITplace]
16:52:03.375 [main] ERROR resources.base - Search Result not displaying
16:52:03.375 [main] ERROR resources.base - expected [Hp Laptop - MarkITplace] but found [HP Laptop - MarkITplace]
17:11:25.373 [main] ERROR resources.base - Search Result not displaying
17:11:25.376 [main] ERROR resources.base - expected [Hp Laptop - MarkITplace] but found [HP Laptop - MarkITplace]
17:27:23.764 [main] ERROR resources.base - Search Result not displaying
17:27:23.765 [main] ERROR resources.base - expected [Hp Laptop - MarkITplace] but found [HP Laptop - MarkITplace]
18:20:53.879 [main] ERROR resources.base - Search Result not displaying
18:20:53.882 [main] ERROR resources.base - expected [Hp Laptop - MarkITplace] but found [HP Laptop - MarkITplace]
18:24:31.545 [main] ERROR resources.base - Search Result not displaying
18:24:31.548 [main] ERROR resources.base - expected [Hp Laptop - MarkITplace] but found [HP Laptop - MarkITplace]
18:27:47.302 [main] ERROR resources.base - Search Result not displaying
18:27:47.305 [main] ERROR resources.base - expected [Hp Laptop - MarkITplace] but found [HP Laptop - MarkITplace]
18:32:13.342 [main] ERROR resources.base - Search Result not displaying
18:32:13.350 [main] ERROR resources.base - expected [Hp Laptop - MarkITplace] but found [HP Laptop - MarkITplace]
18:35:48.711 [main] ERROR resources.base - Search Result not displaying
18:35:48.713 [main] ERROR resources.base - expected [Hp Laptop - MarkITplace] but found [HP Laptop - MarkITplace]
09:30:00.913 [main] ERROR resources.base - Search Result not displaying
09:30:00.916 [main] ERROR resources.base - expected [Hp Laptop - MarkITplace] but found [HP Laptop - MarkITplace]
09:39:36.219 [main] ERROR resources.base - Search Result not displaying
09:39:36.222 [main] ERROR resources.base - expected [Hp Laptop - MarkITplace] but found [HP Laptop - MarkITplace]
09:43:07.569 [main] ERROR resources.base - Search Result not displaying
09:43:07.570 [main] ERROR resources.base - expected [Hp Laptop - MarkITplace] but found [HP Laptop - MarkITplace]
09:56:38.063 [main] ERROR resources.base - Search Result not displaying
09:56:38.066 [main] ERROR resources.base - expected [Hp Laptop - MarkITplace] but found [HP Laptop - MarkITplace]
10:07:08.105 [main] ERROR resources.base - Search Result not displaying
10:07:08.109 [main] ERROR resources.base - expected [Hp Laptop - MarkITplace] but found [HP Laptop - MarkITplace]
10:22:25.120 [main] ERROR resources.base - Search Result not displaying
10:22:25.120 [main] ERROR resources.base - expected [Hp Laptop - MarkITplace] but found [HP Laptop - MarkITplace]
10:34:11.357 [main] ERROR resources.base - Search Result not displaying
10:34:11.359 [main] ERROR resources.base - expected [Hp Laptop - MarkITplace] but found [HP Laptop - MarkITplace]
10:49:14.343 [main] ERROR resources.base - Search Result not displaying
10:49:14.343 [main] ERROR resources.base - expected [Hp Laptop - MarkITplace] but found [HP Laptop - MarkITplace]
10:56:49.337 [main] ERROR resources.base - Search Result not displaying
10:56:49.339 [main] ERROR resources.base - expected [Hp Laptop - MarkITplace] but found [HP Laptop - MarkITplace]
11:09:37.612 [main] ERROR resources.base - Search Result not displaying
11:09:37.622 [main] ERROR resources.base - expected [Hp Laptop - MarkITplace] but found [HP Laptop - MarkITplace]
12:23:18.042 [main] ERROR resources.base - Search Result not displaying
12:23:18.044 [main] ERROR resources.base - expected [Hp Laptop - MarkITplace] but found [HP Laptop - MarkITplace]
12:58:14.035 [main] INFO  resources.base - User Have Successfully Login To The Home Page
12:59:04.543 [main] INFO  resources.base - User has clicked on Audio Cables Category From All Products Page
12:59:04.558 [main] INFO  resources.base - User Have reached the Audio Cables Category Page
12:59:08.077 [main] INFO  resources.base - User Have Successfully reached the favorites Page
12:59:34.121 [main] INFO  resources.base - user is searching printer using the search textbox
12:59:49.212 [main] INFO  resources.base - Search result data is Appearing on the Search Result Page
12:59:53.647 [main] INFO  resources.base - User has clicked on Add to Cart on Third Searched Product
13:03:24.683 [main] INFO  resources.base - user is searching printer using the search textbox
13:03:34.700 [main] INFO  resources.base - Compare Page not reached
13:45:45.585 [main] INFO  resources.base - User Have Successfully Login To The Home Page
14:32:07.627 [main] INFO  resources.base - User Have Successfully Login To The Home Page
14:36:33.635 [main] INFO  resources.base - User has clicked on the My Profile page from My Account dropdown
14:37:18.821 [main] INFO  resources.base - User has clicked on the Standard Catalog Navigation button from header
14:38:45.499 [main] INFO  resources.base - User has clicked on Special Offer Link from the header
14:39:00.149 [main] INFO  resources.base - User has clicked on Cart Icon from the header
14:39:03.234 [main] INFO  resources.base - User has clicked on remove link for the 1st product
14:40:59.435 [main] INFO  resources.base - User has clicked the Logo from the header of the page
14:41:13.057 [main] INFO  resources.base - User has clicked the Logo from the footer of the page
14:45:17.223 [main] INFO  resources.base - aaaaae
14:46:03.893 [main] INFO  resources.base - User has clicked on the Calendar button from the header of the page
14:47:47.205 [main] INFO  resources.base - User has clicked on the Days To Ship report from Report tab
14:50:13.270 [main] INFO  resources.base - User has clicked on the Orders report from Report tab
14:52:56.929 [main] INFO  resources.base - User have reached the Standards report after clicking on Standards link from report tab
21:02:50.788 [main] INFO  resources.base - User Have Successfully Login To The Home Page
21:07:34.632 [main] INFO  resources.base - User has clicked on the My Profile page from My Account dropdown
21:08:28.036 [main] INFO  resources.base - User has clicked on the Standard Catalog Navigation button from header
21:09:59.380 [main] INFO  resources.base - User has clicked on Special Offer Link from the header
21:10:11.574 [main] INFO  resources.base - User has clicked on Cart Icon from the header
21:10:14.700 [main] INFO  resources.base - User has clicked on remove link for the 1st product
21:12:08.647 [main] INFO  resources.base - User has clicked the Logo from the header of the page
21:12:22.778 [main] INFO  resources.base - User has clicked the Logo from the footer of the page
21:17:34.467 [main] INFO  resources.base - User has clicked on the Calendar button from the header of the page
21:19:21.977 [main] INFO  resources.base - User has clicked on the Days To Ship report from Report tab
21:21:56.502 [main] INFO  resources.base - User has clicked on the Orders report from Report tab
21:24:54.543 [main] INFO  resources.base - User have reached the Standards report after clicking on Standards link from report tab
19:37:10.045 [main] INFO  resources.base - User Have Successfully Login To The Home Page
19:41:16.116 [main] INFO  resources.base - User has clicked on the My Profile page from My Account dropdown
19:42:01.101 [main] INFO  resources.base - User has clicked on the Standard Catalog Navigation button from header
19:43:21.955 [main] INFO  resources.base - User has clicked on Special Offer Link from the header
19:43:30.517 [main] INFO  resources.base - User has clicked on Cart Icon from the header
19:43:33.598 [main] INFO  resources.base - User has clicked on remove link for the 1st product
19:45:13.870 [main] INFO  resources.base - User has clicked the Logo from the header of the page
19:45:26.838 [main] INFO  resources.base - User has clicked the Logo from the footer of the page
19:49:15.749 [main] INFO  resources.base - User has clicked on the Calendar button from the header of the page
19:50:45.861 [main] INFO  resources.base - User has clicked on the Days To Ship report from Report tab
19:52:47.381 [main] INFO  resources.base - User has clicked on the Orders report from Report tab
19:55:10.432 [main] INFO  resources.base - User have reached the Standards report after clicking on Standards link from report tab
10:03:24.522 [main] INFO  resources.base - User has clicked on the Standard Catalog Navigation button from header
10:04:56.510 [main] INFO  resources.base - User has clicked on Special Offer Link from the header
10:05:04.458 [main] INFO  resources.base - User has clicked on Cart Icon from the header
10:05:07.569 [main] INFO  resources.base - User has clicked on remove link for the 1st product
10:06:55.484 [main] INFO  resources.base - User has clicked the Logo from the header of the page
10:07:08.504 [main] INFO  resources.base - User has clicked the Logo from the footer of the page
10:11:26.352 [main] INFO  resources.base - User has clicked on the Calendar button from the header of the page
10:13:07.623 [main] INFO  resources.base - User has clicked on the Days To Ship report from Report tab
10:15:23.786 [main] INFO  resources.base - User has clicked on the Orders report from Report tab
10:17:56.410 [main] INFO  resources.base - User have reached the Standards report after clicking on Standards link from report tab
14:34:02.809 [main] INFO  resources.base - User has clicked on the Standard Catalog Navigation button from header
14:35:33.037 [main] INFO  resources.base - User has clicked on Special Offer Link from the header
14:35:41.206 [main] INFO  resources.base - User has clicked on Cart Icon from the header
14:35:44.299 [main] INFO  resources.base - User has clicked on remove link for the 1st product
14:37:25.777 [main] INFO  resources.base - User has clicked the Logo from the header of the page
14:37:38.452 [main] INFO  resources.base - User has clicked the Logo from the footer of the page
14:41:04.158 [main] INFO  resources.base - User has clicked on the Calendar button from the header of the page
11:11:17.848 [main] INFO  resources.base - User has clicked on the Standard Catalog Navigation button from header
11:12:34.916 [main] INFO  resources.base - User has clicked on Special Offer Link from the header
11:12:43.302 [main] INFO  resources.base - User has clicked on Cart Icon from the header
11:12:46.376 [main] INFO  resources.base - User has clicked on remove link for the 1st product
11:14:27.962 [main] INFO  resources.base - User has clicked the Logo from the header of the page
11:14:40.467 [main] INFO  resources.base - User has clicked the Logo from the footer of the page
11:21:54.072 [main] INFO  resources.base - User has clicked on the Standard Catalog Navigation button from header
11:23:12.225 [main] INFO  resources.base - User has clicked on Special Offer Link from the header
11:23:20.649 [main] INFO  resources.base - User has clicked on Cart Icon from the header
11:23:23.738 [main] INFO  resources.base - User has clicked on remove link for the 1st product
11:25:03.499 [main] INFO  resources.base - User has clicked the Logo from the header of the page
11:25:16.034 [main] INFO  resources.base - User has clicked the Logo from the footer of the page
11:29:25.218 [main] INFO  resources.base - User has clicked on the Calendar button from the header of the page
11:31:08.147 [main] INFO  resources.base - User has clicked on the Days To Ship report from Report tab
11:33:17.205 [main] INFO  resources.base - User has clicked on the Orders report from Report tab
11:35:46.215 [main] INFO  resources.base - User have reached the Standards report after clicking on Standards link from report tab
12:40:19.131 [main] INFO  resources.base - User has clicked on the Standard Catalog Navigation button from header
12:42:12.597 [main] INFO  resources.base - User has clicked on Special Offer Link from the header
12:42:24.408 [main] INFO  resources.base - User has clicked on Cart Icon from the header
12:42:27.536 [main] INFO  resources.base - User has clicked on remove link for the 1st product
12:43:22.409 [main] INFO  resources.base - User has clicked the Logo from the header of the page
12:43:35.416 [main] INFO  resources.base - User has clicked the Logo from the footer of the page
12:48:28.094 [main] INFO  resources.base - User has clicked on the Calendar button from the header of the page
12:50:19.306 [main] INFO  resources.base - User has clicked on the Days To Ship report from Report tab
12:52:50.987 [main] INFO  resources.base - User has clicked on the Orders report from Report tab
12:55:41.233 [main] INFO  resources.base - User have reached the Standards report after clicking on Standards link from report tab
22:10:06.792 [main] INFO  resources.base - User has clicked on the Standard Catalog Navigation button from header
22:11:42.453 [main] INFO  resources.base - User has clicked on Special Offer Link from the header
22:11:51.823 [main] INFO  resources.base - User has clicked on Cart Icon from the header
22:11:54.900 [main] INFO  resources.base - User has clicked on remove link for the 1st product
22:13:50.554 [main] INFO  resources.base - User has clicked the Logo from the header of the page
22:14:02.397 [main] INFO  resources.base - User has clicked the Logo from the footer of the page
22:53:00.881 [main] INFO  resources.base - User has clicked on the Standard Catalog Navigation button from header
22:54:40.687 [main] INFO  resources.base - User has clicked on Special Offer Link from the header
22:54:48.469 [main] INFO  resources.base - User has clicked on Cart Icon from the header
22:54:51.558 [main] INFO  resources.base - User has clicked on remove link for the 1st product
22:56:29.199 [main] INFO  resources.base - User has clicked the Logo from the header of the page
22:56:41.846 [main] INFO  resources.base - User has clicked the Logo from the footer of the page
23:00:23.740 [main] INFO  resources.base - User has clicked on the Calendar button from the header of the page
23:01:56.541 [main] INFO  resources.base - User has clicked on the Days To Ship report from Report tab
23:03:56.380 [main] INFO  resources.base - User has clicked on the Orders report from Report tab
23:06:15.755 [main] INFO  resources.base - User have reached the Standards report after clicking on Standards link from report tab
12:32:07.768 [main] INFO  resources.base - User has clicked on the Standard Catalog Navigation button from header
12:33:35.659 [main] INFO  resources.base - User has clicked on Special Offer Link from the header
12:33:45.726 [main] INFO  resources.base - User has clicked on Cart Icon from the header
12:34:03.612 [main] INFO  resources.base - User has clicked the Logo from the header of the page
12:34:22.996 [main] INFO  resources.base - User has clicked the Logo from the footer of the page
12:37:15.398 [main] INFO  resources.base - User has clicked on the Calendar button from the header of the page
12:38:47.589 [main] INFO  resources.base - User has clicked on the Days To Ship report from Report tab
12:54:18.779 [main] INFO  resources.base - User has clicked on the Standard Catalog Navigation button from header
12:55:42.060 [main] INFO  resources.base - User has clicked on Special Offer Link from the header
12:55:47.128 [main] INFO  resources.base - User has clicked on Cart Icon from the header
12:57:42.941 [main] INFO  resources.base - User has clicked the Logo from the header of the page
12:57:55.687 [main] INFO  resources.base - User has clicked the Logo from the footer of the page
13:01:41.014 [main] INFO  resources.base - User has clicked on the Calendar button from the header of the page
13:03:15.338 [main] INFO  resources.base - User has clicked on the Days To Ship report from Report tab
19:27:49.128 [main] INFO  resources.base - User has clicked on the Standard Catalog Navigation button from header
19:30:07.277 [main] INFO  resources.base - User has clicked on the Standard Catalog Navigation button from header
19:32:31.979 [main] INFO  resources.base - User has clicked on the Standard Catalog Navigation button from header
19:39:16.566 [main] INFO  resources.base - User has clicked on the Standard Catalog Navigation button from header
19:46:02.384 [main] INFO  resources.base - User has clicked on the Standard Catalog Navigation button from header
20:02:51.345 [main] INFO  resources.base - User has clicked on the Standard Catalog Navigation button from header
11:19:51.041 [main] INFO  resources.base - User has clicked on the Standard Catalog Navigation button from header
11:31:16.639 [main] INFO  resources.base - User has clicked on the Standard Catalog Navigation button from header
12:04:37.053 [main] INFO  resources.base - User has clicked on the Standard Catalog Navigation button from header
12:11:40.119 [main] INFO  resources.base - User has clicked on the Standard Catalog Navigation button from header
15:24:12.783 [main] INFO  resources.base - User has clicked on the Standard Catalog Navigation button from header
17:32:57.979 [main] INFO  resources.base - User has clicked on the Standard Catalog Navigation button from header
19:37:34.572 [main] INFO  resources.base - User has clicked on the Standard Catalog Navigation button from header
19:44:04.403 [main] INFO  resources.base - User has clicked on the Standard Catalog Navigation button from header
20:23:18.698 [main] INFO  resources.base - User has clicked on the Standard Catalog Navigation button from header
20:26:23.076 [main] INFO  resources.base - User has clicked on the Standard Catalog Navigation button from header
20:29:36.887 [main] INFO  resources.base - User has clicked on the Standard Catalog Navigation button from header
20:33:38.652 [main] INFO  resources.base - User has clicked on the Standard Catalog Navigation button from header
20:38:42.828 [main] INFO  resources.base - User has clicked on the Standard Catalog Navigation button from header
20:50:19.308 [main] INFO  resources.base - User has clicked on the Standard Catalog Navigation button from header
21:09:54.231 [main] INFO  resources.base - User has clicked on the Standard Catalog Navigation button from header
21:29:17.514 [main] INFO  resources.base - User has clicked on the Standard Catalog Navigation button from header
21:44:43.957 [main] INFO  resources.base - User has clicked on the Standard Catalog Navigation button from header
21:50:32.214 [main] INFO  resources.base - User has clicked on the Standard Catalog Navigation button from header
21:55:45.739 [main] INFO  resources.base - User has clicked on the Standard Catalog Navigation button from header
22:06:13.896 [main] INFO  resources.base - User has clicked on the Standard Catalog Navigation button from header
17:03:30.795 [main] INFO  resources.base - User has clicked on the Standard Catalog Navigation button from header
17:10:55.917 [main] INFO  resources.base - User has clicked on the Standard Catalog Navigation button from header
17:12:19.093 [main] INFO  resources.base - User has clicked on Special Offer Link from the header
17:12:44.516 [main] INFO  resources.base - User has clicked on Cart Icon from the header
17:12:52.644 [main] INFO  resources.base - User has clicked on remove link for the 1st product
17:14:41.899 [main] INFO  resources.base - User has clicked the Logo from the header of the page
17:14:54.757 [main] INFO  resources.base - User has clicked the Logo from the footer of the page
17:18:59.289 [main] INFO  resources.base - User has clicked on the Calendar button from the header of the page
17:20:34.937 [main] INFO  resources.base - User has clicked on the Days To Ship report from Report tab
17:23:04.612 [main] INFO  resources.base - User has clicked on the Orders report from Report tab
17:25:38.929 [main] INFO  resources.base - User have reached the Standards report after clicking on Standards link from report tab
17:39:35.895 [main] INFO  resources.base - User has clicked on the Standard Catalog Navigation button from header
17:40:54.721 [main] INFO  resources.base - User has clicked on Special Offer Link from the header
17:41:19.749 [main] INFO  resources.base - User has clicked on Cart Icon from the header
17:41:27.873 [main] INFO  resources.base - User has clicked on remove link for the 1st product
17:43:15.411 [main] INFO  resources.base - User has clicked the Logo from the header of the page
17:43:27.934 [main] INFO  resources.base - User has clicked the Logo from the footer of the page
17:47:10.821 [main] INFO  resources.base - User has clicked on the Calendar button from the header of the page
17:48:40.600 [main] INFO  resources.base - User has clicked on the Days To Ship report from Report tab
17:51:08.362 [main] INFO  resources.base - User has clicked on the Orders report from Report tab
17:53:38.640 [main] INFO  resources.base - User have reached the Standards report after clicking on Standards link from report tab
11:06:40.667 [main] INFO  resources.base - User has clicked on the Standard Catalog Navigation button from header
11:16:50.710 [main] INFO  resources.base - User has clicked on the Standard Catalog Navigation button from header
11:53:50.892 [main] INFO  resources.base - User has clicked on the Standard Catalog Navigation button from header
12:00:29.095 [main] INFO  resources.base - User has clicked on the Standard Catalog Navigation button from header
12:04:03.253 [main] INFO  resources.base - User has clicked on the Standard Catalog Navigation button from header
12:12:32.937 [main] INFO  resources.base - User has clicked on the Standard Catalog Navigation button from header
12:50:16.151 [main] INFO  resources.base - User has clicked on the Standard Catalog Navigation button from header
12:54:53.893 [main] INFO  resources.base - User has clicked on the Standard Catalog Navigation button from header
13:45:08.342 [main] INFO  resources.base - User has clicked on the Standard Catalog Navigation button from header
13:50:06.902 [main] INFO  resources.base - User has clicked on the Standard Catalog Navigation button from header
13:51:49.594 [main] INFO  resources.base - User has clicked on the Standard Catalog Navigation button from header
14:02:22.336 [main] INFO  resources.base - User has clicked on the Standard Catalog Navigation button from header
14:13:14.713 [main] INFO  resources.base - User has clicked on the Standard Catalog Navigation button from header
14:14:58.401 [main] INFO  resources.base - User has clicked on the Standard Catalog Navigation button from header
14:24:44.236 [main] INFO  resources.base - User has clicked on the Standard Catalog Navigation button from header
14:39:24.941 [main] INFO  resources.base - User has clicked on the Standard Catalog Navigation button from header
14:43:54.984 [main] INFO  resources.base - User has clicked on the Standard Catalog Navigation button from header
14:46:30.541 [main] INFO  resources.base - User has clicked on the Standard Catalog Navigation button from header
14:49:30.295 [main] INFO  resources.base - User has clicked on the Standard Catalog Navigation button from header
15:01:20.427 [main] INFO  resources.base - User has clicked on the Standard Catalog Navigation button from header
15:07:55.957 [main] INFO  resources.base - User has clicked on the Standard Catalog Navigation button from header
15:11:11.032 [main] INFO  resources.base - User has clicked on the Standard Catalog Navigation button from header
15:13:56.932 [main] INFO  resources.base - User has clicked on the Standard Catalog Navigation button from header
15:17:00.248 [main] INFO  resources.base - User has clicked on the Standard Catalog Navigation button from header
15:19:43.056 [main] INFO  resources.base - User has clicked on the Standard Catalog Navigation button from header
15:24:39.844 [main] INFO  resources.base - User has clicked on the Standard Catalog Navigation button from header
15:28:20.733 [main] INFO  resources.base - User has clicked on the Standard Catalog Navigation button from header
15:34:04.690 [main] INFO  resources.base - User has clicked on the Standard Catalog Navigation button from header
15:38:19.029 [main] INFO  resources.base - User has clicked on the Standard Catalog Navigation button from header
15:49:14.709 [main] INFO  resources.base - User has clicked on the Standard Catalog Navigation button from header
15:52:41.067 [main] INFO  resources.base - User has clicked on the Standard Catalog Navigation button from header
15:59:08.071 [main] INFO  resources.base - User has clicked on the Standard Catalog Navigation button from header
16:02:26.868 [main] INFO  resources.base - User has clicked on the Standard Catalog Navigation button from header
18:46:06.119 [main] INFO  resources.base - User has clicked on the Standard Catalog Navigation button from header
18:54:00.018 [main] INFO  resources.base - User has clicked on the Standard Catalog Navigation button from header
19:00:09.760 [main] INFO  resources.base - User has clicked on the Standard Catalog Navigation button from header
19:02:08.789 [main] INFO  resources.base - User has clicked on the Standard Catalog Navigation button from header
19:03:48.536 [main] INFO  resources.base - User has clicked on the Standard Catalog Navigation button from header
19:21:11.174 [main] INFO  resources.base - User has clicked on the Standard Catalog Navigation button from header
19:33:33.748 [main] INFO  resources.base - User has clicked on the Standard Catalog Navigation button from header
19:41:41.247 [main] INFO  resources.base - User has clicked on the Standard Catalog Navigation button from header
19:44:32.149 [main] INFO  resources.base - User has clicked on the Standard Catalog Navigation button from header
19:46:47.596 [main] INFO  resources.base - User has clicked on the Standard Catalog Navigation button from header
21:17:30.511 [main] INFO  resources.base - User has clicked on the Standard Catalog Navigation button from header
21:18:51.208 [main] INFO  resources.base - User has clicked on Special Offer Link from the header
21:19:16.182 [main] INFO  resources.base - User has clicked on Cart Icon from the header
21:20:12.217 [main] INFO  resources.base - User has clicked the Logo from the header of the page
21:20:24.503 [main] INFO  resources.base - User has clicked the Logo from the footer of the page
21:31:35.861 [main] INFO  resources.base - User has clicked on the Standard Catalog Navigation button from header
21:32:37.196 [main] INFO  resources.base - User has clicked on Special Offer Link from the header
21:32:59.286 [main] INFO  resources.base - User has clicked on Cart Icon from the header
21:33:27.439 [main] INFO  resources.base - User has clicked the Logo from the header of the page
21:33:42.547 [main] INFO  resources.base - User has clicked the Logo from the footer of the page
21:36:07.234 [main] INFO  resources.base - User has clicked on the Calendar button from the header of the page
22:34:45.010 [main] INFO  resources.base - User has clicked on the Standard Catalog Navigation button from header
22:42:25.996 [main] INFO  resources.base - User has clicked on the Standard Catalog Navigation button from header
22:43:49.029 [main] INFO  resources.base - User has clicked on Special Offer Link from the header
22:44:15.044 [main] INFO  resources.base - User has clicked on Cart Icon from the header
22:44:23.139 [main] INFO  resources.base - User has clicked on remove link for the 1st product
22:46:24.572 [main] INFO  resources.base - User has clicked the Logo from the header of the page
22:46:36.390 [main] INFO  resources.base - User has clicked the Logo from the footer of the page
22:58:58.010 [main] INFO  resources.base - User has clicked on the Standard Catalog Navigation button from header
23:00:22.208 [main] INFO  resources.base - User has clicked on Special Offer Link from the header
23:00:48.297 [main] INFO  resources.base - User has clicked on Cart Icon from the header
23:02:07.529 [main] INFO  resources.base - User has clicked the Logo from the header of the page
23:02:19.605 [main] INFO  resources.base - User has clicked the Logo from the footer of the page
23:07:22.007 [main] INFO  resources.base - User has clicked on the Calendar button from the header of the page
23:09:06.736 [main] INFO  resources.base - User has clicked on the Days To Ship report from Report tab
23:11:58.995 [main] INFO  resources.base - User has clicked on the Orders report from Report tab
23:30:32.734 [main] INFO  resources.base - User has clicked on the Standard Catalog Navigation button from header
23:38:52.394 [main] INFO  resources.base - User has clicked on the Standard Catalog Navigation button from header
23:40:13.236 [main] INFO  resources.base - User has clicked on Special Offer Link from the header
23:40:39.587 [main] INFO  resources.base - User has clicked on Cart Icon from the header
23:41:58.558 [main] INFO  resources.base - User has clicked the Logo from the header of the page
23:42:10.267 [main] INFO  resources.base - User has clicked the Logo from the footer of the page
23:45:56.989 [main] INFO  resources.base - User has clicked on the Calendar button from the header of the page
23:47:38.184 [main] INFO  resources.base - User has clicked on the Days To Ship report from Report tab
23:50:34.525 [main] INFO  resources.base - User has clicked on the Orders report from Report tab
11:23:35.858 [main] INFO  resources.base - User has clicked the Logo from the header of the page
09:27:54.658 [main] INFO  resources.base - User has clicked the Logo from the header of the page
09:29:39.151 [main] INFO  resources.base - User has clicked on the Calendar button from the header of the page
09:52:17.027 [main] INFO  resources.base - User has clicked on the Days To Ship report from Report tab
10:46:21.667 [main] INFO  resources.base - User has clicked on the Standard Catalog Navigation button from header
10:47:33.301 [main] INFO  resources.base - User has clicked on Special Offer Link from the header
10:47:59.025 [main] INFO  resources.base - User has clicked on Cart Icon from the header
10:50:06.726 [main] INFO  resources.base - User has clicked the Logo from the header of the page
10:50:18.564 [main] INFO  resources.base - User has clicked the Logo from the footer of the page
10:54:48.365 [main] INFO  resources.base - User has clicked on the Calendar button from the header of the page
10:56:32.487 [main] INFO  resources.base - User has clicked on the Days To Ship report from Report tab
11:10:14.596 [main] INFO  resources.base - User have reached the Standards report after clicking on Standards link from report tab
11:40:45.111 [main] INFO  resources.base - User has clicked on the Standard Catalog Navigation button from header
11:41:57.147 [main] INFO  resources.base - User has clicked on Special Offer Link from the header
11:42:23.065 [main] INFO  resources.base - User has clicked on Cart Icon from the header
11:43:36.697 [main] INFO  resources.base - User has clicked the Logo from the header of the page
11:43:48.240 [main] INFO  resources.base - User has clicked the Logo from the footer of the page
11:47:59.865 [main] INFO  resources.base - User has clicked on the Calendar button from the header of the page
11:51:48.511 [main] INFO  resources.base - User have reached the Standards report after clicking on Standards link from report tab
11:59:48.683 [main] INFO  resources.base - User has clicked the Logo from the header of the page
12:00:01.011 [main] INFO  resources.base - User has clicked the Logo from the footer of the page
12:08:10.015 [main] INFO  resources.base - User has clicked on the Standard Catalog Navigation button from header
12:09:22.389 [main] INFO  resources.base - User has clicked on Special Offer Link from the header
12:09:48.578 [main] INFO  resources.base - User has clicked on Cart Icon from the header
12:11:22.876 [main] INFO  resources.base - User has clicked the Logo from the header of the page
12:11:34.750 [main] INFO  resources.base - User has clicked the Logo from the footer of the page
12:21:13.083 [main] INFO  resources.base - User has clicked on the Standard Catalog Navigation button from header
12:22:23.560 [main] INFO  resources.base - User has clicked on Special Offer Link from the header
12:22:49.278 [main] INFO  resources.base - User has clicked on Cart Icon from the header
12:24:22.683 [main] INFO  resources.base - User has clicked the Logo from the header of the page
12:32:44.269 [main] INFO  resources.base - User has clicked the Logo from the header of the page
12:32:58.061 [main] INFO  resources.base - User has clicked the Logo from the footer of the page
13:04:03.770 [main] INFO  resources.base - User has clicked on the Standard Catalog Navigation button from header
13:05:16.330 [main] INFO  resources.base - User has clicked on Special Offer Link from the header
13:05:42.167 [main] INFO  resources.base - User has clicked on Cart Icon from the header
13:08:27.249 [main] INFO  resources.base - User has clicked the Logo from the header of the page
13:08:38.781 [main] INFO  resources.base - User has clicked the Logo from the footer of the page
13:12:50.099 [main] INFO  resources.base - User has clicked on the Calendar button from the header of the page
13:16:43.347 [main] INFO  resources.base - User have reached the Standards report after clicking on Standards link from report tab
17:59:35.300 [main] INFO  resources.base - User has clicked the Logo from the header of the page
17:59:47.776 [main] INFO  resources.base - User has clicked the Logo from the footer of the page
18:04:27.189 [main] INFO  resources.base - User has clicked the Logo from the header of the page
10:40:27.177 [main] INFO  resources.base - User has clicked on the Standard Catalog Navigation button from header
10:50:55.206 [main] INFO  resources.base - User has clicked on the Standard Catalog Navigation button from header
11:09:56.640 [main] INFO  resources.base - User has clicked on the Standard Catalog Navigation button from header
11:12:57.132 [main] INFO  resources.base - User has clicked on the Standard Catalog Navigation button from header
11:31:02.601 [main] INFO  resources.base - User has clicked on the Standard Catalog Navigation button from header
11:42:10.744 [main] INFO  resources.base - User has clicked on the Standard Catalog Navigation button from header
11:50:38.248 [main] INFO  resources.base - User has clicked on the Standard Catalog Navigation button from header
11:53:52.504 [main] INFO  resources.base - User has clicked on the Standard Catalog Navigation button from header
11:56:37.304 [main] INFO  resources.base - User has clicked on the Standard Catalog Navigation button from header
12:04:52.613 [main] INFO  resources.base - User has clicked on the Standard Catalog Navigation button from header
17:22:37.302 [main] INFO  resources.base - User has clicked on the Standard Catalog Navigation button from header
17:25:57.689 [main] INFO  resources.base - User has clicked on the Standard Catalog Navigation button from header
17:28:35.437 [main] INFO  resources.base - User has clicked on the Standard Catalog Navigation button from header
10:48:01.354 [main] INFO  resources.base - User has clicked on the Standard Catalog Navigation button from header
10:49:25.168 [main] INFO  resources.base - User has clicked on Special Offer Link from the header
10:49:52.329 [main] INFO  resources.base - User has clicked on Cart Icon from the header
10:52:57.789 [main] INFO  resources.base - User has clicked the Logo from the header of the page
10:53:11.758 [main] INFO  resources.base - User has clicked the Logo from the footer of the page
10:57:52.578 [main] INFO  resources.base - User has clicked on the Calendar button from the header of the page
18:19:18.141 [main] INFO  resources.base - User has clicked on the Standard Catalog Navigation button from header
18:20:42.841 [main] INFO  resources.base - User has clicked on Special Offer Link from the header
18:21:12.274 [main] INFO  resources.base - User has clicked on Cart Icon from the header
18:24:23.063 [main] INFO  resources.base - User has clicked the Logo from the header of the page
18:24:38.667 [main] INFO  resources.base - User has clicked the Logo from the footer of the page
18:29:09.786 [main] INFO  resources.base - User has clicked on the Calendar button from the header of the page
19:14:24.611 [main] INFO  resources.base - User has clicked on the Standard Catalog Navigation button from header
19:15:44.384 [main] INFO  resources.base - User has clicked on Special Offer Link from the header
19:16:09.270 [main] INFO  resources.base - User has clicked on Cart Icon from the header
19:19:02.934 [main] INFO  resources.base - User has clicked the Logo from the header of the page
19:19:16.725 [main] INFO  resources.base - User has clicked the Logo from the footer of the page
19:24:18.282 [main] INFO  resources.base - User has clicked on the Calendar button from the header of the page
19:27:58.524 [main] INFO  resources.base - User have reached the Standards report after clicking on Standards link from report tab
13:32:52.453 [main] INFO  resources.base - User has clicked on the Calendar button from the header of the page
13:43:29.318 [main] INFO  resources.base - User has clicked on the Calendar button from the header of the page
12:08:33.406 [main] INFO  resources.base - User has clicked on the Standard Catalog Navigation button from header
12:15:02.803 [main] INFO  resources.base - User has clicked on the Standard Catalog Navigation button from header
12:17:56.886 [main] INFO  resources.base - User has clicked on the Standard Catalog Navigation button from header
12:20:18.353 [main] INFO  resources.base - User has clicked on the Standard Catalog Navigation button from header
12:30:55.141 [main] INFO  resources.base - User has clicked on the Standard Catalog Navigation button from header
12:40:27.161 [main] INFO  resources.base - User has clicked on the Standard Catalog Navigation button from header
13:22:04.914 [main] INFO  resources.base - User has clicked on the Standard Catalog Navigation button from header
13:23:22.909 [main] INFO  resources.base - User has clicked on Special Offer Link from the header
13:23:50.175 [main] INFO  resources.base - User has clicked on Cart Icon from the header
13:26:45.183 [main] INFO  resources.base - User has clicked the Logo from the header of the page
13:27:05.235 [main] INFO  resources.base - User has clicked the Logo from the footer of the page
13:31:51.120 [main] INFO  resources.base - User has clicked on the Calendar button from the header of the page
13:02:52.718 [main] INFO  resources.base - User has clicked on the Standard Catalog Navigation button from header
13:04:10.710 [main] INFO  resources.base - User has clicked on Special Offer Link from the header
13:04:38.003 [main] INFO  resources.base - User has clicked on Cart Icon from the header
13:07:32.006 [main] INFO  resources.base - User has clicked the Logo from the header of the page
13:07:44.699 [main] INFO  resources.base - User has clicked the Logo from the footer of the page
13:18:08.906 [main] INFO  resources.base - User has clicked on the Calendar button from the header of the page
13:52:53.779 [main] INFO  resources.base - User has clicked on the Standard Catalog Navigation button from header
13:54:59.797 [main] INFO  resources.base - User has clicked on the Standard Catalog Navigation button from header
14:23:46.083 [main] INFO  resources.base - User has clicked on the Standard Catalog Navigation button from header
14:30:46.511 [main] INFO  resources.base - User has clicked on the Standard Catalog Navigation button from header
11:59:41.763 [main] INFO  resources.base - User has clicked on the Standard Catalog Navigation button from header
12:44:34.517 [main] INFO  resources.base - User has clicked on the Standard Catalog Navigation button from header
12:45:34.863 [main] INFO  resources.base - User has clicked on the Standard Catalog Navigation button from header
17:31:26.867 [main] INFO  resources.base - User has clicked on the Standard Catalog Navigation button from header
17:39:24.734 [main] INFO  resources.base - User has clicked on the Standard Catalog Navigation button from header
17:56:53.494 [main] INFO  resources.base - User has clicked on the Standard Catalog Navigation button from header
18:05:09.784 [main] INFO  resources.base - User has clicked on the Standard Catalog Navigation button from header
10:12:57.899 [main] INFO  resources.base - User has clicked on the Standard Catalog Navigation button from header
10:14:43.118 [main] INFO  resources.base - User has clicked on Special Offer Link from the header
10:15:08.613 [main] INFO  resources.base - User has clicked on Cart Icon from the header
10:17:20.806 [main] INFO  resources.base - User has clicked the Logo from the header of the page
10:17:33.291 [main] INFO  resources.base - User has clicked the Logo from the footer of the page
10:21:47.150 [main] INFO  resources.base - User has clicked on the Calendar button from the header of the page
10:43:05.387 [main] INFO  resources.base - User has clicked on the Standard Catalog Navigation button from header
11:27:49.234 [main] INFO  resources.base - User has clicked on the Standard Catalog Navigation button from header
11:33:39.191 [main] INFO  resources.base - User has clicked on the Standard Catalog Navigation button from header
12:00:20.689 [main] INFO  resources.base - User has clicked on the Standard Catalog Navigation button from header
12:31:36.119 [main] INFO  resources.base - User has clicked on the Standard Catalog Navigation button from header
12:34:33.391 [main] INFO  resources.base - User has clicked on the Standard Catalog Navigation button from header
14:03:09.808 [main] INFO  resources.base - User has clicked on the Standard Catalog Navigation button from header
15:57:40.235 [main] INFO  resources.base - User has clicked on the Standard Catalog Navigation button from header
16:29:38.742 [main] INFO  resources.base - User has clicked on the Standard Catalog Navigation button from header
