14:03:59.835 [main] INFO  resources.base - User Have Successfully Login To The Home Page
14:04:12.946 [main] INFO  resources.base - User has clicked on the Purchase Analysis button from the header of the page
14:04:13.055 [main] INFO  resources.base - User have reached the Purchase Analysis page after clicking on the Purchase Analysis button from the header of the page
14:04:13.765 [main] INFO  resources.base - User have clicked on email icon on purchase analysis Page
14:18:21.517 [main] INFO  resources.base - User Have Successfully Login To The Home Page
14:18:35.143 [main] INFO  resources.base - User has clicked on the Purchase Analysis button from the header of the page
14:18:35.218 [main] INFO  resources.base - User have reached the Purchase Analysis page after clicking on the Purchase Analysis button from the header of the page
14:18:36.342 [main] INFO  resources.base - User have clicked on email icon on purchase analysis Page
14:26:03.850 [main] INFO  resources.base - User Have Successfully Login To The Home Page
14:26:17.595 [main] INFO  resources.base - User has clicked on the Purchase Analysis button from the header of the page
14:26:17.700 [main] INFO  resources.base - User have reached the Purchase Analysis page after clicking on the Purchase Analysis button from the header of the page
14:26:18.738 [main] INFO  resources.base - User have clicked on email icon on purchase analysis Page
14:33:24.077 [main] INFO  resources.base - User Have Successfully Login To The Home Page
14:34:01.857 [main] INFO  resources.base - User has clicked on the Purchase Analysis button from the header of the page
14:34:01.862 [main] INFO  resources.base - User have reached the Purchase Analysis page after clicking on the Purchase Analysis button from the header of the page
14:34:02.118 [main] INFO  resources.base - User have clicked on email icon on purchase analysis Page
14:39:16.806 [main] INFO  resources.base - User Have Successfully Login To The Home Page
14:39:54.807 [main] INFO  resources.base - User has clicked on the Purchase Analysis button from the header of the page
14:39:54.818 [main] INFO  resources.base - User have reached the Purchase Analysis page after clicking on the Purchase Analysis button from the header of the page
14:39:55.088 [main] INFO  resources.base - User have clicked on email icon on purchase analysis Page
14:42:58.227 [main] INFO  resources.base - User Have Successfully Login To The Home Page
14:43:12.086 [main] INFO  resources.base - User has clicked on the Purchase Analysis button from the header of the page
14:43:12.120 [main] INFO  resources.base - User have reached the Purchase Analysis page after clicking on the Purchase Analysis button from the header of the page
14:43:13.028 [main] INFO  resources.base - User have clicked on email icon on purchase analysis Page
14:56:24.659 [main] INFO  resources.base - User have entered the email on email field at purchase analysis Page
14:56:25.516 [main] INFO  resources.base - User have click on Send button at email popup screen at purchase analysis Page
15:16:38.447 [main] INFO  resources.base - User Have Successfully Login To The Home Page
15:16:53.231 [main] INFO  resources.base - User has clicked on the Purchase Analysis button from the header of the page
15:16:53.360 [main] INFO  resources.base - User have reached the Purchase Analysis page after clicking on the Purchase Analysis button from the header of the page
15:18:38.659 [main] INFO  resources.base - User Have Successfully Login To The Home Page
15:18:52.882 [main] INFO  resources.base - User has clicked on the Purchase Analysis button from the header of the page
15:18:52.978 [main] INFO  resources.base - User have reached the Purchase Analysis page after clicking on the Purchase Analysis button from the header of the page
15:27:37.684 [main] INFO  resources.base - User Have Successfully Login To The Home Page
15:27:51.894 [main] INFO  resources.base - User has clicked on the Purchase Analysis button from the header of the page
15:27:52.084 [main] INFO  resources.base - User have reached the Purchase Analysis page after clicking on the Purchase Analysis button from the header of the page
15:45:55.014 [main] INFO  resources.base - User Have Successfully Login To The Home Page
15:46:18.563 [main] INFO  resources.base - User has clicked on the Purchase Analysis button from the header of the page
15:46:18.701 [main] INFO  resources.base - User have reached the Purchase Analysis page after clicking on the Purchase Analysis button from the header of the page
16:16:32.484 [main] INFO  resources.base - User Have Successfully Login To The Home Page
16:16:47.475 [main] INFO  resources.base - User has clicked on the Purchase Analysis button from the header of the page
16:16:47.549 [main] INFO  resources.base - User have reached the Purchase Analysis page after clicking on the Purchase Analysis button from the header of the page
16:20:37.764 [main] INFO  resources.base - User Have Successfully Login To The Home Page
16:20:53.333 [main] INFO  resources.base - User has clicked on the Purchase Analysis button from the header of the page
16:20:53.526 [main] INFO  resources.base - User have reached the Purchase Analysis page after clicking on the Purchase Analysis button from the header of the page
16:29:03.857 [main] INFO  resources.base - User Have Successfully Login To The Home Page
16:29:18.204 [main] INFO  resources.base - User has clicked on the Purchase Analysis button from the header of the page
16:29:18.275 [main] INFO  resources.base - User have reached the Purchase Analysis page after clicking on the Purchase Analysis button from the header of the page
16:40:22.180 [main] INFO  resources.base - User Have Successfully Login To The Home Page
16:40:37.061 [main] INFO  resources.base - User has clicked on the Purchase Analysis button from the header of the page
16:40:37.198 [main] INFO  resources.base - User have reached the Purchase Analysis page after clicking on the Purchase Analysis button from the header of the page
16:59:55.238 [main] INFO  resources.base - User Have Successfully Login To The Home Page
17:00:17.636 [main] INFO  resources.base - User has clicked on the Purchase Analysis button from the header of the page
17:00:17.787 [main] INFO  resources.base - User have reached the Purchase Analysis page after clicking on the Purchase Analysis button from the header of the page
17:04:40.826 [main] INFO  resources.base - User Have Successfully Login To The Home Page
17:04:55.333 [main] INFO  resources.base - User has clicked on the Purchase Analysis button from the header of the page
17:04:55.414 [main] INFO  resources.base - User have reached the Purchase Analysis page after clicking on the Purchase Analysis button from the header of the page
17:33:00.146 [main] INFO  resources.base - User Have Successfully Login To The Home Page
17:33:14.369 [main] INFO  resources.base - User has clicked on the Purchase Analysis button from the header of the page
17:33:14.691 [main] INFO  resources.base - User have reached the Purchase Analysis page after clicking on the Purchase Analysis button from the header of the page
17:37:57.658 [main] INFO  resources.base - User Have Successfully Login To The Home Page
17:38:12.095 [main] INFO  resources.base - User has clicked on the Purchase Analysis button from the header of the page
17:38:12.201 [main] INFO  resources.base - User have reached the Purchase Analysis page after clicking on the Purchase Analysis button from the header of the page
17:45:10.438 [main] ERROR resources.base - User Is Not Being Able To Login
17:45:10.441 [main] ERROR resources.base - expected [Standard Products - MarkITplace] but found [Purchase Analysis - MarkITplace]
17:45:26.794 [main] INFO  resources.base - User has clicked on the Purchase Analysis button from the header of the page
17:45:26.911 [main] INFO  resources.base - User have reached the Purchase Analysis page after clicking on the Purchase Analysis button from the header of the page
17:48:38.061 [main] INFO  resources.base - User Have Successfully Login To The Home Page
17:53:56.481 [main] INFO  resources.base - User Have Successfully Login To The Home Page
17:56:40.062 [main] INFO  resources.base - User Have Successfully Login To The Home Page
17:59:01.313 [main] INFO  resources.base - User Have Successfully Login To The Home Page
18:01:55.235 [main] INFO  resources.base - User Have Successfully Login To The Home Page
18:09:21.182 [main] INFO  resources.base - User Have Successfully Login To The Home Page
18:12:45.627 [main] INFO  resources.base - User Have Successfully Login To The Home Page
18:21:26.364 [main] INFO  resources.base - User Have Successfully Login To The Home Page
18:25:08.029 [main] INFO  resources.base - User Have Successfully Login To The Home Page
08:58:15.837 [main] INFO  resources.base - User Have Successfully Login To The Home Page
08:58:21.825 [main] INFO  resources.base - User Have Successfully reached the favorites Page
08:58:56.917 [main] INFO  resources.base - user is searching printer using the search textbox
08:58:56.939 [main] INFO  resources.base - User Have Successfully reached the printer search listing page
08:59:12.080 [main] INFO  resources.base - Search result data is Appearing on the Search Result Page
08:59:50.302 [main] INFO  resources.base - Recently Viewed Page is Opened
08:59:59.967 [main] INFO  resources.base - User has clicked the Logo from the footer of the page
09:00:00.059 [main] INFO  resources.base - User Have reached the Home Page clicking on the footer Logo
09:00:06.529 [main] INFO  resources.base - User has clicked on the My Profile page from My Account dropdown
09:00:06.587 [main] INFO  resources.base - User has clicked on the My Profile page from My Account dropdown
09:00:13.949 [main] INFO  resources.base - User has clicked on the My Profile page from My Account dropdown
09:00:23.393 [main] INFO  resources.base - User has clicked on the Standard Catalog Navigation button from header
09:00:23.481 [main] INFO  resources.base - User Have reached the Standard Catalog Page
09:00:47.835 [main] INFO  resources.base - User has clicked on the 1st Standard Product appearing and reached the PDP Page
09:00:58.320 [main] INFO  resources.base - User has clicked on the All Product Nevigation button from the header
09:00:58.348 [main] INFO  resources.base - User Have reached the All Product Page
09:01:05.270 [main] INFO  resources.base - User has clicked on Audio Cables Category From All Products Page
09:01:05.374 [main] INFO  resources.base - User Have reached the Audio Cables Category Page
09:01:13.478 [main] INFO  resources.base - User has clicked on Resouces link from the header
09:01:13.580 [main] INFO  resources.base - User Have reached the Resources Page
09:01:28.746 [main] INFO  resources.base - User has clicked on Special Offer Link from the header
09:01:28.785 [main] ERROR resources.base - User have not reached the Special Offer Page after clicking Special Offer link from the header
09:01:28.785 [main] ERROR resources.base - expected [Resources - MarkITplace] but found [Special Offers - MarkITplace]
09:01:40.606 [main] INFO  resources.base - User has clicked on Cart Icon from the header
09:01:40.619 [main] INFO  resources.base - User Have reached the Shopping Cart Page
09:02:15.665 [main] INFO  resources.base - User has clicked the Logo from the header of the page
09:02:25.691 [main] INFO  resources.base - User Have reached the Home Page clicking on the Header Logo
09:02:35.284 [main] INFO  resources.base - User has clicked the Logo from the footer of the page
09:02:35.351 [main] ERROR resources.base - User not able to reach home clicking on the footer logo
09:02:35.351 [main] ERROR resources.base - expected [Standard Products - MarkITplace]] but found [Standard Products - MarkITplace]
09:02:44.131 [main] INFO  resources.base - User has clicked on the Standard Catalog Link from the footer of the page
09:02:54.171 [main] INFO  resources.base - User Have reached the Standard Product page after clicking on the Standard Catalog Link from the footer of the page
09:03:00.415 [main] INFO  resources.base - User has clicked on the All product Link from the footer of the page
09:03:10.519 [main] INFO  resources.base - User Have reached the All Product page after clicking on the Standard Catalog Link from the footer of the page
09:03:20.508 [main] INFO  resources.base - User has clicked on the resources  Link from the footer of the page
09:03:35.552 [main] INFO  resources.base - User Have reached the resources page after clicking on the resources Link from the footer of the page
09:03:46.732 [main] INFO  resources.base - User has clicked on the Special offer Link from the footer of the page
09:03:56.766 [main] INFO  resources.base - User Have reached the Special offer after clicking on the Special offer Link from the footer of the page
09:04:03.578 [main] INFO  resources.base - User has clicked on the Special offer Link from the footer of the page
09:04:13.594 [main] INFO  resources.base - User Have reached the Favorites after clicking on the Favorites Link from the footer of the page
09:04:21.911 [main] INFO  resources.base - User has clicked on the Track button from the header of the page
09:04:21.997 [main] INFO  resources.base - User have reached the Track page after clicking on the Track button from the header of the page
09:04:27.419 [main] INFO  resources.base - User has clicked on the order button from the header of the page
09:04:37.451 [main] INFO  resources.base - User have reached the Order page after clicking on the Order button from the header of the page
09:05:26.308 [main] INFO  resources.base - User has clicked on the Calendar button from the header of the page
09:05:26.374 [main] INFO  resources.base - User have reached the  Calendar page after clicking on the Calendar button from the header of the page
09:05:46.689 [main] INFO  resources.base - User has clicked on the Saved Report icon from the header of the page
09:05:46.797 [main] INFO  resources.base - User have reached the  Saved Report page after clicking on the Saved Report icon from the header of the page
09:20:05.633 [main] INFO  resources.base - User Have Successfully Login To The Home Page
09:20:11.755 [main] INFO  resources.base - User Have Successfully reached the favorites Page
09:20:29.538 [main] INFO  resources.base - user is searching printer using the search textbox
09:20:29.593 [main] INFO  resources.base - User Have Successfully reached the printer search listing page
09:20:44.710 [main] INFO  resources.base - Search result data is Appearing on the Search Result Page
09:21:01.636 [main] INFO  resources.base - User Have Successfully reached the PDP Page
09:21:37.964 [main] INFO  resources.base - Recently Viewed Page is Opened
09:21:47.884 [main] INFO  resources.base - User has clicked the Logo from the footer of the page
09:21:47.952 [main] INFO  resources.base - User Have reached the Home Page clicking on the footer Logo
09:21:54.537 [main] INFO  resources.base - User has clicked on the My Profile page from My Account dropdown
09:21:54.591 [main] INFO  resources.base - User has clicked on the My Profile page from My Account dropdown
09:22:01.497 [main] INFO  resources.base - User has clicked on the My Profile page from My Account dropdown
09:22:10.671 [main] INFO  resources.base - User has clicked on the Standard Catalog Navigation button from header
09:22:10.713 [main] INFO  resources.base - User Have reached the Standard Catalog Page
09:22:31.908 [main] INFO  resources.base - User has clicked on the 1st Standard Product appearing and reached the PDP Page
09:22:42.389 [main] INFO  resources.base - User has clicked on the All Product Nevigation button from the header
09:22:42.420 [main] INFO  resources.base - User Have reached the All Product Page
09:22:48.980 [main] INFO  resources.base - User has clicked on Audio Cables Category From All Products Page
09:22:49.033 [main] INFO  resources.base - User Have reached the Audio Cables Category Page
09:22:57.393 [main] INFO  resources.base - User has clicked on Resouces link from the header
09:22:57.439 [main] INFO  resources.base - User Have reached the Resources Page
09:23:12.715 [main] INFO  resources.base - User has clicked on Special Offer Link from the header
09:23:12.759 [main] INFO  resources.base - User Have reached the Special Offer Page
09:23:24.820 [main] INFO  resources.base - User has clicked on Cart Icon from the header
09:23:24.837 [main] INFO  resources.base - User Have reached the Shopping Cart Page
09:24:00.669 [main] INFO  resources.base - User has clicked the Logo from the header of the page
09:24:10.694 [main] INFO  resources.base - User Have reached the Home Page clicking on the Header Logo
09:24:20.428 [main] INFO  resources.base - User has clicked the Logo from the footer of the page
09:24:20.661 [main] INFO  resources.base - User Have reached the Home Page clicking on the footer Logo
09:24:29.604 [main] INFO  resources.base - User has clicked on the Standard Catalog Link from the footer of the page
09:24:39.661 [main] INFO  resources.base - User Have reached the Standard Product page after clicking on the Standard Catalog Link from the footer of the page
09:24:46.015 [main] INFO  resources.base - User has clicked on the All product Link from the footer of the page
09:24:56.111 [main] INFO  resources.base - User Have reached the All Product page after clicking on the Standard Catalog Link from the footer of the page
09:25:07.591 [main] INFO  resources.base - User has clicked on the resources  Link from the footer of the page
09:25:22.632 [main] INFO  resources.base - User Have reached the resources page after clicking on the resources Link from the footer of the page
09:25:39.861 [main] INFO  resources.base - User has clicked on the Special offer Link from the footer of the page
09:25:49.899 [main] INFO  resources.base - User Have reached the Special offer after clicking on the Special offer Link from the footer of the page
09:25:56.828 [main] INFO  resources.base - User has clicked on the Special offer Link from the footer of the page
09:26:06.835 [main] INFO  resources.base - User Have reached the Favorites after clicking on the Favorites Link from the footer of the page
09:26:12.039 [main] INFO  resources.base - User has clicked on the Track button from the header of the page
09:26:12.080 [main] INFO  resources.base - User have reached the Track page after clicking on the Track button from the header of the page
09:26:17.638 [main] INFO  resources.base - User has clicked on the order button from the header of the page
09:26:27.662 [main] INFO  resources.base - User have reached the Order page after clicking on the Order button from the header of the page
09:27:08.806 [main] INFO  resources.base - User has clicked on the Calendar button from the header of the page
09:27:08.923 [main] INFO  resources.base - User have reached the  Calendar page after clicking on the Calendar button from the header of the page
09:27:18.630 [main] INFO  resources.base - User has clicked on the Saved Report icon from the header of the page
09:27:18.725 [main] INFO  resources.base - User have reached the  Saved Report page after clicking on the Saved Report icon from the header of the page
09:34:58.598 [main] INFO  resources.base - User Have Successfully Login To The Home Page
09:35:07.340 [main] INFO  resources.base - User has clicked the Logo from the header of the page
09:35:07.388 [main] INFO  resources.base - User Have reached the Home Page clicking on the Header Logo
09:35:27.239 [main] INFO  resources.base - User has clicked the Logo from the footer of the page
09:35:27.325 [main] INFO  resources.base - User Have reached the Home Page clicking on the footer Logo
09:36:07.047 [main] INFO  resources.base - user is searching printer using the search textbox
09:46:09.951 [main] INFO  resources.base - User Have Successfully Login To The Home Page
09:46:24.154 [main] INFO  resources.base - User Have Successfully reached the favorites Page
09:46:40.704 [main] INFO  resources.base - user is searching printer using the search textbox
09:46:40.741 [main] INFO  resources.base - User Have Successfully reached the printer search listing page
09:46:55.880 [main] INFO  resources.base - Search result data is Appearing on the Search Result Page
09:47:01.081 [main] INFO  resources.base - User has clicked on Add to Cart on Third Searched Product
09:50:17.842 [main] INFO  resources.base - User Have Successfully Login To The Home Page
09:50:30.275 [main] INFO  resources.base - User Have Successfully reached the favorites Page
09:50:54.828 [main] INFO  resources.base - user is searching printer using the search textbox
09:50:54.834 [main] INFO  resources.base - User Have Successfully reached the printer search listing page
09:51:09.915 [main] INFO  resources.base - Search result data is Appearing on the Search Result Page
09:51:13.146 [main] INFO  resources.base - User has clicked on Add to Cart on Third Searched Product
09:51:15.356 [main] INFO  resources.base - Product 1 is successfully added to Cart
09:51:15.467 [main] INFO  resources.base - User has closed the Add to Cart Modal after adding 1st product to cart
09:51:40.300 [main] INFO  resources.base - User Have Successfully reached the PDP Page
09:52:15.750 [main] INFO  resources.base - Recently Viewed Page is Opened
09:52:28.216 [main] INFO  resources.base - User has clicked the Logo from the footer of the page
09:52:28.220 [main] INFO  resources.base - User Have reached the Home Page clicking on the footer Logo
09:52:35.038 [main] INFO  resources.base - User has clicked on the My Profile page from My Account dropdown
09:52:35.042 [main] INFO  resources.base - User has clicked on the My Profile page from My Account dropdown
09:52:43.056 [main] INFO  resources.base - User has clicked on the My Profile page from My Account dropdown
09:52:55.550 [main] INFO  resources.base - User has clicked the Logo from the header of the page
09:52:55.562 [main] INFO  resources.base - User Have reached the Home Page clicking on the Header Logo
09:53:06.010 [main] INFO  resources.base - User has clicked on the Standard Catalog Navigation button from header
09:53:06.013 [main] INFO  resources.base - User Have reached the Standard Catalog Page
09:53:29.292 [main] INFO  resources.base - User has clicked on the 1st Standard Product appearing and reached the PDP Page
09:53:42.132 [main] INFO  resources.base - User has clicked on the All Product Nevigation button from the header
09:53:42.132 [main] INFO  resources.base - User Have reached the All Product Page
09:53:52.991 [main] INFO  resources.base - User has clicked on Audio Cables Category From All Products Page
09:53:52.991 [main] INFO  resources.base - User Have reached the Audio Cables Category Page
09:54:04.120 [main] INFO  resources.base - User has clicked on Resouces link from the header
09:54:04.120 [main] INFO  resources.base - User Have reached the Resources Page
09:54:23.206 [main] INFO  resources.base - User has clicked on Special Offer Link from the header
09:54:23.212 [main] INFO  resources.base - User Have reached the Special Offer Page
09:54:38.174 [main] INFO  resources.base - User has clicked on Cart Icon from the header
09:54:38.174 [main] INFO  resources.base - User Have reached the Shopping Cart Page
09:54:41.294 [main] INFO  resources.base - User has clicked on remove link for the 1st product
09:54:46.357 [main] ERROR resources.base - User is not able to remove the first product
09:54:46.357 [main] ERROR resources.base - expected [false] but found [true]
09:55:25.757 [main] INFO  resources.base - User has clicked the Logo from the header of the page
09:55:35.772 [main] INFO  resources.base - User Have reached the Home Page clicking on the Header Logo
09:55:47.289 [main] INFO  resources.base - User has clicked the Logo from the footer of the page
09:55:47.289 [main] INFO  resources.base - User Have reached the Home Page clicking on the footer Logo
09:55:56.188 [main] INFO  resources.base - User has clicked on the Standard Catalog Link from the footer of the page
09:56:06.203 [main] INFO  resources.base - User Have reached the Standard Product page after clicking on the Standard Catalog Link from the footer of the page
09:56:15.323 [main] INFO  resources.base - User has clicked on the All product Link from the footer of the page
09:56:25.338 [main] INFO  resources.base - User Have reached the All Product page after clicking on the Standard Catalog Link from the footer of the page
09:56:36.249 [main] INFO  resources.base - User has clicked on the resources  Link from the footer of the page
09:56:51.263 [main] INFO  resources.base - User Have reached the resources page after clicking on the resources Link from the footer of the page
09:57:00.675 [main] INFO  resources.base - User has clicked on the Special offer Link from the footer of the page
09:57:10.679 [main] INFO  resources.base - User Have reached the Special offer after clicking on the Special offer Link from the footer of the page
09:57:47.689 [main] INFO  resources.base - User has clicked on the Special offer Link from the footer of the page
09:57:57.711 [main] INFO  resources.base - User Have reached the Favorites after clicking on the Favorites Link from the footer of the page
09:58:09.791 [main] INFO  resources.base - User has clicked on the Track button from the header of the page
09:58:09.791 [main] INFO  resources.base - User have reached the Track page after clicking on the Track button from the header of the page
09:58:19.028 [main] INFO  resources.base - User has clicked on the order button from the header of the page
09:58:29.030 [main] INFO  resources.base - User have reached the Order page after clicking on the Order button from the header of the page
09:59:23.990 [main] INFO  resources.base - User has clicked on the Calendar button from the header of the page
09:59:23.990 [main] INFO  resources.base - User have reached the  Calendar page after clicking on the Calendar button from the header of the page
09:59:52.026 [main] INFO  resources.base - User has clicked on the Assets report from Report tab
10:00:02.041 [main] INFO  resources.base - User have reached the assets report after clicking on asset link from report tab
10:00:36.455 [main] INFO  resources.base - User has clicked on the Days To Ship report from Report tab
10:00:36.455 [main] INFO  resources.base - User have reached the Days To Ship report after clicking on Days To Ship link from report tab
10:00:59.294 [main] INFO  resources.base - User has clicked on the Expiration report from Report tab
10:01:04.306 [main] INFO  resources.base - User have reached the Expiration report after clicking on Expiration link from report tab
10:01:28.430 [main] INFO  resources.base - User has clicked on the Inventory report from Report tab
10:01:33.439 [main] INFO  resources.base - User have reached the Inventory report after clicking on Inventory link from report tab
10:02:05.831 [main] INFO  resources.base - User has clicked on the Invoices report from Report tab
10:02:05.831 [main] INFO  resources.base - User have reached the Invoices report after clicking on Invoices link from report tab
10:02:36.526 [main] INFO  resources.base - User has clicked on the Invoice Line report from Report tab
10:02:36.526 [main] INFO  resources.base - User have reached the Invoice Line report after clicking on Invoice Line link from report tab
10:02:55.954 [main] INFO  resources.base - User has clicked on the Licenses report from Report tab
10:03:00.963 [main] INFO  resources.base - User have reached the Licenses report after clicking on Licenses link from report tab
10:03:19.877 [main] INFO  resources.base - User has clicked on the Orders report from Report tab
10:03:24.877 [main] INFO  resources.base - User have reached the Orders report after clicking on Orders link from report tab
10:03:58.738 [main] INFO  resources.base - User has clicked on the Order Line report from Report tab
10:04:03.749 [main] INFO  resources.base - User have reached the Order Line report after clicking on Order Line link from report tab
10:04:39.025 [main] INFO  resources.base - User has clicked on the Saved Report icon from the header of the page
10:04:39.031 [main] INFO  resources.base - User have reached the  Saved Report page after clicking on the Saved Report icon from the header of the page
10:04:58.062 [main] INFO  resources.base - user is searching printer using the search textbox
10:05:44.332 [main] INFO  resources.base - User Have Successfully reached the Compare page
10:14:33.664 [main] INFO  resources.base - User Have Successfully Login To The Home Page
10:14:39.883 [main] INFO  resources.base - User Have Successfully reached the favorites Page
10:14:57.447 [main] INFO  resources.base - user is searching printer using the search textbox
10:14:57.490 [main] INFO  resources.base - User Have Successfully reached the printer search listing page
10:15:12.602 [main] INFO  resources.base - Search result data is Appearing on the Search Result Page
10:15:16.728 [main] INFO  resources.base - User has clicked on Add to Cart on Third Searched Product
10:15:19.024 [main] INFO  resources.base - Product 1 is successfully added to Cart
10:15:19.200 [main] INFO  resources.base - User has closed the Add to Cart Modal after adding 1st product to cart
10:15:43.240 [main] INFO  resources.base - User Have Successfully reached the PDP Page
10:16:20.082 [main] INFO  resources.base - Recently Viewed Page is Opened
10:16:29.660 [main] INFO  resources.base - User has clicked the Logo from the footer of the page
10:16:29.721 [main] INFO  resources.base - User Have reached the Home Page clicking on the footer Logo
10:16:40.033 [main] INFO  resources.base - User has clicked on the My Profile page from My Account dropdown
10:16:40.054 [main] ERROR resources.base - User is not able to reach the My Profile page by clicking the My profile link from my account dropdown
10:16:40.054 [main] ERROR resources.base - expected [My Profile - MarkITplace] but found [Standard Products - MarkITplace]
10:16:45.204 [main] INFO  resources.base - User has clicked the Logo from the header of the page
10:16:45.211 [main] INFO  resources.base - User Have reached the Home Page clicking on the Header Logo
10:16:50.364 [main] INFO  resources.base - User has clicked on the Standard Catalog Navigation button from header
10:16:50.370 [main] INFO  resources.base - User Have reached the Standard Catalog Page
10:17:07.571 [main] ERROR resources.base - No standard Product found to click
10:17:07.571 [main] ERROR resources.base - expected [HP Officejet Pro 8710 All-in-One - Multifunction printer - MarkITplace] but found [Standard Products - MarkITplace]
10:17:12.781 [main] INFO  resources.base - User has clicked on the All Product Nevigation button from the header
10:17:12.787 [main] ERROR resources.base - User have not reached the All Products Page after clicking on the All Product Nevigation button from the header
10:17:12.787 [main] ERROR resources.base - expected [All Products - MarkITplace] but found [Standard Products - MarkITplace]
10:17:39.890 [main] INFO  resources.base - User has clicked on Resouces link from the header
10:17:39.932 [main] INFO  resources.base - User Have reached the Resources Page
10:17:55.922 [main] INFO  resources.base - User has clicked on Special Offer Link from the header
10:17:55.953 [main] INFO  resources.base - User Have reached the Special Offer Page
10:18:10.459 [main] INFO  resources.base - User has clicked on Cart Icon from the header
10:18:10.490 [main] INFO  resources.base - User Have reached the Shopping Cart Page
10:18:46.908 [main] INFO  resources.base - User has clicked the Logo from the header of the page
10:18:56.947 [main] INFO  resources.base - User Have reached the Home Page clicking on the Header Logo
10:19:09.825 [main] INFO  resources.base - User has clicked the Logo from the footer of the page
10:19:09.921 [main] INFO  resources.base - User Have reached the Home Page clicking on the footer Logo
10:19:18.971 [main] INFO  resources.base - User has clicked on the Standard Catalog Link from the footer of the page
10:19:29.024 [main] INFO  resources.base - User Have reached the Standard Product page after clicking on the Standard Catalog Link from the footer of the page
10:19:38.533 [main] INFO  resources.base - User has clicked on the All product Link from the footer of the page
10:19:48.561 [main] INFO  resources.base - User Have reached the All Product page after clicking on the Standard Catalog Link from the footer of the page
10:20:00.740 [main] INFO  resources.base - User has clicked on the resources  Link from the footer of the page
10:20:15.831 [main] INFO  resources.base - User Have reached the resources page after clicking on the resources Link from the footer of the page
10:20:27.363 [main] INFO  resources.base - User has clicked on the Special offer Link from the footer of the page
10:20:37.392 [main] INFO  resources.base - User Have reached the Special offer after clicking on the Special offer Link from the footer of the page
10:20:44.990 [main] INFO  resources.base - User has clicked on the Special offer Link from the footer of the page
10:20:55.011 [main] INFO  resources.base - User Have reached the Favorites after clicking on the Favorites Link from the footer of the page
10:21:02.448 [main] INFO  resources.base - User has clicked on the Track button from the header of the page
10:21:02.525 [main] INFO  resources.base - User have reached the Track page after clicking on the Track button from the header of the page
10:21:08.187 [main] INFO  resources.base - User has clicked on the order button from the header of the page
10:21:18.217 [main] INFO  resources.base - User have reached the Order page after clicking on the Order button from the header of the page
10:24:22.395 [main] INFO  resources.base - Compare Page not reached
10:33:57.515 [main] INFO  resources.base - User Have Successfully Login To The Home Page
10:34:03.674 [main] INFO  resources.base - User Have Successfully reached the favorites Page
10:34:21.926 [main] INFO  resources.base - user is searching printer using the search textbox
10:34:21.985 [main] INFO  resources.base - User Have Successfully reached the printer search listing page
10:34:37.128 [main] INFO  resources.base - Search result data is Appearing on the Search Result Page
10:34:58.212 [main] INFO  resources.base - User Have Successfully reached the PDP Page
10:35:35.173 [main] INFO  resources.base - Recently Viewed Page is Opened
10:35:45.931 [main] INFO  resources.base - User has clicked the Logo from the footer of the page
10:35:46.030 [main] INFO  resources.base - User Have reached the Home Page clicking on the footer Logo
10:35:52.578 [main] INFO  resources.base - User has clicked on the My Profile page from My Account dropdown
10:35:52.662 [main] INFO  resources.base - User has clicked on the My Profile page from My Account dropdown
10:36:00.353 [main] INFO  resources.base - User has clicked on the My Profile page from My Account dropdown
10:36:11.047 [main] INFO  resources.base - User has clicked on the Standard Catalog Navigation button from header
10:36:11.127 [main] INFO  resources.base - User Have reached the Standard Catalog Page
10:36:34.549 [main] INFO  resources.base - User has clicked on the 1st Standard Product appearing and reached the PDP Page
10:36:46.192 [main] INFO  resources.base - User has clicked on the All Product Nevigation button from the header
10:36:46.222 [main] INFO  resources.base - User Have reached the All Product Page
10:36:55.991 [main] INFO  resources.base - User has clicked on Audio Cables Category From All Products Page
10:36:56.140 [main] INFO  resources.base - User Have reached the Audio Cables Category Page
10:37:04.861 [main] INFO  resources.base - User has clicked on Resouces link from the header
10:37:04.923 [main] INFO  resources.base - User Have reached the Resources Page
10:37:20.969 [main] INFO  resources.base - User has clicked on Special Offer Link from the header
10:37:20.985 [main] INFO  resources.base - User Have reached the Special Offer Page
10:37:36.795 [main] INFO  resources.base - User has clicked on Cart Icon from the header
10:37:36.795 [main] INFO  resources.base - User Have reached the Shopping Cart Page
10:38:16.575 [main] INFO  resources.base - User has clicked the Logo from the header of the page
10:38:26.599 [main] INFO  resources.base - User Have reached the Home Page clicking on the Header Logo
10:38:36.030 [main] INFO  resources.base - User has clicked the Logo from the footer of the page
10:38:36.097 [main] INFO  resources.base - User Have reached the Home Page clicking on the footer Logo
10:38:44.675 [main] INFO  resources.base - User has clicked on the Standard Catalog Link from the footer of the page
10:38:54.715 [main] INFO  resources.base - User Have reached the Standard Product page after clicking on the Standard Catalog Link from the footer of the page
10:39:02.118 [main] INFO  resources.base - User has clicked on the All product Link from the footer of the page
10:39:12.151 [main] INFO  resources.base - User Have reached the All Product page after clicking on the Standard Catalog Link from the footer of the page
10:39:24.390 [main] INFO  resources.base - User has clicked on the resources  Link from the footer of the page
10:39:39.409 [main] INFO  resources.base - User Have reached the resources page after clicking on the resources Link from the footer of the page
10:39:41.086 [main] INFO  resources.base - User has clicked on the Special offer Link from the footer of the page
10:39:51.091 [main] ERROR resources.base - User have not reached the Special offer page after clicking on the Special offer Link from the footer of the page
10:39:51.091 [main] ERROR resources.base - expected [Special Offers - MarkITplace] but found [Resources - MarkITplace]
10:40:11.851 [main] INFO  resources.base - User has clicked on the Track button from the header of the page
10:40:11.941 [main] INFO  resources.base - User have reached the Track page after clicking on the Track button from the header of the page
10:40:17.221 [main] INFO  resources.base - User has clicked on the order button from the header of the page
10:40:27.246 [main] ERROR resources.base - User have not reached the order page after clicking on the Order button from the header of the page
10:40:27.246 [main] ERROR resources.base - expected [Orders - MarkITplace] but found [Track Dashboard - MarkITplace]
10:41:02.132 [main] INFO  resources.base - User has clicked on the Calendar button from the header of the page
10:41:02.195 [main] INFO  resources.base - User have reached the  Calendar page after clicking on the Calendar button from the header of the page
10:41:17.538 [main] INFO  resources.base - User has clicked on the Saved Report icon from the header of the page
10:41:17.602 [main] INFO  resources.base - User have reached the  Saved Report page after clicking on the Saved Report icon from the header of the page
11:01:51.951 [main] INFO  resources.base - User Have Successfully Login To The Home Page
11:01:57.975 [main] INFO  resources.base - User Have Successfully reached the favorites Page
11:02:27.691 [main] INFO  resources.base - user is searching printer using the search textbox
11:02:27.730 [main] INFO  resources.base - User Have Successfully reached the printer search listing page
11:02:42.888 [main] INFO  resources.base - Search result data is Appearing on the Search Result Page
11:03:00.014 [main] INFO  resources.base - User Have Successfully reached the PDP Page
11:03:39.871 [main] INFO  resources.base - Recently Viewed Page is Opened
11:03:50.951 [main] INFO  resources.base - User has clicked the Logo from the footer of the page
11:03:50.961 [main] INFO  resources.base - User Have reached the Home Page clicking on the footer Logo
11:03:58.144 [main] INFO  resources.base - User has clicked on the My Profile page from My Account dropdown
11:03:58.250 [main] INFO  resources.base - User has clicked on the My Profile page from My Account dropdown
11:04:05.845 [main] INFO  resources.base - User has clicked on the My Profile page from My Account dropdown
11:04:17.803 [main] INFO  resources.base - User has clicked on the Standard Catalog Navigation button from header
11:04:17.885 [main] INFO  resources.base - User Have reached the Standard Catalog Page
11:04:39.067 [main] INFO  resources.base - User has clicked on the 1st Standard Product appearing and reached the PDP Page
11:04:49.384 [main] INFO  resources.base - User has clicked on the All Product Nevigation button from the header
11:04:49.408 [main] INFO  resources.base - User Have reached the All Product Page
11:04:58.758 [main] INFO  resources.base - User has clicked on Audio Cables Category From All Products Page
11:04:58.840 [main] INFO  resources.base - User Have reached the Audio Cables Category Page
11:05:04.653 [main] INFO  resources.base - User has clicked on Resouces link from the header
11:05:04.663 [main] ERROR resources.base - User have not reached the Resources Page after clicking resources link from the header
11:05:04.663 [main] ERROR resources.base - expected [Resources - MarkITplace] but found [Audio Cables - MarkITplace]
11:05:19.876 [main] INFO  resources.base - User has clicked on Special Offer Link from the header
11:05:19.876 [main] ERROR resources.base - User have not reached the Special Offer Page after clicking Special Offer link from the header
11:05:19.876 [main] ERROR resources.base - expected [Special Offers - MarkITplace] but found [Audio Cables - MarkITplace]
11:05:38.341 [main] INFO  resources.base - User has clicked on Cart Icon from the header
11:05:38.341 [main] INFO  resources.base - User Have reached the Shopping Cart Page
11:17:32.491 [main] INFO  resources.base - User Have Successfully Login To The Home Page
11:17:38.198 [main] INFO  resources.base - User Have Successfully reached the favorites Page
11:17:54.189 [main] INFO  resources.base - user is searching printer using the search textbox
11:17:54.227 [main] INFO  resources.base - User Have Successfully reached the printer search listing page
11:18:09.355 [main] INFO  resources.base - Search result data is Appearing on the Search Result Page
11:18:24.314 [main] INFO  resources.base - User Have Successfully reached the PDP Page
11:19:04.173 [main] INFO  resources.base - Recently Viewed Page is Opened
11:19:15.740 [main] INFO  resources.base - User has clicked the Logo from the footer of the page
11:19:15.809 [main] INFO  resources.base - User Have reached the Home Page clicking on the footer Logo
11:19:22.478 [main] INFO  resources.base - User has clicked on the My Profile page from My Account dropdown
11:19:22.555 [main] INFO  resources.base - User has clicked on the My Profile page from My Account dropdown
11:19:30.218 [main] INFO  resources.base - User has clicked on the My Profile page from My Account dropdown
11:19:41.606 [main] INFO  resources.base - User has clicked on the Standard Catalog Navigation button from header
11:19:41.706 [main] INFO  resources.base - User Have reached the Standard Catalog Page
11:20:06.464 [main] INFO  resources.base - User has clicked on the 1st Standard Product appearing and reached the PDP Page
11:20:17.083 [main] INFO  resources.base - User has clicked on the All Product Nevigation button from the header
11:20:17.100 [main] INFO  resources.base - User Have reached the All Product Page
11:20:22.950 [main] INFO  resources.base - User has clicked on Audio Cables Category From All Products Page
11:20:23.053 [main] INFO  resources.base - User Have reached the Audio Cables Category Page
11:20:31.406 [main] INFO  resources.base - User has clicked on Resouces link from the header
11:20:31.475 [main] INFO  resources.base - User Have reached the Resources Page
11:20:47.172 [main] INFO  resources.base - User has clicked on Special Offer Link from the header
11:20:47.220 [main] INFO  resources.base - User Have reached the Special Offer Page
11:21:00.387 [main] INFO  resources.base - User has clicked on Cart Icon from the header
11:21:00.415 [main] INFO  resources.base - User Have reached the Shopping Cart Page
11:22:57.435 [main] INFO  resources.base - User Have Successfully Login To The Home Page
11:23:03.475 [main] INFO  resources.base - User Have Successfully reached the favorites Page
11:23:20.810 [main] INFO  resources.base - user is searching printer using the search textbox
11:23:20.864 [main] INFO  resources.base - User Have Successfully reached the printer search listing page
11:23:35.990 [main] INFO  resources.base - Search result data is Appearing on the Search Result Page
11:23:51.420 [main] INFO  resources.base - User Have Successfully reached the PDP Page
11:24:31.808 [main] INFO  resources.base - Recently Viewed Page is Opened
11:24:43.979 [main] INFO  resources.base - User has clicked the Logo from the footer of the page
11:24:44.050 [main] INFO  resources.base - User Have reached the Home Page clicking on the footer Logo
11:24:51.087 [main] INFO  resources.base - User has clicked on the My Profile page from My Account dropdown
11:24:51.114 [main] INFO  resources.base - User has clicked on the My Profile page from My Account dropdown
11:24:57.013 [main] ERROR resources.base - User is not able to reach the My Profile page by clicking the My profile link from my account dropdown
11:24:57.013 [main] ERROR resources.base - expected [Shipping Address - MarkITplace] but found [My Profile - MarkITplace]
11:25:02.211 [main] INFO  resources.base - User has clicked the Logo from the header of the page
11:25:02.217 [main] ERROR resources.base - User not able to reach home clicking on the header logo
11:25:02.217 [main] ERROR resources.base - expected [Standard Products - MarkITplace] but found [My Profile - MarkITplace]
11:25:07.333 [main] INFO  resources.base - User has clicked on the Standard Catalog Navigation button from header
11:25:07.350 [main] ERROR resources.base - User have not reached the Standard Catalog Page after clicking on the Standard Catalog Header button
11:25:07.350 [main] ERROR resources.base - expected [Standard Products - MarkITplace] but found [My Profile - MarkITplace]
11:25:28.676 [main] INFO  resources.base - User has clicked on the All Product Nevigation button from the header
11:25:28.684 [main] ERROR resources.base - User have not reached the All Products Page after clicking on the All Product Nevigation button from the header
11:25:28.684 [main] ERROR resources.base - expected [All Products - MarkITplace] but found [My Profile - MarkITplace]
11:25:56.283 [main] INFO  resources.base - User has clicked on Resouces link from the header
11:25:56.321 [main] INFO  resources.base - User Have reached the Resources Page
11:26:06.522 [main] INFO  resources.base - User has clicked on Special Offer Link from the header
11:26:06.535 [main] INFO  resources.base - User Have reached the Special Offer Page
11:26:11.669 [main] INFO  resources.base - User has clicked on Cart Icon from the header
11:26:14.033 [main] INFO  resources.base - User Have reached the Shopping Cart Page
11:27:10.602 [main] INFO  resources.base - element not interactable
  (Session info: chrome=78.0.3904.97)
Build info: version: '3.141.59', revision: 'e82be7d358', time: '2018-11-14T08:17:03'
System info: host: 'ARP-260', ip: '192.168.56.1', os.name: 'Windows 10', os.arch: 'amd64', os.version: '10.0', java.version: '1.8.0_231'
Driver info: org.openqa.selenium.chrome.ChromeDriver
Capabilities {acceptInsecureCerts: false, browserName: chrome, browserVersion: 78.0.3904.97, chrome: {chromedriverVersion: 78.0.3904.70 (edb9c9f3de024..., userDataDir: C:\Users\SAIMA~1.TAB\AppDat...}, goog:chromeOptions: {debuggerAddress: localhost:57870}, javascriptEnabled: true, networkConnectionEnabled: false, pageLoadStrategy: normal, platform: XP, platformName: XP, proxy: Proxy(), setWindowRect: true, strictFileInteractability: false, timeouts: {implicit: 0, pageLoad: 300000, script: 30000}, unhandledPromptBehavior: dismiss and notify}
Session ID: 106294e70b9163f145b5949de14f4d9f
11:27:15.625 [main] INFO  resources.base - User have reached the order confirmation page after placing the order
11:33:47.390 [main] INFO  resources.base - User Have Successfully Login To The Home Page
11:33:53.281 [main] INFO  resources.base - User Have Successfully reached the favorites Page
11:34:03.408 [main] INFO  resources.base - user is searching printer using the search textbox
11:34:03.417 [main] ERROR resources.base - Search Result not displaying
11:34:03.417 [main] ERROR resources.base - expected [Printers - MarkITplace] but found [Favorites - MarkITplace]
11:37:28.208 [main] INFO  resources.base - User Have Successfully Login To The Home Page
11:37:34.094 [main] INFO  resources.base - User Have Successfully reached the favorites Page
11:37:50.046 [main] INFO  resources.base - user is searching printer using the search textbox
11:37:50.125 [main] INFO  resources.base - User Have Successfully reached the printer search listing page
11:38:05.267 [main] INFO  resources.base - Search result data is Appearing on the Search Result Page
11:38:34.313 [main] ERROR resources.base - User Is Not Able To reached the PDP Page
11:38:34.313 [main] ERROR resources.base - expected [HP Officejet Pro 9010 All-in-One - Multifunction printer - MarkITplace] but found []
11:39:47.049 [main] INFO  resources.base - User Have Successfully Login To The Home Page
