06:09:40.442 [main] INFO  resources.base - User Have Successfully Login To The Home Page
06:09:46.883 [main] INFO  resources.base - User Have Successfully reached the favorites Page
06:10:05.396 [main] INFO  resources.base - user is searching printer using the search textbox
06:10:05.417 [main] INFO  resources.base - User Have Successfully reached the printer search listing page
06:10:05.500 [main] INFO  resources.base - Search result data is Appearing on the Search Result Page
06:10:17.343 [main] INFO  resources.base - User Have Successfully reached the PDP Page
06:10:46.483 [main] INFO  resources.base - Recently Viewed Page is Opened
06:10:49.607 [main] INFO  resources.base - User has clicked the Logo from the footer of the page
06:10:49.620 [main] INFO  resources.base - User Have reached the Home Page clicking on the footer Logo
06:10:53.264 [main] INFO  resources.base - User has clicked on the My Profile page from My Account dropdown
06:10:53.280 [main] INFO  resources.base - User has clicked on the My Profile page from My Account dropdown
06:10:56.962 [main] INFO  resources.base - User has clicked on the My Profile page from My Account dropdown
06:10:58.789 [main] INFO  resources.base - User has clicked the Logo from the header of the page
06:10:58.811 [main] INFO  resources.base - User Have reached the Home Page clicking on the Header Logo
06:11:03.415 [main] INFO  resources.base - User has clicked on the Standard Catalog Navigation button from header
06:11:03.426 [main] INFO  resources.base - User Have reached the Standard Catalog Page
06:11:22.201 [main] INFO  resources.base - User has clicked on the 1st Standard Product appearing and reached the PDP Page
06:11:31.151 [main] INFO  resources.base - User has clicked on the All Product Nevigation button from the header
06:11:31.167 [main] INFO  resources.base - User Have reached the All Product Page
06:11:40.175 [main] INFO  resources.base - User has clicked on Audio Cables Category From All Products Page
06:11:40.190 [main] INFO  resources.base - User Have reached the Audio Cables Category Page
06:11:52.700 [main] INFO  resources.base - User has clicked on Resouces link from the header
06:11:52.709 [main] INFO  resources.base - User Have reached the Resources Page
06:12:01.192 [main] INFO  resources.base - User has clicked on Special Offer Link from the header
06:12:01.203 [main] INFO  resources.base - User Have reached the Special Offer Page
06:12:06.443 [main] INFO  resources.base - User has clicked on Cart Icon from the header
06:12:06.466 [main] INFO  resources.base - User Have reached the Shopping Cart Page
06:13:02.608 [main] INFO  resources.base - element not visible
  (Session info: chrome=67.0.3396.99)
  (Driver info: chromedriver=2.36.540470 (e522d04694c7ebea4ba8821272dbef4f9b818c91),platform=Windows NT 10.0.17134 x86_64) (WARNING: The server did not provide any stacktrace information)
Command duration or timeout: 0 milliseconds
Build info: version: '3.8.1', revision: '6e95a6684b', time: '2017-12-01T18:33:54.468Z'
System info: host: 'DESKTOP-B75F35K', ip: '10.0.2.15', os.name: 'Windows 10', os.arch: 'amd64', os.version: '10.0', java.version: '1.8.0_171'
Driver info: org.openqa.selenium.chrome.ChromeDriver
Capabilities {acceptInsecureCerts: false, acceptSslCerts: false, applicationCacheEnabled: false, browserConnectionEnabled: false, browserName: chrome, chrome: {chromedriverVersion: 2.36.540470 (e522d04694c7eb..., userDataDir: C:\Users\bilaw\AppData\Loca...}, cssSelectorsEnabled: true, databaseEnabled: false, handlesAlerts: true, hasTouchScreen: false, javascriptEnabled: true, locationContextEnabled: true, mobileEmulationEnabled: false, nativeEvents: true, networkConnectionEnabled: false, pageLoadStrategy: normal, platform: XP, platformName: XP, rotatable: false, setWindowRect: true, takesHeapSnapshot: true, takesScreenshot: true, unexpectedAlertBehaviour: , unhandledPromptBehavior: , version: 67.0.3396.99, webStorageEnabled: true}
Session ID: c4b2f52bfba53e17a41ae1e859223e00
06:13:07.637 [main] INFO  resources.base - User Have reached the order confirmation page after placing the order
06:13:10.791 [main] INFO  resources.base - User has clicked the Logo from the header of the page
06:13:20.801 [main] INFO  resources.base - User Have reached the Home Page clicking on the Header Logo
06:13:23.236 [main] INFO  resources.base - User has clicked the Logo from the footer of the page
06:13:23.250 [main] INFO  resources.base - User Have reached the Home Page clicking on the footer Logo
06:13:28.341 [main] INFO  resources.base - User has clicked on the Standard Catalog Link from the footer of the page
06:13:38.356 [main] INFO  resources.base - User Have reached the Standard Product page after clicking on the Standard Catalog Link from the footer of the page
06:13:41.652 [main] INFO  resources.base - User has clicked on the All product Link from the footer of the page
06:13:51.660 [main] INFO  resources.base - User Have reached the All Product page after clicking on the Standard Catalog Link from the footer of the page
06:13:57.930 [main] INFO  resources.base - User has clicked on the resources  Link from the footer of the page
06:14:12.938 [main] INFO  resources.base - User Have reached the resources page after clicking on the resources Link from the footer of the page
06:14:21.010 [main] INFO  resources.base - User has clicked on the Special offer Link from the footer of the page
06:14:31.075 [main] INFO  resources.base - User Have reached the Special offer after clicking on the Special offer Link from the footer of the page
06:14:33.693 [main] INFO  resources.base - User has clicked on the Special offer Link from the footer of the page
06:14:43.724 [main] INFO  resources.base - User Have reached the Favorites after clicking on the Favorites Link from the footer of the page
06:14:51.285 [main] INFO  resources.base - User has clicked on the Track button from the header of the page
06:14:51.508 [main] INFO  resources.base - User have reached the Track page after clicking on the Track button from the header of the page
06:14:58.890 [main] INFO  resources.base - User has clicked on the order button from the header of the page
06:15:08.898 [main] INFO  resources.base - User have reached the Order page after clicking on the Order button from the header of the page
06:15:37.469 [main] INFO  resources.base - User has clicked on the Purchase Analysis button from the header of the page
06:15:37.711 [main] INFO  resources.base - User have reached the Purchase Analysis page after clicking on the Purchase Analysis button from the header of the page
06:15:37.942 [main] INFO  resources.base - User have clicked on email icon on purchase analysis Page
06:15:38.179 [main] INFO  resources.base - User have entered the email on email field at purchase analysis Page
06:15:38.448 [main] INFO  resources.base - User have click on Send button at email popup screen at purchase analysis Page
06:15:48.671 [main] INFO  resources.base - User has clicked on the Calendar button from the header of the page
06:15:48.684 [main] INFO  resources.base - User have reached the  Calendar page after clicking on the Calendar button from the header of the page
06:16:23.406 [main] INFO  resources.base - User have reached the expiration report after clicking on the report button from the Calendar page from monthly view tab
06:16:50.196 [main] INFO  resources.base - User have reached the expiration report after clicking on the report button from the Calendar page from Detail view tab
06:16:57.832 [main] INFO  resources.base - User has clicked on the Saved Report icon from the header of the page
06:16:57.858 [main] INFO  resources.base - User have reached the  Saved Report page after clicking on the Saved Report icon from the header of the page
06:17:02.325 [main] INFO  resources.base - user is searching printer using the search textbox
06:17:26.486 [main] INFO  resources.base - User Have Successfully reached the Compare page
06:22:48.280 [main] INFO  resources.base - User Have Successfully Login To The Home Page
06:22:53.152 [main] INFO  resources.base - User Have Successfully reached the favorites Page
06:23:12.742 [main] INFO  resources.base - user is searching printer using the search textbox
06:23:12.754 [main] INFO  resources.base - User Have Successfully reached the printer search listing page
06:23:12.878 [main] INFO  resources.base - Search result data is Appearing on the Search Result Page
06:23:22.562 [main] INFO  resources.base - User Have Successfully reached the PDP Page
06:23:46.678 [main] INFO  resources.base - Recently Viewed Page is Opened
06:23:49.120 [main] INFO  resources.base - User has clicked the Logo from the footer of the page
06:23:49.133 [main] INFO  resources.base - User Have reached the Home Page clicking on the footer Logo
06:23:51.443 [main] INFO  resources.base - User has clicked on the My Profile page from My Account dropdown
06:23:51.458 [main] INFO  resources.base - User has clicked on the My Profile page from My Account dropdown
06:23:53.778 [main] INFO  resources.base - User has clicked on the My Profile page from My Account dropdown
06:23:55.574 [main] INFO  resources.base - User has clicked the Logo from the header of the page
06:23:55.604 [main] INFO  resources.base - User Have reached the Home Page clicking on the Header Logo
06:23:58.424 [main] INFO  resources.base - User has clicked on the Standard Catalog Navigation button from header
06:23:58.438 [main] INFO  resources.base - User Have reached the Standard Catalog Page
06:24:13.038 [main] INFO  resources.base - User has clicked on the 1st Standard Product appearing and reached the PDP Page
06:24:21.590 [main] INFO  resources.base - User has clicked on the All Product Nevigation button from the header
06:24:21.599 [main] INFO  resources.base - User Have reached the All Product Page
06:24:26.691 [main] INFO  resources.base - User has clicked on Audio Cables Category From All Products Page
06:24:26.701 [main] INFO  resources.base - User Have reached the Audio Cables Category Page
06:24:38.948 [main] INFO  resources.base - User has clicked on Resouces link from the header
06:24:38.958 [main] INFO  resources.base - User Have reached the Resources Page
06:24:46.254 [main] INFO  resources.base - User has clicked on Special Offer Link from the header
06:24:46.262 [main] INFO  resources.base - User Have reached the Special Offer Page
06:24:49.007 [main] INFO  resources.base - User has clicked on Cart Icon from the header
06:24:49.038 [main] INFO  resources.base - User Have reached the Shopping Cart Page
06:25:39.804 [main] INFO  resources.base - user has clicked on the Close button on Java Alert Popup Page
06:25:44.814 [main] ERROR resources.base - User have not reached the order confirmation page
06:25:44.814 [main] ERROR resources.base - expected [Order Confirmation - MarkITplace] but found [Checkout - MarkITplace]
06:25:47.516 [main] INFO  resources.base - User has clicked the Logo from the header of the page
06:25:57.595 [main] INFO  resources.base - User Have reached the Home Page clicking on the Header Logo
06:26:00.354 [main] INFO  resources.base - User has clicked the Logo from the footer of the page
06:26:00.362 [main] INFO  resources.base - User Have reached the Home Page clicking on the footer Logo
06:26:02.468 [main] INFO  resources.base - User has clicked on the Standard Catalog Link from the footer of the page
05:57:59.486 [main] INFO  resources.base - User Have reached the Standard Product page after clicking on the Standard Catalog Link from the footer of the page
05:58:01.336 [main] INFO  resources.base - User has clicked on the All product Link from the footer of the page
05:58:11.365 [main] INFO  resources.base - User Have reached the All Product page after clicking on the Standard Catalog Link from the footer of the page
05:58:23.056 [main] INFO  resources.base - User has clicked on the resources  Link from the footer of the page
05:58:38.081 [main] INFO  resources.base - User Have reached the resources page after clicking on the resources Link from the footer of the page
05:58:46.261 [main] INFO  resources.base - User has clicked on the Special offer Link from the footer of the page
05:58:56.351 [main] INFO  resources.base - User Have reached the Special offer after clicking on the Special offer Link from the footer of the page
05:58:58.324 [main] INFO  resources.base - User has clicked on the Special offer Link from the footer of the page
05:59:08.408 [main] INFO  resources.base - User Have reached the Favorites after clicking on the Favorites Link from the footer of the page
05:59:16.347 [main] INFO  resources.base - User has clicked on the Track button from the header of the page
05:59:16.373 [main] INFO  resources.base - User have reached the Track page after clicking on the Track button from the header of the page
05:59:21.789 [main] INFO  resources.base - User has clicked on the order button from the header of the page
05:59:31.863 [main] INFO  resources.base - User have reached the Order page after clicking on the Order button from the header of the page
05:59:47.775 [main] INFO  resources.base - User has clicked on the Purchase Analysis button from the header of the page
05:59:47.823 [main] INFO  resources.base - User have reached the Purchase Analysis page after clicking on the Purchase Analysis button from the header of the page
05:59:48.192 [main] INFO  resources.base - User have clicked on email icon on purchase analysis Page
05:59:48.431 [main] INFO  resources.base - User have entered the email on email field at purchase analysis Page
05:59:48.701 [main] INFO  resources.base - User have click on Send button at email popup screen at purchase analysis Page
05:59:53.405 [main] INFO  resources.base - User has clicked on the Calendar button from the header of the page
05:59:53.414 [main] INFO  resources.base - User have reached the  Calendar page after clicking on the Calendar button from the header of the page
06:00:08.881 [main] INFO  resources.base - User have reached the expiration report after clicking on the report button from the Calendar page from monthly view tab
06:00:22.003 [main] INFO  resources.base - User have reached the expiration report after clicking on the report button from the Calendar page from Detail view tab
06:00:29.566 [main] INFO  resources.base - User has clicked on the Saved Report icon from the header of the page
06:00:29.581 [main] INFO  resources.base - User have reached the  Saved Report page after clicking on the Saved Report icon from the header of the page
06:00:38.013 [main] INFO  resources.base - user is searching printer using the search textbox
06:01:19.556 [main] INFO  resources.base - User Have Successfully reached the Compare page
06:15:07.079 [main] INFO  resources.base - User Have Successfully Login To The Home Page
06:15:14.344 [main] INFO  resources.base - User Have Successfully reached the favorites Page
06:15:36.156 [main] INFO  resources.base - user is searching printer using the search textbox
06:15:36.168 [main] INFO  resources.base - User Have Successfully reached the printer search listing page
06:15:36.254 [main] INFO  resources.base - Search result data is Appearing on the Search Result Page
06:15:51.132 [main] INFO  resources.base - User Have Successfully reached the PDP Page
06:16:16.360 [main] INFO  resources.base - Recently Viewed Page is Opened
06:16:19.963 [main] INFO  resources.base - User has clicked the Logo from the footer of the page
06:16:19.970 [main] INFO  resources.base - User Have reached the Home Page clicking on the footer Logo
06:16:22.518 [main] INFO  resources.base - User has clicked on the My Profile page from My Account dropdown
06:16:22.537 [main] INFO  resources.base - User has clicked on the My Profile page from My Account dropdown
06:16:25.268 [main] INFO  resources.base - User has clicked on the My Profile page from My Account dropdown
06:16:27.459 [main] INFO  resources.base - User has clicked the Logo from the header of the page
06:16:27.483 [main] INFO  resources.base - User Have reached the Home Page clicking on the Header Logo
06:16:30.746 [main] INFO  resources.base - User has clicked on the Standard Catalog Navigation button from header
06:16:30.777 [main] INFO  resources.base - User Have reached the Standard Catalog Page
06:16:47.678 [main] INFO  resources.base - User has clicked on the 1st Standard Product appearing and reached the PDP Page
06:16:56.407 [main] INFO  resources.base - User has clicked on the All Product Nevigation button from the header
06:16:56.417 [main] INFO  resources.base - User Have reached the All Product Page
06:17:00.428 [main] INFO  resources.base - User has clicked on Audio Cables Category From All Products Page
06:17:00.445 [main] INFO  resources.base - User Have reached the Audio Cables Category Page
06:17:17.418 [main] INFO  resources.base - User has clicked on Resouces link from the header
06:17:17.433 [main] INFO  resources.base - User Have reached the Resources Page
06:17:27.760 [main] INFO  resources.base - User has clicked on Special Offer Link from the header
06:17:27.769 [main] INFO  resources.base - User Have reached the Special Offer Page
06:17:31.814 [main] INFO  resources.base - User has clicked on Cart Icon from the header
06:17:31.849 [main] INFO  resources.base - User Have reached the Shopping Cart Page
06:18:05.185 [main] INFO  resources.base - User has clicked the Logo from the header of the page
06:18:15.229 [main] INFO  resources.base - User Have reached the Home Page clicking on the Header Logo
06:18:18.174 [main] INFO  resources.base - User has clicked the Logo from the footer of the page
06:18:18.199 [main] INFO  resources.base - User Have reached the Home Page clicking on the footer Logo
06:18:21.516 [main] INFO  resources.base - User has clicked on the Standard Catalog Link from the footer of the page
06:18:31.568 [main] INFO  resources.base - User Have reached the Standard Product page after clicking on the Standard Catalog Link from the footer of the page
06:18:34.844 [main] INFO  resources.base - User has clicked on the All product Link from the footer of the page
06:18:44.869 [main] INFO  resources.base - User Have reached the All Product page after clicking on the Standard Catalog Link from the footer of the page
06:18:52.520 [main] INFO  resources.base - User has clicked on the resources  Link from the footer of the page
06:19:07.559 [main] INFO  resources.base - User Have reached the resources page after clicking on the resources Link from the footer of the page
06:19:21.441 [main] INFO  resources.base - User has clicked on the Special offer Link from the footer of the page
06:19:31.542 [main] INFO  resources.base - User Have reached the Special offer after clicking on the Special offer Link from the footer of the page
06:19:34.465 [main] INFO  resources.base - User has clicked on the Special offer Link from the footer of the page
06:19:44.521 [main] INFO  resources.base - User Have reached the Favorites after clicking on the Favorites Link from the footer of the page
06:19:53.032 [main] INFO  resources.base - User has clicked on the Track button from the header of the page
06:19:53.092 [main] INFO  resources.base - User have reached the Track page after clicking on the Track button from the header of the page
06:20:11.564 [main] INFO  resources.base - User has clicked on the order button from the header of the page
06:20:21.641 [main] INFO  resources.base - User have reached the Order page after clicking on the Order button from the header of the page
06:20:36.346 [main] INFO  resources.base - User has clicked on the Purchase Analysis button from the header of the page
06:20:36.606 [main] INFO  resources.base - User have reached the Purchase Analysis page after clicking on the Purchase Analysis button from the header of the page
06:20:36.837 [main] INFO  resources.base - User have clicked on email icon on purchase analysis Page
06:20:37.174 [main] INFO  resources.base - User have entered the email on email field at purchase analysis Page
06:20:37.482 [main] INFO  resources.base - User have click on Send button at email popup screen at purchase analysis Page
06:20:44.143 [main] INFO  resources.base - User has clicked on the Calendar button from the header of the page
06:20:44.165 [main] INFO  resources.base - User have reached the  Calendar page after clicking on the Calendar button from the header of the page
06:21:05.766 [main] INFO  resources.base - User have reached the expiration report after clicking on the report button from the Calendar page from monthly view tab
06:21:38.976 [main] INFO  resources.base - User have reached the expiration report after clicking on the report button from the Calendar page from Detail view tab
06:21:52.219 [main] INFO  resources.base - User has clicked on the Saved Report icon from the header of the page
06:21:52.237 [main] INFO  resources.base - User have reached the  Saved Report page after clicking on the Saved Report icon from the header of the page
06:21:58.208 [main] INFO  resources.base - user is searching printer using the search textbox
06:22:20.310 [main] INFO  resources.base - User Have Successfully reached the Compare page
23:17:10.512 [main] INFO  resources.base - User Have Successfully Login To The Home Page
23:17:16.579 [main] INFO  resources.base - User Have Successfully reached the favorites Page
23:17:35.330 [main] INFO  resources.base - user is searching printer using the search textbox
23:17:35.353 [main] INFO  resources.base - User Have Successfully reached the printer search listing page
23:17:35.432 [main] INFO  resources.base - Search result data is Appearing on the Search Result Page
23:17:45.267 [main] INFO  resources.base - User Have Successfully reached the PDP Page
23:18:26.772 [main] INFO  resources.base - Recently Viewed Page is Opened
23:18:30.076 [main] INFO  resources.base - User has clicked the Logo from the footer of the page
23:18:30.086 [main] INFO  resources.base - User Have reached the Home Page clicking on the footer Logo
23:18:32.855 [main] INFO  resources.base - User has clicked on the My Profile page from My Account dropdown
23:18:32.864 [main] INFO  resources.base - User has clicked on the My Profile page from My Account dropdown
23:18:35.658 [main] INFO  resources.base - User has clicked on the My Profile page from My Account dropdown
23:18:38.125 [main] INFO  resources.base - User has clicked the Logo from the header of the page
23:18:38.143 [main] INFO  resources.base - User Have reached the Home Page clicking on the Header Logo
23:18:41.619 [main] INFO  resources.base - User has clicked on the Standard Catalog Navigation button from header
23:18:41.631 [main] INFO  resources.base - User Have reached the Standard Catalog Page
23:18:59.849 [main] ERROR resources.base - No standard Product found to click
23:18:59.849 [main] ERROR resources.base - expected [HP Officejet Pro 8710 All-in-One - Multifunction printer - MarkITplace] but found [HP LaserJet Pro M402dne - Printer - MarkITplace]
23:19:04.964 [main] INFO  resources.base - User has clicked on the All Product Nevigation button from the header
23:19:04.975 [main] INFO  resources.base - User Have reached the All Product Page
23:19:09.092 [main] INFO  resources.base - User has clicked on Audio Cables Category From All Products Page
23:19:09.102 [main] INFO  resources.base - User Have reached the Audio Cables Category Page
23:19:21.399 [main] INFO  resources.base - User has clicked on Resouces link from the header
23:19:21.408 [main] INFO  resources.base - User Have reached the Resources Page
23:19:30.896 [main] INFO  resources.base - User has clicked on Special Offer Link from the header
23:19:30.908 [main] INFO  resources.base - User Have reached the Special Offer Page
23:19:34.424 [main] INFO  resources.base - User has clicked on Cart Icon from the header
23:19:34.458 [main] INFO  resources.base - User Have reached the Shopping Cart Page
23:19:47.897 [main] INFO  resources.base - User has clicked the Logo from the header of the page
23:19:57.966 [main] INFO  resources.base - User Have reached the Home Page clicking on the Header Logo
23:20:00.812 [main] INFO  resources.base - User has clicked the Logo from the footer of the page
23:20:00.875 [main] INFO  resources.base - User Have reached the Home Page clicking on the footer Logo
23:20:04.113 [main] INFO  resources.base - User has clicked on the Standard Catalog Link from the footer of the page
23:20:14.150 [main] INFO  resources.base - User Have reached the Standard Product page after clicking on the Standard Catalog Link from the footer of the page
23:20:17.017 [main] INFO  resources.base - User has clicked on the All product Link from the footer of the page
23:20:27.057 [main] INFO  resources.base - User Have reached the All Product page after clicking on the Standard Catalog Link from the footer of the page
23:20:33.504 [main] INFO  resources.base - User has clicked on the resources  Link from the footer of the page
23:20:48.531 [main] INFO  resources.base - User Have reached the resources page after clicking on the resources Link from the footer of the page
23:20:54.001 [main] INFO  resources.base - User has clicked on the Special offer Link from the footer of the page
23:21:04.068 [main] INFO  resources.base - User Have reached the Special offer after clicking on the Special offer Link from the footer of the page
23:21:07.568 [main] INFO  resources.base - User has clicked on the Special offer Link from the footer of the page
23:21:17.631 [main] INFO  resources.base - User Have reached the Favorites after clicking on the Favorites Link from the footer of the page
23:21:28.920 [main] INFO  resources.base - User has clicked on the Track button from the header of the page
23:21:29.129 [main] INFO  resources.base - User have reached the Track page after clicking on the Track button from the header of the page
23:21:37.418 [main] INFO  resources.base - User has clicked on the order button from the header of the page
23:21:47.427 [main] INFO  resources.base - User have reached the Order page after clicking on the Order button from the header of the page
23:22:16.277 [main] INFO  resources.base - User has clicked on the Purchase Analysis button from the header of the page
23:22:16.582 [main] INFO  resources.base - User have reached the Purchase Analysis page after clicking on the Purchase Analysis button from the header of the page
23:22:16.898 [main] INFO  resources.base - User have clicked on email icon on purchase analysis Page
23:22:17.143 [main] INFO  resources.base - User have entered the email on email field at purchase analysis Page
23:22:17.469 [main] INFO  resources.base - User have click on Send button at email popup screen at purchase analysis Page
23:22:26.026 [main] INFO  resources.base - User has clicked on the Calendar button from the header of the page
23:22:26.033 [main] INFO  resources.base - User have reached the  Calendar page after clicking on the Calendar button from the header of the page
23:22:40.873 [main] INFO  resources.base - User have reached the expiration report after clicking on the report button from the Calendar page from monthly view tab
23:22:58.759 [main] INFO  resources.base - User have reached the expiration report after clicking on the report button from the Calendar page from Detail view tab
23:23:10.015 [main] INFO  resources.base - User has clicked on the Saved Report icon from the header of the page
23:23:10.028 [main] INFO  resources.base - User have reached the  Saved Report page after clicking on the Saved Report icon from the header of the page
23:23:19.504 [main] INFO  resources.base - user is searching printer using the search textbox
23:23:56.025 [main] INFO  resources.base - User Have Successfully reached the Compare page
10:50:38.520 [main] INFO  resources.base - User Have Successfully Login To The Home Page
10:50:43.833 [main] INFO  resources.base - User Have Successfully reached the favorites Page
10:51:00.317 [main] INFO  resources.base - user is searching printer using the search textbox
10:51:00.326 [main] INFO  resources.base - User Have Successfully reached the printer search listing page
10:51:00.389 [main] INFO  resources.base - Search result data is Appearing on the Search Result Page
10:51:10.973 [main] INFO  resources.base - User Have Successfully reached the PDP Page
10:51:33.648 [main] INFO  resources.base - Recently Viewed Page is Opened
10:51:37.336 [main] INFO  resources.base - User has clicked the Logo from the footer of the page
10:51:37.347 [main] INFO  resources.base - User Have reached the Home Page clicking on the footer Logo
10:51:40.235 [main] INFO  resources.base - User has clicked on the My Profile page from My Account dropdown
10:51:40.249 [main] INFO  resources.base - User has clicked on the My Profile page from My Account dropdown
10:51:42.625 [main] INFO  resources.base - User has clicked on the My Profile page from My Account dropdown
10:51:45.167 [main] INFO  resources.base - User has clicked the Logo from the header of the page
10:51:45.199 [main] INFO  resources.base - User Have reached the Home Page clicking on the Header Logo
10:51:48.130 [main] INFO  resources.base - User has clicked on the Standard Catalog Navigation button from header
10:51:48.159 [main] INFO  resources.base - User Have reached the Standard Catalog Page
10:52:04.026 [main] ERROR resources.base - No standard Product found to click
10:52:04.026 [main] ERROR resources.base - expected [HP Officejet Pro 8710 All-in-One - Multifunction printer - MarkITplace] but found [HP LaserJet Pro M402dne - Printer - MarkITplace]
10:52:12.617 [main] INFO  resources.base - User has clicked on the All Product Nevigation button from the header
10:52:12.628 [main] INFO  resources.base - User Have reached the All Product Page
10:52:25.378 [main] INFO  resources.base - User has clicked on Audio Cables Category From All Products Page
10:52:25.388 [main] INFO  resources.base - User Have reached the Audio Cables Category Page
10:52:40.056 [main] INFO  resources.base - User has clicked on Resouces link from the header
10:52:40.066 [main] INFO  resources.base - User Have reached the Resources Page
10:52:47.829 [main] INFO  resources.base - User has clicked on Special Offer Link from the header
10:52:47.836 [main] INFO  resources.base - User Have reached the Special Offer Page
10:52:51.124 [main] INFO  resources.base - User has clicked on Cart Icon from the header
10:52:51.158 [main] INFO  resources.base - User Have reached the Shopping Cart Page
10:53:04.437 [main] INFO  resources.base - User has clicked the Logo from the header of the page
10:53:14.451 [main] INFO  resources.base - User Have reached the Home Page clicking on the Header Logo
10:53:17.489 [main] INFO  resources.base - User has clicked the Logo from the footer of the page
10:53:17.495 [main] INFO  resources.base - User Have reached the Home Page clicking on the footer Logo
10:53:20.337 [main] INFO  resources.base - User has clicked on the Standard Catalog Link from the footer of the page
10:53:30.353 [main] INFO  resources.base - User Have reached the Standard Product page after clicking on the Standard Catalog Link from the footer of the page
10:53:32.982 [main] INFO  resources.base - User has clicked on the All product Link from the footer of the page
10:53:42.991 [main] INFO  resources.base - User Have reached the All Product page after clicking on the Standard Catalog Link from the footer of the page
10:53:49.670 [main] INFO  resources.base - User has clicked on the resources  Link from the footer of the page
10:54:04.691 [main] INFO  resources.base - User Have reached the resources page after clicking on the resources Link from the footer of the page
10:54:09.974 [main] INFO  resources.base - User has clicked on the Special offer Link from the footer of the page
10:54:19.995 [main] INFO  resources.base - User Have reached the Special offer after clicking on the Special offer Link from the footer of the page
10:54:22.343 [main] INFO  resources.base - User has clicked on the Special offer Link from the footer of the page
10:54:32.363 [main] INFO  resources.base - User Have reached the Favorites after clicking on the Favorites Link from the footer of the page
10:54:40.865 [main] INFO  resources.base - User has clicked on the Track button from the header of the page
10:54:40.905 [main] INFO  resources.base - User have reached the Track page after clicking on the Track button from the header of the page
10:54:47.985 [main] INFO  resources.base - User has clicked on the order button from the header of the page
10:54:58.021 [main] INFO  resources.base - User have reached the Order page after clicking on the Order button from the header of the page
10:55:08.274 [main] INFO  resources.base - User has clicked on the Purchase Analysis button from the header of the page
10:55:08.559 [main] INFO  resources.base - User have reached the Purchase Analysis page after clicking on the Purchase Analysis button from the header of the page
10:55:08.695 [main] INFO  resources.base - User have clicked on email icon on purchase analysis Page
10:55:08.995 [main] INFO  resources.base - User have entered the email on email field at purchase analysis Page
10:55:09.242 [main] INFO  resources.base - User have click on Send button at email popup screen at purchase analysis Page
10:55:14.179 [main] INFO  resources.base - User has clicked on the Calendar button from the header of the page
10:55:14.189 [main] INFO  resources.base - User have reached the  Calendar page after clicking on the Calendar button from the header of the page
10:55:29.107 [main] INFO  resources.base - User have reached the expiration report after clicking on the report button from the Calendar page from monthly view tab
10:55:42.237 [main] INFO  resources.base - User have reached the expiration report after clicking on the report button from the Calendar page from Detail view tab
10:55:46.916 [main] INFO  resources.base - User has clicked on the Saved Report icon from the header of the page
10:55:46.924 [main] INFO  resources.base - User have reached the  Saved Report page after clicking on the Saved Report icon from the header of the page
10:55:50.300 [main] INFO  resources.base - user is searching printer using the search textbox
10:56:11.785 [main] INFO  resources.base - User Have Successfully reached the Compare page
17:11:30.832 [main] ERROR resources.base - User Is Not Being Able To Login
17:11:30.847 [main] ERROR resources.base - expected [Shop - MarkITplace] but found [Standard Products - MarkITplace]
17:11:40.302 [main] INFO  resources.base - User Have Successfully reached the favorites Page
17:12:03.648 [main] INFO  resources.base - user is searching printer using the search textbox
17:12:03.659 [main] INFO  resources.base - User Have Successfully reached the printer search listing page
17:12:03.718 [main] INFO  resources.base - Search result data is Appearing on the Search Result Page
17:12:14.734 [main] INFO  resources.base - User Have Successfully reached the PDP Page
17:12:47.586 [main] INFO  resources.base - Recently Viewed Page is Opened
17:12:50.166 [main] INFO  resources.base - User has clicked the Logo from the footer of the page
17:12:50.233 [main] ERROR resources.base - User not able to reach home clicking on the footer logo
17:12:50.233 [main] ERROR resources.base - expected [Shop - MarkITplace] but found [Standard Products - MarkITplace]
17:12:52.947 [main] INFO  resources.base - User has clicked on the My Profile page from My Account dropdown
17:12:52.997 [main] INFO  resources.base - User has clicked on the My Profile page from My Account dropdown
17:12:55.439 [main] INFO  resources.base - User has clicked on the My Profile page from My Account dropdown
17:12:57.802 [main] INFO  resources.base - User has clicked the Logo from the header of the page
17:12:57.809 [main] ERROR resources.base - User not able to reach home clicking on the header logo
17:12:57.809 [main] ERROR resources.base - expected [Shop - MarkITplace] but found [Standard Products - MarkITplace]
17:13:00.381 [main] INFO  resources.base - User has clicked on the Standard Catalog Navigation button from header
17:13:00.406 [main] INFO  resources.base - User Have reached the Standard Catalog Page
17:13:15.757 [main] INFO  resources.base - User has clicked on the 1st Standard Product appearing and reached the PDP Page
17:13:23.175 [main] INFO  resources.base - User has clicked on the All Product Nevigation button from the header
17:13:23.188 [main] INFO  resources.base - User Have reached the All Product Page
17:13:27.889 [main] INFO  resources.base - User has clicked on Audio Cables Category From All Products Page
17:13:27.898 [main] INFO  resources.base - User Have reached the Audio Cables Category Page
17:13:58.731 [main] INFO  resources.base - User has clicked on Resouces link from the header
17:13:58.767 [main] INFO  resources.base - User Have reached the Resources Page
17:14:08.337 [main] INFO  resources.base - User has clicked on Special Offer Link from the header
17:14:08.344 [main] INFO  resources.base - User Have reached the Special Offer Page
17:14:13.005 [main] INFO  resources.base - User has clicked on Cart Icon from the header
17:14:13.071 [main] INFO  resources.base - User Have reached the Shopping Cart Page
17:14:16.425 [main] INFO  resources.base - User has clicked the Logo from the header of the page
17:14:26.495 [main] ERROR resources.base - User not able to reach home clicking on the header logo
17:14:26.495 [main] ERROR resources.base - expected [Shop - MarkITplace] but found [Standard Products - MarkITplace]
17:14:29.678 [main] INFO  resources.base - User has clicked the Logo from the footer of the page
17:14:29.697 [main] ERROR resources.base - User not able to reach home clicking on the footer logo
17:14:29.697 [main] ERROR resources.base - expected [Shop - MarkITplace] but found [Standard Products - MarkITplace]
17:14:34.965 [main] INFO  resources.base - User has clicked on the Standard Catalog Link from the footer of the page
17:14:44.976 [main] INFO  resources.base - User Have reached the Standard Product page after clicking on the Standard Catalog Link from the footer of the page
17:14:47.691 [main] INFO  resources.base - User has clicked on the All product Link from the footer of the page
17:14:57.745 [main] INFO  resources.base - User Have reached the All Product page after clicking on the Standard Catalog Link from the footer of the page
17:15:05.088 [main] INFO  resources.base - User has clicked on the resources  Link from the footer of the page
17:15:20.098 [main] INFO  resources.base - User Have reached the resources page after clicking on the resources Link from the footer of the page
17:15:27.254 [main] INFO  resources.base - User has clicked on the Special offer Link from the footer of the page
17:15:37.302 [main] INFO  resources.base - User Have reached the Special offer after clicking on the Special offer Link from the footer of the page
17:15:37.435 [main] INFO  resources.base - User has clicked on the Special offer Link from the footer of the page
17:15:47.496 [main] INFO  resources.base - User Have reached the Favorites after clicking on the Favorites Link from the footer of the page
17:16:01.010 [main] INFO  resources.base - User has clicked on the Track button from the header of the page
17:16:01.051 [main] INFO  resources.base - User have reached the Track page after clicking on the Track button from the header of the page
17:16:21.012 [main] INFO  resources.base - User has clicked on the order button from the header of the page
17:16:31.077 [main] INFO  resources.base - User have reached the Order page after clicking on the Order button from the header of the page
17:17:01.736 [main] INFO  resources.base - User has clicked on the Purchase Analysis button from the header of the page
17:17:01.991 [main] INFO  resources.base - User have reached the Purchase Analysis page after clicking on the Purchase Analysis button from the header of the page
17:17:02.192 [main] INFO  resources.base - User have clicked on email icon on purchase analysis Page
17:17:02.424 [main] INFO  resources.base - User have entered the email on email field at purchase analysis Page
17:17:02.692 [main] INFO  resources.base - User have click on Send button at email popup screen at purchase analysis Page
17:17:11.509 [main] INFO  resources.base - User has clicked on the Calendar button from the header of the page
17:17:11.520 [main] INFO  resources.base - User have reached the  Calendar page after clicking on the Calendar button from the header of the page
17:18:52.234 [main] INFO  resources.base - User have reached the expiration report after clicking on the report button from the Calendar page from monthly view tab
17:19:09.469 [main] INFO  resources.base - User have reached the expiration report after clicking on the report button from the Calendar page from Detail view tab
17:19:18.359 [main] INFO  resources.base - User has clicked on the Saved Report icon from the header of the page
17:19:18.366 [main] INFO  resources.base - User have reached the  Saved Report page after clicking on the Saved Report icon from the header of the page
17:19:22.273 [main] INFO  resources.base - user is searching printer using the search textbox
17:19:45.242 [main] INFO  resources.base - User Have Successfully reached the Compare page
02:48:40.827 [main] INFO  resources.base - User Have Successfully Login To The Home Page
02:48:47.992 [main] INFO  resources.base - User Have Successfully reached the favorites Page
02:49:05.073 [main] INFO  resources.base - user is searching printer using the search textbox
02:49:05.095 [main] INFO  resources.base - User Have Successfully reached the printer search listing page
02:49:05.181 [main] INFO  resources.base - Search result data is Appearing on the Search Result Page
02:49:18.267 [main] INFO  resources.base - User Have Successfully reached the PDP Page
02:50:30.833 [main] INFO  resources.base - User has clicked on Resouces link from the header
02:50:30.859 [main] INFO  resources.base - User Have reached the Resources Page
02:50:38.383 [main] INFO  resources.base - User has clicked on Special Offer Link from the header
02:50:38.393 [main] INFO  resources.base - User Have reached the Special Offer Page
02:50:44.795 [main] INFO  resources.base - User has clicked on Cart Icon from the header
02:50:44.812 [main] INFO  resources.base - User Have reached the Shopping Cart Page
02:50:48.405 [main] INFO  resources.base - User has clicked the Logo from the header of the page
02:50:58.466 [main] INFO  resources.base - User Have reached the Home Page clicking on the Header Logo
02:51:01.362 [main] INFO  resources.base - User has clicked the Logo from the footer of the page
02:51:01.421 [main] INFO  resources.base - User Have reached the Home Page clicking on the footer Logo
02:51:03.953 [main] INFO  resources.base - User has clicked on the Standard Catalog Link from the footer of the page
02:51:13.983 [main] INFO  resources.base - User Have reached the Standard Product page after clicking on the Standard Catalog Link from the footer of the page
02:51:19.251 [main] INFO  resources.base - User has clicked on the All product Link from the footer of the page
02:51:29.267 [main] INFO  resources.base - User Have reached the All Product page after clicking on the Standard Catalog Link from the footer of the page
02:51:36.578 [main] INFO  resources.base - User has clicked on the resources  Link from the footer of the page
02:51:51.609 [main] INFO  resources.base - User Have reached the resources page after clicking on the resources Link from the footer of the page
02:51:58.533 [main] INFO  resources.base - User has clicked on the Special offer Link from the footer of the page
02:52:08.623 [main] INFO  resources.base - User Have reached the Special offer after clicking on the Special offer Link from the footer of the page
02:52:11.277 [main] INFO  resources.base - User has clicked on the Special offer Link from the footer of the page
02:52:21.358 [main] INFO  resources.base - User Have reached the Favorites after clicking on the Favorites Link from the footer of the page
02:52:33.659 [main] INFO  resources.base - User has clicked on the Track button from the header of the page
02:52:33.686 [main] INFO  resources.base - User have reached the Track page after clicking on the Track button from the header of the page
02:52:41.159 [main] INFO  resources.base - User has clicked on the order button from the header of the page
02:52:51.222 [main] INFO  resources.base - User have reached the Order page after clicking on the Order button from the header of the page
02:53:05.147 [main] INFO  resources.base - User has clicked on the Purchase Analysis button from the header of the page
02:53:05.212 [main] INFO  resources.base - User have reached the Purchase Analysis page after clicking on the Purchase Analysis button from the header of the page
02:53:05.534 [main] INFO  resources.base - User have clicked on email icon on purchase analysis Page
02:53:05.838 [main] INFO  resources.base - User have entered the email on email field at purchase analysis Page
02:53:06.107 [main] INFO  resources.base - User have click on Send button at email popup screen at purchase analysis Page
02:53:11.837 [main] INFO  resources.base - User has clicked on the Calendar button from the header of the page
02:53:11.855 [main] INFO  resources.base - User have reached the  Calendar page after clicking on the Calendar button from the header of the page
02:53:28.067 [main] INFO  resources.base - User have reached the expiration report after clicking on the report button from the Calendar page from monthly view tab
02:53:41.305 [main] INFO  resources.base - User have reached the expiration report after clicking on the report button from the Calendar page from Detail view tab
02:53:50.988 [main] INFO  resources.base - User has clicked on the Saved Report icon from the header of the page
02:53:50.999 [main] INFO  resources.base - User have reached the  Saved Report page after clicking on the Saved Report icon from the header of the page
02:53:55.057 [main] INFO  resources.base - user is searching printer using the search textbox
02:54:25.234 [main] INFO  resources.base - User Have Successfully reached the Compare page
02:45:45.429 [main] INFO  resources.base - User Have Successfully Login To The Home Page
02:45:52.857 [main] INFO  resources.base - User Have Successfully reached the favorites Page
02:46:11.717 [main] INFO  resources.base - user is searching printer using the search textbox
02:46:11.729 [main] INFO  resources.base - User Have Successfully reached the printer search listing page
02:46:11.778 [main] INFO  resources.base - Search result data is Appearing on the Search Result Page
02:46:25.202 [main] INFO  resources.base - User Have Successfully reached the PDP Page
02:46:52.609 [main] INFO  resources.base - Recently Viewed Page is Opened
02:46:55.740 [main] INFO  resources.base - User has clicked the Logo from the footer of the page
02:46:55.757 [main] INFO  resources.base - User Have reached the Home Page clicking on the footer Logo
02:46:57.932 [main] INFO  resources.base - User has clicked on the My Profile page from My Account dropdown
02:46:57.943 [main] INFO  resources.base - User has clicked on the My Profile page from My Account dropdown
02:47:00.905 [main] INFO  resources.base - User has clicked on the My Profile page from My Account dropdown
02:47:03.834 [main] INFO  resources.base - User has clicked the Logo from the header of the page
02:47:03.851 [main] INFO  resources.base - User Have reached the Home Page clicking on the Header Logo
02:47:08.760 [main] INFO  resources.base - User has clicked on the Standard Catalog Navigation button from header
02:47:08.784 [main] INFO  resources.base - User Have reached the Standard Catalog Page
02:47:23.336 [main] INFO  resources.base - User has clicked on the 1st Standard Product appearing and reached the PDP Page
02:47:33.675 [main] INFO  resources.base - User has clicked on the All Product Nevigation button from the header
02:47:33.683 [main] INFO  resources.base - User Have reached the All Product Page
02:47:39.126 [main] INFO  resources.base - User has clicked on Audio Cables Category From All Products Page
02:47:39.144 [main] INFO  resources.base - User Have reached the Audio Cables Category Page
02:48:12.959 [main] INFO  resources.base - User has clicked on Resouces link from the header
02:48:12.968 [main] INFO  resources.base - User Have reached the Resources Page
02:48:17.900 [main] INFO  resources.base - User has clicked on Special Offer Link from the header
02:48:17.908 [main] INFO  resources.base - User Have reached the Special Offer Page
02:48:23.647 [main] INFO  resources.base - User has clicked on Cart Icon from the header
02:48:23.680 [main] INFO  resources.base - User Have reached the Shopping Cart Page
02:48:27.099 [main] INFO  resources.base - User has clicked the Logo from the header of the page
02:48:37.173 [main] INFO  resources.base - User Have reached the Home Page clicking on the Header Logo
02:48:41.576 [main] INFO  resources.base - User has clicked the Logo from the footer of the page
02:48:41.624 [main] INFO  resources.base - User Have reached the Home Page clicking on the footer Logo
02:48:44.872 [main] INFO  resources.base - User has clicked on the Standard Catalog Link from the footer of the page
