16:10:26.371 [main] INFO  resources.base - User have reached the Track page after clicking on the Track button from the header of the page
16:10:33.156 [main] INFO  resources.base - User has clicked on the order button from the header of the page
16:10:43.172 [main] INFO  resources.base - User have reached the Order page after clicking on the Order button from the header of the page
16:12:15.222 [main] INFO  resources.base - aaaaae
16:12:45.748 [main] INFO  resources.base - User has clicked on the Calendar button from the header of the page
16:12:45.758 [main] INFO  resources.base - User have reached the  Calendar page after clicking on the Calendar button from the header of the page
16:13:27.788 [main] INFO  resources.base - User has clicked on the Saved Report icon from the header of the page
16:13:27.801 [main] INFO  resources.base - User have reached the  Saved Report page after clicking on the Saved Report icon from the header of the page
16:13:35.379 [main] INFO  resources.base - user is searching printer using the search textbox
16:13:45.405 [main] INFO  resources.base - Compare Page not reached
16:30:11.344 [main] INFO  resources.base - User Have Successfully Login To The Home Page
16:30:18.979 [main] INFO  resources.base - User Have Successfully reached the favorites Page
16:30:40.318 [main] INFO  resources.base - user is searching printer using the search textbox
16:30:40.326 [main] INFO  resources.base - User Have Successfully reached the printer search listing page
16:30:55.399 [main] INFO  resources.base - Search result data is Appearing on the Search Result Page
16:30:59.767 [main] INFO  resources.base - User has clicked on Add to Cart on Third Searched Product
16:31:02.473 [main] INFO  resources.base - Product 1 is successfully added to Cart
16:31:02.548 [main] INFO  resources.base - User has closed the Add to Cart Modal after adding 1st product to cart
16:32:01.927 [main] INFO  resources.base - Recently Viewed Page is Opened
16:32:14.675 [main] INFO  resources.base - User has clicked the Logo from the footer of the page
16:32:14.757 [main] INFO  resources.base - User Have reached the Home Page clicking on the footer Logo
16:32:44.580 [main] INFO  resources.base - User has clicked on the My Profile page from My Account dropdown
16:32:44.591 [main] INFO  resources.base - User has clicked on the My Profile page from My Account dropdown
16:33:06.967 [main] INFO  resources.base - User has clicked on the My Profile page from My Account dropdown
16:33:24.897 [main] INFO  resources.base - User has clicked the Logo from the header of the page
16:33:24.917 [main] INFO  resources.base - User Have reached the Home Page clicking on the Header Logo
16:33:54.212 [main] INFO  resources.base - User has clicked on the Standard Catalog Navigation button from header
16:33:54.226 [main] INFO  resources.base - User Have reached the Standard Catalog Page
16:34:40.718 [main] INFO  resources.base - User has clicked on the All Product Nevigation button from the header
16:34:40.725 [main] ERROR resources.base - User have not reached the All Products Page after clicking on the All Product Nevigation button from the header
16:34:40.725 [main] ERROR resources.base - expected [All Products - MarkITplace] but found [Apple Smart - Keyboard and folio case - MarkITplace]
16:45:18.833 [main] INFO  resources.base - User Have Successfully Login To The Home Page
16:45:26.258 [main] INFO  resources.base - User Have Successfully reached the favorites Page
16:45:44.969 [main] INFO  resources.base - user is searching printer using the search textbox
16:45:44.982 [main] INFO  resources.base - User Have Successfully reached the printer search listing page
16:46:00.038 [main] INFO  resources.base - Search result data is Appearing on the Search Result Page
16:46:05.166 [main] INFO  resources.base - User has clicked on Add to Cart on Third Searched Product
16:46:10.420 [main] INFO  resources.base - Product 1 is successfully added to Cart
16:46:10.488 [main] INFO  resources.base - User has closed the Add to Cart Modal after adding 1st product to cart
16:46:25.520 [main] INFO  resources.base - User has clicked on Add to Favorites on First Searched Product
16:46:25.578 [main] ERROR resources.base - Product is not added to favorites
16:46:25.579 [main] ERROR resources.base - no such element: Unable to locate element: {"method":"xpath","selector":"//*[@id='products-content']/div/div[2]/div/div/div[1]/h4"}
  (Session info: chrome=79.0.3945.130)
For documentation on this error, please visit: https://www.seleniumhq.org/exceptions/no_such_element.html
Build info: version: '3.141.59', revision: 'e82be7d358', time: '2018-11-14T08:17:03'
System info: host: 'ARP-260', ip: '10.0.75.1', os.name: 'Windows 10', os.arch: 'amd64', os.version: '10.0', java.version: '1.8.0_231'
Driver info: org.openqa.selenium.chrome.ChromeDriver
Capabilities {acceptInsecureCerts: false, browserName: chrome, browserVersion: 79.0.3945.130, chrome: {chromedriverVersion: 78.0.3904.70 (edb9c9f3de024..., userDataDir: C:\Users\SAIMA~1.TAB\AppDat...}, goog:chromeOptions: {debuggerAddress: localhost:64773}, javascriptEnabled: true, networkConnectionEnabled: false, pageLoadStrategy: normal, platform: XP, platformName: XP, proxy: Proxy(), setWindowRect: true, strictFileInteractability: false, timeouts: {implicit: 0, pageLoad: 300000, script: 30000}, unhandledPromptBehavior: dismiss and notify}
Session ID: 402562a5a767d3aee62233b91c425a5d
*** Element info: {Using=xpath, value=//*[@id='products-content']/div/div[2]/div/div/div[1]/h4}
16:55:10.850 [main] INFO  resources.base - User Have Successfully Login To The Home Page
16:55:19.819 [main] INFO  resources.base - User Have Successfully reached the favorites Page
16:55:41.951 [main] INFO  resources.base - user is searching printer using the search textbox
16:55:41.964 [main] INFO  resources.base - User Have Successfully reached the printer search listing page
16:55:57.035 [main] INFO  resources.base - Search result data is Appearing on the Search Result Page
16:56:00.216 [main] INFO  resources.base - User has clicked on Add to Cart on Third Searched Product
16:56:07.532 [main] INFO  resources.base - Product 1 is successfully added to Cart
16:56:07.610 [main] INFO  resources.base - User has closed the Add to Cart Modal after adding 1st product to cart
16:56:22.642 [main] INFO  resources.base - User has clicked on Add to Favorites on First Searched Product
16:56:22.643 [main] INFO  resources.base - Product is successfully added to favorites
16:58:03.347 [main] INFO  resources.base - User Have Successfully Login To The Home Page
16:58:11.406 [main] INFO  resources.base - User Have Successfully reached the favorites Page
16:58:33.379 [main] INFO  resources.base - user is searching printer using the search textbox
16:58:33.388 [main] INFO  resources.base - User Have Successfully reached the printer search listing page
16:58:48.457 [main] INFO  resources.base - Search result data is Appearing on the Search Result Page
16:58:53.541 [main] INFO  resources.base - User has clicked on Add to Cart on Third Searched Product
16:58:59.819 [main] INFO  resources.base - Product 1 is successfully added to Cart
16:58:59.887 [main] INFO  resources.base - User has closed the Add to Cart Modal after adding 1st product to cart
16:59:14.995 [main] INFO  resources.base - User has clicked on Add to Favorites on First Searched Product
16:59:14.995 [main] INFO  resources.base - Product is successfully added to favorites
17:01:15.245 [main] INFO  resources.base - Recently Viewed Page is Opened
17:01:26.335 [main] INFO  resources.base - User has clicked the Logo from the footer of the page
17:01:26.500 [main] INFO  resources.base - User Have reached the Home Page clicking on the footer Logo
17:01:56.389 [main] INFO  resources.base - User has clicked on the My Profile page from My Account dropdown
17:01:56.400 [main] INFO  resources.base - User has clicked on the My Profile page from My Account dropdown
17:02:20.087 [main] INFO  resources.base - User has clicked on the My Profile page from My Account dropdown
17:02:39.036 [main] INFO  resources.base - User has clicked the Logo from the header of the page
17:02:39.046 [main] INFO  resources.base - User Have reached the Home Page clicking on the Header Logo
17:03:18.706 [main] INFO  resources.base - User has clicked on the Standard Catalog Navigation button from header
17:03:18.714 [main] INFO  resources.base - User Have reached the Standard Catalog Page
17:04:07.138 [main] INFO  resources.base - User has clicked on the All Product Nevigation button from the header
17:04:07.146 [main] ERROR resources.base - User have not reached the All Products Page after clicking on the All Product Nevigation button from the header
17:04:07.146 [main] ERROR resources.base - expected [All Products - MarkITplace] but found [Apple Smart - Keyboard and folio case - MarkITplace]
17:04:44.639 [main] INFO  resources.base - User has clicked on Resouces link from the header
17:04:44.660 [main] INFO  resources.base - User Have reached the Resources Page
17:05:16.784 [main] INFO  resources.base - User has clicked on Special Offer Link from the header
17:05:16.813 [main] INFO  resources.base - User Have reached the Special Offer Page
17:05:32.315 [main] INFO  resources.base - User has clicked on Cart Icon from the header
17:05:32.335 [main] INFO  resources.base - User Have reached the Shopping Cart Page
17:05:35.427 [main] INFO  resources.base - User has clicked on remove link for the 1st product
17:05:40.459 [main] INFO  resources.base - User Have successfull removed the first product
17:07:09.345 [main] INFO  resources.base - element not interactable
  (Session info: chrome=79.0.3945.130)
Build info: version: '3.141.59', revision: 'e82be7d358', time: '2018-11-14T08:17:03'
System info: host: 'ARP-260', ip: '10.0.75.1', os.name: 'Windows 10', os.arch: 'amd64', os.version: '10.0', java.version: '1.8.0_231'
Driver info: org.openqa.selenium.chrome.ChromeDriver
Capabilities {acceptInsecureCerts: false, browserName: chrome, browserVersion: 79.0.3945.130, chrome: {chromedriverVersion: 78.0.3904.70 (edb9c9f3de024..., userDataDir: C:\Users\SAIMA~1.TAB\AppDat...}, goog:chromeOptions: {debuggerAddress: localhost:49861}, javascriptEnabled: true, networkConnectionEnabled: false, pageLoadStrategy: normal, platform: XP, platformName: XP, proxy: Proxy(), setWindowRect: true, strictFileInteractability: false, timeouts: {implicit: 0, pageLoad: 300000, script: 30000}, unhandledPromptBehavior: dismiss and notify}
Session ID: 3bfc160fd7557a0051b21d8cc2276027
17:07:14.350 [main] INFO  resources.base - User have reached the order confirmation page after placing the order
17:07:26.822 [main] INFO  resources.base - User has clicked the Logo from the header of the page
17:07:36.831 [main] INFO  resources.base - User Have reached the Home Page clicking on the Header Logo
17:07:45.420 [main] INFO  resources.base - User has clicked the Logo from the footer of the page
17:07:45.425 [main] INFO  resources.base - User Have reached the Home Page clicking on the footer Logo
17:08:31.545 [main] INFO  resources.base - User has clicked on the All product Link from the footer of the page
17:08:41.555 [main] INFO  resources.base - User Have reached the All Product page after clicking on the Standard Catalog Link from the footer of the page
17:08:53.037 [main] INFO  resources.base - User has clicked on the resources  Link from the footer of the page
17:09:08.141 [main] INFO  resources.base - User Have reached the resources page after clicking on the resources Link from the footer of the page
17:09:19.121 [main] INFO  resources.base - User has clicked on the Special offer Link from the footer of the page
17:09:29.135 [main] INFO  resources.base - User Have reached the Special offer after clicking on the Special offer Link from the footer of the page
17:09:38.015 [main] INFO  resources.base - User has clicked on the Special offer Link from the footer of the page
17:09:48.027 [main] INFO  resources.base - User Have reached the Favorites after clicking on the Favorites Link from the footer of the page
17:09:58.492 [main] INFO  resources.base - User has clicked on the Track button from the header of the page
17:09:58.581 [main] INFO  resources.base - User have reached the Track page after clicking on the Track button from the header of the page
17:10:05.604 [main] INFO  resources.base - User has clicked on the order button from the header of the page
17:10:15.624 [main] INFO  resources.base - User have reached the Order page after clicking on the Order button from the header of the page
17:11:16.049 [main] INFO  resources.base - aaaaae
17:11:42.382 [main] INFO  resources.base - User has clicked on the Calendar button from the header of the page
17:11:42.394 [main] INFO  resources.base - User have reached the  Calendar page after clicking on the Calendar button from the header of the page
17:12:08.781 [main] INFO  resources.base - User has clicked on the Saved Report icon from the header of the page
17:12:08.793 [main] INFO  resources.base - User have reached the  Saved Report page after clicking on the Saved Report icon from the header of the page
17:12:19.135 [main] INFO  resources.base - user is searching printer using the search textbox
17:12:29.154 [main] INFO  resources.base - Compare Page not reached
17:21:02.139 [main] INFO  resources.base - User Have Successfully Login To The Home Page
17:21:09.769 [main] INFO  resources.base - user is searching printer using the search textbox
17:21:19.810 [main] INFO  resources.base - Compare Page not reached
17:28:36.794 [main] INFO  resources.base - User Have Successfully Login To The Home Page
17:28:44.426 [main] INFO  resources.base - user is searching printer using the search textbox
17:28:54.477 [main] INFO  resources.base - Compare Page not reached
17:30:23.044 [main] ERROR resources.base - Search Result not displaying
17:30:23.044 [main] ERROR resources.base - expected [Hp Laptop - MarkITplace] but found [HP Laptop - MarkITplace]
18:04:09.621 [main] INFO  resources.base - User Have Successfully Login To The Home Page
18:04:17.310 [main] INFO  resources.base - User Have Successfully reached the favorites Page
18:06:50.559 [main] ERROR resources.base - Search Result not displaying
18:06:50.562 [main] ERROR resources.base - expected [Hp Laptop - MarkITplace] but found [HP Laptop - MarkITplace]
11:00:53.169 [main] INFO  resources.base - User has Mouse hover on My Account Icon in the header
11:01:02.256 [main] INFO  resources.base - User has clicked on the My Profile page from My Account dropdown
11:01:21.464 [main] INFO  resources.base - User has clicked Edit Profile button
12:47:04.278 [main] INFO  resources.base - User has Mouse hover on My Account Icon in the header
12:47:13.595 [main] INFO  resources.base - User has clicked on the My Profile page from My Account dropdown
12:47:32.880 [main] INFO  resources.base - User has clicked Edit Profile button
15:14:12.006 [main] INFO  resources.base - User Have Successfully Login To The Home Page
15:14:38.087 [main] INFO  resources.base - User has clicked on the Calendar button from the header of the page
15:14:38.103 [main] INFO  resources.base - User have reached the  Calendar page after clicking on the Calendar button from the header of the page
15:20:44.363 [main] INFO  resources.base - User Have Successfully Login To The Home Page
15:21:07.471 [main] INFO  resources.base - User has clicked on the Calendar button from the header of the page
15:21:07.492 [main] INFO  resources.base - User have reached the  Calendar page after clicking on the Calendar button from the header of the page
15:22:17.699 [main] INFO  resources.base - User Have Successfully Login To The Home Page
15:22:40.500 [main] INFO  resources.base - User has clicked on the Calendar button from the header of the page
15:22:40.512 [main] INFO  resources.base - User have reached the  Calendar page after clicking on the Calendar button from the header of the page
15:24:57.532 [main] INFO  resources.base - User Have Successfully Login To The Home Page
15:25:20.439 [main] INFO  resources.base - User has clicked on the Calendar button from the header of the page
15:25:20.449 [main] INFO  resources.base - User have reached the  Calendar page after clicking on the Calendar button from the header of the page
15:28:31.854 [main] INFO  resources.base - User Have Successfully Login To The Home Page
15:28:55.008 [main] INFO  resources.base - User has clicked on the Calendar button from the header of the page
15:28:55.022 [main] INFO  resources.base - User have reached the  Calendar page after clicking on the Calendar button from the header of the page
15:29:55.309 [main] INFO  resources.base - User have reached the expiration report after clicking on the report button from the Calendar page from monthly view tab
15:34:12.983 [main] INFO  resources.base - User Have Successfully Login To The Home Page
15:34:20.709 [main] INFO  resources.base - User Have Successfully reached the favorites Page
15:34:42.659 [main] INFO  resources.base - user is searching printer using the search textbox
15:34:42.678 [main] INFO  resources.base - User Have Successfully reached the printer search listing page
15:34:57.753 [main] INFO  resources.base - Search result data is Appearing on the Search Result Page
15:35:02.646 [main] INFO  resources.base - User has clicked on Add to Cart on Third Searched Product
15:35:05.349 [main] INFO  resources.base - Product 1 is successfully added to Cart
15:35:05.420 [main] INFO  resources.base - User has closed the Add to Cart Modal after adding 1st product to cart
15:35:20.494 [main] INFO  resources.base - User has clicked on Add to Favorites on First Searched Product
15:35:20.494 [main] INFO  resources.base - Product is successfully added to favorites
15:37:21.086 [main] INFO  resources.base - Recently Viewed Page is Opened
15:37:32.559 [main] INFO  resources.base - User has clicked the Logo from the footer of the page
15:37:32.653 [main] INFO  resources.base - User Have reached the Home Page clicking on the footer Logo
15:38:01.957 [main] INFO  resources.base - User has clicked on the My Profile page from My Account dropdown
15:38:01.989 [main] INFO  resources.base - User has clicked on the My Profile page from My Account dropdown
15:38:26.465 [main] INFO  resources.base - User has clicked on the My Profile page from My Account dropdown
15:38:44.327 [main] INFO  resources.base - User has clicked the Logo from the header of the page
15:38:44.335 [main] INFO  resources.base - User Have reached the Home Page clicking on the Header Logo
15:39:14.600 [main] INFO  resources.base - User has clicked on the Standard Catalog Navigation button from header
15:39:14.610 [main] INFO  resources.base - User Have reached the Standard Catalog Page
15:40:36.341 [main] INFO  resources.base - User has clicked on Resouces link from the header
15:40:36.366 [main] INFO  resources.base - User Have reached the Resources Page
15:41:09.475 [main] INFO  resources.base - User has clicked on Special Offer Link from the header
15:41:09.484 [main] INFO  resources.base - User Have reached the Special Offer Page
15:41:24.354 [main] INFO  resources.base - User has clicked on Cart Icon from the header
15:41:24.362 [main] INFO  resources.base - User Have reached the Shopping Cart Page
15:41:27.426 [main] INFO  resources.base - User has clicked on remove link for the 1st product
15:41:32.479 [main] INFO  resources.base - User Have successfull removed the first product
15:43:00.861 [main] INFO  resources.base - element not interactable
  (Session info: chrome=79.0.3945.130)
Build info: version: '3.141.59', revision: 'e82be7d358', time: '2018-11-14T08:17:03'
System info: host: 'ARP-260', ip: '10.0.75.1', os.name: 'Windows 10', os.arch: 'amd64', os.version: '10.0', java.version: '1.8.0_231'
Driver info: org.openqa.selenium.chrome.ChromeDriver
Capabilities {acceptInsecureCerts: false, browserName: chrome, browserVersion: 79.0.3945.130, chrome: {chromedriverVersion: 78.0.3904.70 (edb9c9f3de024..., userDataDir: C:\Users\SAIMA~1.TAB\AppDat...}, goog:chromeOptions: {debuggerAddress: localhost:56883}, javascriptEnabled: true, networkConnectionEnabled: false, pageLoadStrategy: normal, platform: XP, platformName: XP, proxy: Proxy(), setWindowRect: true, strictFileInteractability: false, timeouts: {implicit: 0, pageLoad: 300000, script: 30000}, unhandledPromptBehavior: dismiss and notify}
Session ID: f41159f1ba8f0ca6a4a066cb848c76c4
15:43:05.868 [main] INFO  resources.base - User have reached the order confirmation page after placing the order
15:43:14.099 [main] INFO  resources.base - User has clicked the Logo from the header of the page
15:43:24.133 [main] INFO  resources.base - User Have reached the Home Page clicking on the Header Logo
15:43:32.875 [main] INFO  resources.base - User has clicked the Logo from the footer of the page
15:43:32.903 [main] INFO  resources.base - User Have reached the Home Page clicking on the footer Logo
15:44:18.405 [main] INFO  resources.base - User has clicked on the All product Link from the footer of the page
15:46:10.596 [main] INFO  resources.base - User has clicked on the Track button from the header of the page
15:46:10.719 [main] INFO  resources.base - User have reached the Track page after clicking on the Track button from the header of the page
15:46:17.263 [main] INFO  resources.base - User has clicked on the order button from the header of the page
15:46:27.276 [main] INFO  resources.base - User have reached the Order page after clicking on the Order button from the header of the page
15:47:42.609 [main] INFO  resources.base - aaaaae
15:48:09.205 [main] INFO  resources.base - User has clicked on the Calendar button from the header of the page
15:48:09.222 [main] INFO  resources.base - User have reached the  Calendar page after clicking on the Calendar button from the header of the page
15:49:10.120 [main] INFO  resources.base - User have reached the expiration report after clicking on the report button from the Calendar page from monthly view tab
15:50:04.965 [main] INFO  resources.base - User has clicked on the Saved Report icon from the header of the page
15:50:04.978 [main] INFO  resources.base - User have reached the  Saved Report page after clicking on the Saved Report icon from the header of the page
15:50:12.660 [main] INFO  resources.base - user is searching printer using the search textbox
15:50:22.679 [main] INFO  resources.base - Compare Page not reached
15:54:56.390 [main] INFO  resources.base - User Have Successfully Login To The Home Page
15:55:19.146 [main] INFO  resources.base - User has clicked on the Calendar button from the header of the page
15:55:19.156 [main] INFO  resources.base - User have reached the  Calendar page after clicking on the Calendar button from the header of the page
15:56:20.691 [main] INFO  resources.base - User have reached the expiration report after clicking on the report button from the Calendar page from monthly view tab
15:58:46.102 [main] INFO  resources.base - User Have Successfully Login To The Home Page
15:59:08.803 [main] INFO  resources.base - User has clicked on the Calendar button from the header of the page
15:59:08.814 [main] INFO  resources.base - User have reached the  Calendar page after clicking on the Calendar button from the header of the page
16:00:07.594 [main] INFO  resources.base - User have reached the expiration report after clicking on the report button from the Calendar page from monthly view tab
16:06:46.595 [main] INFO  resources.base - User Have Successfully Login To The Home Page
16:07:09.321 [main] INFO  resources.base - User has clicked on the Calendar button from the header of the page
16:07:09.333 [main] INFO  resources.base - User have reached the  Calendar page after clicking on the Calendar button from the header of the page
16:08:07.869 [main] INFO  resources.base - User have reached the expiration report after clicking on the report button from the Calendar page from monthly view tab
16:09:01.540 [main] INFO  resources.base - User has clicked on the Assets report from Report tab
16:09:11.558 [main] INFO  resources.base - User have reached the assets report after clicking on asset link from report tab
16:09:38.924 [main] INFO  resources.base - User has clicked on the Days To Ship report from Report tab
16:09:38.937 [main] INFO  resources.base - User have reached the Days To Ship report after clicking on Days To Ship link from report tab
16:09:52.833 [main] INFO  resources.base - User has clicked on the Expiration report from Report tab
16:09:57.841 [main] INFO  resources.base - User have reached the Expiration report after clicking on Expiration link from report tab
16:16:40.787 [main] INFO  resources.base - User Have Successfully Login To The Home Page
16:17:07.664 [main] INFO  resources.base - User has clicked on the Calendar button from the header of the page
16:17:07.677 [main] INFO  resources.base - User have reached the  Calendar page after clicking on the Calendar button from the header of the page
16:18:08.417 [main] INFO  resources.base - User have reached the expiration report after clicking on the report button from the Calendar page from monthly view tab
16:19:04.391 [main] INFO  resources.base - User has clicked on the Assets report from Report tab
16:19:14.402 [main] INFO  resources.base - User have reached the assets report after clicking on asset link from report tab
16:19:37.996 [main] INFO  resources.base - User has clicked on the Days To Ship report from Report tab
16:19:38.006 [main] INFO  resources.base - User have reached the Days To Ship report after clicking on Days To Ship link from report tab
16:19:50.989 [main] INFO  resources.base - User has clicked on the Expiration report from Report tab
16:19:56.008 [main] INFO  resources.base - User have reached the Expiration report after clicking on Expiration link from report tab
16:29:22.595 [main] INFO  resources.base - User Have Successfully Login To The Home Page
16:31:12.335 [main] INFO  resources.base - User Have Successfully Login To The Home Page
16:32:07.531 [main] INFO  resources.base - User has clicked on the Assets report from Report tab
16:32:17.542 [main] INFO  resources.base - User have reached the assets report after clicking on asset link from report tab
16:32:47.401 [main] INFO  resources.base - User has clicked on the Days To Ship report from Report tab
16:32:47.416 [main] INFO  resources.base - User have reached the Days To Ship report after clicking on Days To Ship link from report tab
16:33:01.966 [main] INFO  resources.base - User has clicked on the Expiration report from Report tab
16:33:06.978 [main] INFO  resources.base - User have reached the Expiration report after clicking on Expiration link from report tab
16:36:35.357 [main] INFO  resources.base - User Have Successfully Login To The Home Page
16:37:20.078 [main] INFO  resources.base - User has clicked on the Assets report from Report tab
16:37:30.093 [main] INFO  resources.base - User have reached the assets report after clicking on asset link from report tab
16:37:54.501 [main] INFO  resources.base - User has clicked on the Days To Ship report from Report tab
16:37:54.523 [main] INFO  resources.base - User have reached the Days To Ship report after clicking on Days To Ship link from report tab
16:38:07.627 [main] INFO  resources.base - User has clicked on the Expiration report from Report tab
16:38:12.639 [main] INFO  resources.base - User have reached the Expiration report after clicking on Expiration link from report tab
16:39:33.388 [main] INFO  resources.base - User Have Successfully Login To The Home Page
16:40:18.362 [main] INFO  resources.base - User has clicked on the Assets report from Report tab
16:40:28.387 [main] INFO  resources.base - User have reached the assets report after clicking on asset link from report tab
16:40:51.684 [main] INFO  resources.base - User has clicked on the Days To Ship report from Report tab
16:40:51.694 [main] INFO  resources.base - User have reached the Days To Ship report after clicking on Days To Ship link from report tab
16:40:59.500 [main] INFO  resources.base - User has clicked on the Expiration report from Report tab
16:41:33.463 [main] INFO  resources.base - User have reached the Inventory report after clicking on Inventory link from report tab
16:45:15.575 [main] INFO  resources.base - User Have Successfully Login To The Home Page
16:46:03.313 [main] INFO  resources.base - User has clicked on the Assets report from Report tab
16:46:13.324 [main] INFO  resources.base - User have reached the assets report after clicking on asset link from report tab
16:46:36.318 [main] INFO  resources.base - User has clicked on the Days To Ship report from Report tab
16:46:36.346 [main] INFO  resources.base - User have reached the Days To Ship report after clicking on Days To Ship link from report tab
16:46:48.954 [main] INFO  resources.base - User has clicked on the Expiration report from Report tab
16:46:53.968 [main] INFO  resources.base - User have reached the Expiration report after clicking on Expiration link from report tab
16:47:22.694 [main] INFO  resources.base - User have reached the Inventory report after clicking on Inventory link from report tab
16:47:53.106 [main] INFO  resources.base - User has clicked on the Invoices report from Report tab
16:47:53.136 [main] INFO  resources.base - User have reached the Invoices report after clicking on Invoices link from report tab
16:48:23.757 [main] INFO  resources.base - User has clicked on the Invoice Line report from Report tab
16:48:23.763 [main] INFO  resources.base - User have reached the Invoice Line report after clicking on Invoice Line link from report tab
16:48:43.327 [main] INFO  resources.base - User has clicked on the Licenses report from Report tab
16:48:53.344 [main] INFO  resources.base - User have reached the Licenses report after clicking on Licenses link from report tab
16:49:20.088 [main] INFO  resources.base - User has clicked on the Orders report from Report tab
16:49:30.099 [main] INFO  resources.base - User have reached the Orders report after clicking on Orders link from report tab
16:49:51.498 [main] INFO  resources.base - User has clicked on the Order Line report from Report tab
16:50:01.529 [main] INFO  resources.base - User have reached the Order Line report after clicking on Order Line link from report tab
16:50:14.518 [main] INFO  resources.base - User has clicked on the PARs report from Report tab
16:50:52.369 [main] INFO  resources.base - User has clicked on the Quotes report from Report tab
16:51:20.892 [main] INFO  resources.base - User has clicked on the Receiving Log report from Report tab
16:51:30.915 [main] INFO  resources.base - User have reached the Receiving Log report after clicking on Receiving Log link from report tab
16:52:03.577 [main] INFO  resources.base - User has clicked on the Shipments report from Report tab
16:52:03.594 [main] INFO  resources.base - User have reached the Shipments report after clicking on Shipments link from report tab
16:52:34.630 [main] INFO  resources.base - User has clicked on the Shipments report from Report tab
16:52:34.640 [main] INFO  resources.base - User have reached the Standards report after clicking on Standards link from report tab
17:01:38.887 [main] INFO  resources.base - User Have Successfully Login To The Home Page
17:01:47.241 [main] INFO  resources.base - User Have Successfully reached the favorites Page
17:02:13.715 [main] INFO  resources.base - user is searching printer using the search textbox
17:02:13.724 [main] INFO  resources.base - User Have Successfully reached the printer search listing page
17:02:29.091 [main] INFO  resources.base - Search result data is Appearing on the Search Result Page
17:02:34.927 [main] INFO  resources.base - User has clicked on Add to Cart on Third Searched Product
17:02:37.856 [main] INFO  resources.base - Product 1 is successfully added to Cart
17:02:37.945 [main] INFO  resources.base - User has closed the Add to Cart Modal after adding 1st product to cart
17:02:53.160 [main] INFO  resources.base - User has clicked on Add to Favorites on First Searched Product
17:02:53.160 [main] INFO  resources.base - Product is successfully added to favorites
17:04:54.293 [main] INFO  resources.base - Recently Viewed Page is Opened
17:05:06.040 [main] INFO  resources.base - User has clicked the Logo from the footer of the page
17:05:06.047 [main] INFO  resources.base - User Have reached the Home Page clicking on the footer Logo
17:05:35.880 [main] INFO  resources.base - User has clicked on the My Profile page from My Account dropdown
17:05:35.903 [main] INFO  resources.base - User has clicked on the My Profile page from My Account dropdown
17:05:57.725 [main] INFO  resources.base - User has clicked on the My Profile page from My Account dropdown
17:06:16.963 [main] INFO  resources.base - User has clicked the Logo from the header of the page
17:06:16.972 [main] INFO  resources.base - User Have reached the Home Page clicking on the Header Logo
17:06:50.794 [main] INFO  resources.base - User has clicked on the Standard Catalog Navigation button from header
17:06:50.805 [main] INFO  resources.base - User Have reached the Standard Catalog Page
17:08:13.324 [main] INFO  resources.base - User has clicked on Resouces link from the header
17:08:13.340 [main] INFO  resources.base - User Have reached the Resources Page
17:08:45.343 [main] INFO  resources.base - User has clicked on Special Offer Link from the header
17:08:45.354 [main] INFO  resources.base - User Have reached the Special Offer Page
17:09:00.404 [main] INFO  resources.base - User has clicked on Cart Icon from the header
17:09:00.417 [main] INFO  resources.base - User Have reached the Shopping Cart Page
17:09:03.507 [main] INFO  resources.base - User has clicked on remove link for the 1st product
17:09:08.580 [main] INFO  resources.base - User Have successfull removed the first product
17:10:35.950 [main] INFO  resources.base - element not interactable
  (Session info: chrome=79.0.3945.130)
Build info: version: '3.141.59', revision: 'e82be7d358', time: '2018-11-14T08:17:03'
System info: host: 'ARP-260', ip: '10.0.75.1', os.name: 'Windows 10', os.arch: 'amd64', os.version: '10.0', java.version: '1.8.0_231'
Driver info: org.openqa.selenium.chrome.ChromeDriver
Capabilities {acceptInsecureCerts: false, browserName: chrome, browserVersion: 79.0.3945.130, chrome: {chromedriverVersion: 78.0.3904.70 (edb9c9f3de024..., userDataDir: C:\Users\SAIMA~1.TAB\AppDat...}, goog:chromeOptions: {debuggerAddress: localhost:56659}, javascriptEnabled: true, networkConnectionEnabled: false, pageLoadStrategy: normal, platform: XP, platformName: XP, proxy: Proxy(), setWindowRect: true, strictFileInteractability: false, timeouts: {implicit: 0, pageLoad: 300000, script: 30000}, unhandledPromptBehavior: dismiss and notify}
Session ID: 7d5257c1fbc77f7f7631db72e3263175
17:10:40.956 [main] INFO  resources.base - User have reached the order confirmation page after placing the order
17:10:49.782 [main] INFO  resources.base - User has clicked the Logo from the header of the page
17:10:59.793 [main] INFO  resources.base - User Have reached the Home Page clicking on the Header Logo
17:11:08.299 [main] INFO  resources.base - User has clicked the Logo from the footer of the page
17:11:08.475 [main] INFO  resources.base - User Have reached the Home Page clicking on the footer Logo
17:11:53.704 [main] INFO  resources.base - User has clicked on the All product Link from the footer of the page
17:13:36.067 [main] INFO  resources.base - User has clicked on the Track button from the header of the page
17:13:36.165 [main] INFO  resources.base - User have reached the Track page after clicking on the Track button from the header of the page
17:13:42.753 [main] INFO  resources.base - User has clicked on the order button from the header of the page
17:13:52.775 [main] INFO  resources.base - User have reached the Order page after clicking on the Order button from the header of the page
17:15:07.939 [main] INFO  resources.base - aaaaae
17:15:33.869 [main] INFO  resources.base - User has clicked on the Calendar button from the header of the page
17:15:33.879 [main] INFO  resources.base - User have reached the  Calendar page after clicking on the Calendar button from the header of the page
17:16:36.638 [main] INFO  resources.base - User have reached the expiration report after clicking on the report button from the Calendar page from monthly view tab
17:17:40.649 [main] INFO  resources.base - User has clicked on the Assets report from Report tab
17:17:50.662 [main] INFO  resources.base - User have reached the assets report after clicking on asset link from report tab
17:18:18.180 [main] INFO  resources.base - User has clicked on the Days To Ship report from Report tab
17:18:18.203 [main] INFO  resources.base - User have reached the Days To Ship report after clicking on Days To Ship link from report tab
17:18:33.236 [main] INFO  resources.base - User has clicked on the Expiration report from Report tab
17:18:38.262 [main] INFO  resources.base - User have reached the Expiration report after clicking on Expiration link from report tab
17:19:08.382 [main] INFO  resources.base - User have reached the Inventory report after clicking on Inventory link from report tab
17:21:15.266 [main] INFO  resources.base - User Have Successfully Login To The Home Page
17:22:35.981 [main] INFO  resources.base - User Have Successfully Login To The Home Page
17:24:37.681 [main] INFO  resources.base - User Have Successfully Login To The Home Page
17:28:07.462 [main] INFO  resources.base - User Have Successfully Login To The Home Page
17:29:55.432 [main] INFO  resources.base - User Have Successfully Login To The Home Page
17:32:20.042 [main] INFO  resources.base - User Have Successfully Login To The Home Page
17:33:49.732 [main] INFO  resources.base - User Have Successfully Login To The Home Page
17:34:51.424 [main] INFO  resources.base - User has clicked on Audio Cables Category From All Products Page
17:34:51.450 [main] INFO  resources.base - User Have reached the Audio Cables Category Page
11:58:33.705 [main] INFO  resources.base - User Have Successfully Login To The Home Page
11:58:41.437 [main] INFO  resources.base - User Have Successfully reached the favorites Page
11:59:00.498 [main] INFO  resources.base - user is searching printer using the search textbox
11:59:00.511 [main] INFO  resources.base - User Have Successfully reached the printer search listing page
11:59:15.571 [main] INFO  resources.base - Search result data is Appearing on the Search Result Page
11:59:20.213 [main] INFO  resources.base - User has clicked on Add to Cart on Third Searched Product
11:59:23.387 [main] INFO  resources.base - Product 1 is successfully added to Cart
11:59:23.461 [main] INFO  resources.base - User has closed the Add to Cart Modal after adding 1st product to cart
11:59:38.532 [main] INFO  resources.base - User has clicked on Add to Favorites on First Searched Product
11:59:38.532 [main] INFO  resources.base - Product is successfully added to favorites
12:01:38.044 [main] INFO  resources.base - Recently Viewed Page is Opened
12:01:50.053 [main] INFO  resources.base - User has clicked the Logo from the footer of the page
12:01:50.146 [main] INFO  resources.base - User Have reached the Home Page clicking on the footer Logo
12:02:20.403 [main] INFO  resources.base - User has clicked on the My Profile page from My Account dropdown
12:02:20.413 [main] INFO  resources.base - User has clicked on the My Profile page from My Account dropdown
12:02:43.783 [main] INFO  resources.base - User has clicked on the My Profile page from My Account dropdown
12:03:03.377 [main] INFO  resources.base - User has clicked the Logo from the header of the page
12:03:03.383 [main] INFO  resources.base - User Have reached the Home Page clicking on the Header Logo
12:03:38.584 [main] INFO  resources.base - User has clicked on the Standard Catalog Navigation button from header
12:03:38.594 [main] INFO  resources.base - User Have reached the Standard Catalog Page
12:10:30.496 [main] INFO  resources.base - User Have Successfully Login To The Home Page
12:14:01.999 [main] INFO  resources.base - User Have Successfully Login To The Home Page
12:15:18.332 [main] INFO  resources.base - User has clicked on Audio Cables Category From All Products Page
12:15:47.826 [main] INFO  resources.base - User Have Successfully Login To The Home Page
12:16:47.411 [main] INFO  resources.base - User Have Successfully Login To The Home Page
12:17:33.862 [main] INFO  resources.base - User has clicked on Audio Cables Category From All Products Page
13:53:57.467 [main] INFO  resources.base - User Have Successfully Login To The Home Page
13:54:05.217 [main] INFO  resources.base - User Have Successfully reached the favorites Page
15:26:59.943 [main] INFO  resources.base - User has Mouse hover on My Account Icon in the header
15:27:10.520 [main] INFO  resources.base - User has clicked on the My Profile page from My Account dropdown
15:27:30.548 [main] INFO  resources.base - User has clicked Edit Profile button
15:54:59.158 [main] INFO  resources.base - User Have Successfully Login To The Home Page
15:55:07.059 [main] INFO  resources.base - User Have Successfully reached the favorites Page
16:09:59.570 [main] INFO  resources.base - All the Product are already being added to Favorates
13:53:14.840 [main] INFO  resources.base - User Have Successfully Login To The Home Page
13:53:16.331 [main] INFO  resources.base - User Have Successfully reached the favorites Page
13:53:34.006 [main] INFO  resources.base - user is searching printer using the search textbox
13:53:34.039 [main] INFO  resources.base - User Have Successfully reached the printer search listing page
13:53:49.101 [main] INFO  resources.base - Search result data is Appearing on the Search Result Page
13:53:53.038 [main] INFO  resources.base - User has clicked on Add to Cart on Third Searched Product
13:53:57.246 [main] INFO  resources.base - Product 1 is successfully added to Cart
13:53:57.319 [main] INFO  resources.base - User has closed the Add to Cart Modal after adding 1st product to cart
13:54:12.401 [main] INFO  resources.base - User has clicked on Add to Favorites on First Searched Product
13:54:12.401 [main] INFO  resources.base - Product is successfully added to favorites
13:56:08.171 [main] INFO  resources.base - Recently Viewed Page is Opened
13:56:13.163 [main] INFO  resources.base - User has clicked the Logo from the footer of the page
13:56:13.406 [main] INFO  resources.base - User Have reached the Home Page clicking on the footer Logo
13:56:36.668 [main] INFO  resources.base - User has clicked on the My Profile page from My Account dropdown
13:56:36.684 [main] INFO  resources.base - User has clicked on the My Profile page from My Account dropdown
13:56:51.090 [main] INFO  resources.base - User has clicked on the My Profile page from My Account dropdown
13:57:03.473 [main] INFO  resources.base - User has clicked the Logo from the header of the page
13:57:03.483 [main] INFO  resources.base - User Have reached the Home Page clicking on the Header Logo
13:57:10.366 [main] INFO  resources.base - User has clicked on the Standard Catalog Navigation button from header
13:57:10.374 [main] INFO  resources.base - User Have reached the Standard Catalog Page
13:58:14.454 [main] INFO  resources.base - User has clicked on Resouces link from the header
13:58:14.473 [main] INFO  resources.base - User Have reached the Resources Page
13:58:41.587 [main] INFO  resources.base - User has clicked on Special Offer Link from the header
13:58:41.608 [main] INFO  resources.base - User Have reached the Special Offer Page
13:58:51.286 [main] INFO  resources.base - User has clicked on Cart Icon from the header
13:58:51.298 [main] INFO  resources.base - User Have reached the Shopping Cart Page
13:58:54.445 [main] INFO  resources.base - User has clicked on remove link for the 1st product
13:58:59.713 [main] INFO  resources.base - User Have successfull removed the first product
14:00:20.154 [main] INFO  resources.base - element not interactable
  (Session info: chrome=79.0.3945.130)
Build info: version: '3.141.59', revision: 'e82be7d358', time: '2018-11-14T08:17:03'
System info: host: 'ARP-260', ip: '10.0.75.1', os.name: 'Windows 10', os.arch: 'amd64', os.version: '10.0', java.version: '1.8.0_231'
Driver info: org.openqa.selenium.chrome.ChromeDriver
Capabilities {acceptInsecureCerts: false, browserName: chrome, browserVersion: 79.0.3945.130, chrome: {chromedriverVersion: 78.0.3904.70 (edb9c9f3de024..., userDataDir: C:\Users\SAIMA~1.TAB\AppDat...}, goog:chromeOptions: {debuggerAddress: localhost:63057}, javascriptEnabled: true, networkConnectionEnabled: false, pageLoadStrategy: normal, platform: XP, platformName: XP, proxy: Proxy(), setWindowRect: true, strictFileInteractability: false, timeouts: {implicit: 0, pageLoad: 300000, script: 30000}, unhandledPromptBehavior: dismiss and notify}
Session ID: 300ca2f5f72b321f5c681c98697bdcac
14:00:25.160 [main] INFO  resources.base - User have reached the order confirmation page after placing the order
14:00:27.322 [main] INFO  resources.base - User has clicked the Logo from the header of the page
14:00:37.334 [main] INFO  resources.base - User Have reached the Home Page clicking on the Header Logo
14:00:39.718 [main] INFO  resources.base - User has clicked the Logo from the footer of the page
14:00:39.888 [main] INFO  resources.base - User Have reached the Home Page clicking on the footer Logo
14:00:59.018 [main] INFO  resources.base - User has clicked on the All product Link from the footer of the page
14:02:45.603 [main] INFO  resources.base - User has clicked on the Track button from the header of the page
14:02:45.629 [main] INFO  resources.base - User have reached the Track page after clicking on the Track button from the header of the page
14:02:46.260 [main] INFO  resources.base - User has clicked on the order button from the header of the page
14:02:56.275 [main] INFO  resources.base - User have reached the Order page after clicking on the Order button from the header of the page
14:03:58.411 [main] INFO  resources.base - aaaaae
14:04:22.248 [main] INFO  resources.base - User has clicked on the Calendar button from the header of the page
14:04:22.260 [main] INFO  resources.base - User have reached the  Calendar page after clicking on the Calendar button from the header of the page
14:05:12.921 [main] INFO  resources.base - User have reached the expiration report after clicking on the report button from the Calendar page from monthly view tab
14:06:10.000 [main] INFO  resources.base - User has clicked on the Assets report from Report tab
14:06:20.010 [main] INFO  resources.base - User have reached the assets report after clicking on asset link from report tab
14:06:43.680 [main] INFO  resources.base - User has clicked on the Days To Ship report from Report tab
14:06:43.697 [main] INFO  resources.base - User have reached the Days To Ship report after clicking on Days To Ship link from report tab
14:06:50.897 [main] INFO  resources.base - User has clicked on the Expiration report from Report tab
14:06:55.910 [main] INFO  resources.base - User have reached the Expiration report after clicking on Expiration link from report tab
14:07:21.151 [main] INFO  resources.base - User have reached the Inventory report after clicking on Inventory link from report tab
14:07:46.353 [main] INFO  resources.base - User has clicked on the Invoices report from Report tab
14:07:46.376 [main] INFO  resources.base - User have reached the Invoices report after clicking on Invoices link from report tab
14:08:11.847 [main] INFO  resources.base - User has clicked on the Invoice Line report from Report tab
14:08:11.860 [main] INFO  resources.base - User have reached the Invoice Line report after clicking on Invoice Line link from report tab
14:08:26.295 [main] INFO  resources.base - User has clicked on the Licenses report from Report tab
14:08:36.346 [main] INFO  resources.base - User have reached the Licenses report after clicking on Licenses link from report tab
14:08:56.150 [main] INFO  resources.base - User has clicked on the Orders report from Report tab
14:09:06.162 [main] INFO  resources.base - User have reached the Orders report after clicking on Orders link from report tab
14:09:21.345 [main] INFO  resources.base - User has clicked on the Order Line report from Report tab
14:09:31.359 [main] INFO  resources.base - User have reached the Order Line report after clicking on Order Line link from report tab
14:09:38.952 [main] INFO  resources.base - User has clicked on the PARs report from Report tab
14:10:02.536 [main] INFO  resources.base - User has clicked on the Quotes report from Report tab
14:10:24.453 [main] INFO  resources.base - User has clicked on the Receiving Log report from Report tab
14:10:34.496 [main] INFO  resources.base - User have reached the Receiving Log report after clicking on Receiving Log link from report tab
14:11:01.813 [main] INFO  resources.base - User has clicked on the Shipments report from Report tab
14:11:01.847 [main] INFO  resources.base - User have reached the Shipments report after clicking on Shipments link from report tab
14:11:26.269 [main] INFO  resources.base - User has clicked on the Shipments report from Report tab
